2018/05/09 09:48:49:943  https://www.evernote.com/shard/s561/utility getIncentiveEligibility 200 148 55 0.1970760822296143
2018/05/09 11:46:48:806  https://www.evernote.com/shard/s561/communicationengine syncMessages 503 253 679 0.1796860694885254
2018/05/09 11:49:00:679  https://www.evernote.com/shard/s561/utility getTsdEligibility 503 174 679 0.1687709093093872
2018/05/09 12:49:00:745  https://www.evernote.com/shard/s561/utility getTsdEligibility 200 174 111 0.2019360065460205
2018/05/09 19:17:44:406  https://www.evernote.com/edam/user checkVersion xxx 87 0 0.03830099105834961
2018/05/09 19:17:54:899  https://www.evernote.com/shard/s561/notestore getSyncState 200 137 139 0.2271050214767456
2018/05/09 23:47:13:000  https://www.evernote.com/shard/s561/communicationengine syncMessages 200 253 95 0.2062530517578125
2018/05/10 00:34:00:728  https://www.evernote.com/shard/s561/notestore getSyncState 200 137 139 0.249101996421814
2018/05/10 00:34:01:035  https://www.evernote.com/shard/s561/notestore getSyncState 200 137 139 0.1432849168777466
2018/05/10 00:34:01:114  https://www.evernote.com/shard/s561/utility getPromotionStatus 200 308 326 0.4241288900375366
2018/05/10 00:34:01:153  https://www.evernote.com/shard/s561/notestore getSyncStateWithMetrics 200 159 150 0.1106170415878296
2018/05/10 00:34:01:191  https://www.evernote.com/shard/s561/utility getPromotionStatus 200 308 326 0.07570207118988037
2018/05/10 00:34:01:244  https://www.evernote.com/shard/s561/notestore getFilteredSyncChunk 200 227 12448 0.0890430212020874
2018/05/10 00:34:01:268  https://www.evernote.com/shard/s561/utility getPromotionStatus 200 308 326 0.07760703563690186
2018/05/10 00:34:01:479  https://www.evernote.com/shard/s561/utility getScopedGoogleOAuthCredential 200 173 77 0.07417500019073486
2018/05/10 00:34:01:552  https://www.evernote.com/shard/s561/utility getOAuthCredential 200 148 65 0.0719069242477417
2018/05/10 00:34:01:625  https://www.evernote.com/shard/s561/utility getOAuthCredential 200 148 65 0.07306301593780518
2018/05/10 00:34:01:699  https://www.evernote.com/shard/s561/utility getOAuthCredential 200 148 65 0.07360100746154785
2018/05/10 00:34:03:309  https://www.evernote.com/shard/s561/utility getPromotionStatus 200 308 326 0.09553003311157227
2018/05/10 00:34:08:524  https://www.evernote.com/shard/s561/notestore enumerateContentForNotes:andResources:withAuthenticationToken:usingBlock:failureBlock: 200 5122 2198490 4.80048394203186
2018/05/10 00:34:10:291  https://www.evernote.com/shard/s561/notestore enumerateRecoDataForResources:withAuthenticationToken:usingBlock:failureBlock: 200 2660 15894 1.725077033042908
2018/05/10 00:34:33:798  https://www.evernote.com/shard/s561/notestore getSyncState 200 137 139 0.1185189485549927
2018/05/10 00:34:33:915  https://www.evernote.com/shard/s561/notestore getSyncState 200 137 139 0.1153820753097534
2018/05/10 00:34:33:998  https://www.evernote.com/shard/s561/notestore getSyncStateWithMetrics 200 159 150 0.08135592937469482
2018/05/10 00:34:34:080  https://www.evernote.com/shard/s561/notestore getFilteredSyncChunk 200 227 3941 0.0806809663772583
2018/05/10 00:34:34:217  https://www.evernote.com/shard/s561/notestore getNote 200 191 887 0.08110189437866211
2018/05/10 00:34:35:211  https://www.evernote.com/shard/s561/notestore updateNoteIfUsnMatches 200 78308 921 0.9724100828170776
2018/05/10 00:34:35:303  https://www.evernote.com/shard/s561/notestore getSyncStateWithMetrics 200 159 150 0.07381105422973633
2018/05/10 00:34:37:617  https://www.evernote.com/shard/s561/notestore getSyncState 200 137 139 0.1066880226135254
2018/05/10 00:34:37:642  https://www.evernote.com/shard/s561/utility getPromotionStatus 200 308 326 0.1156430244445801
2018/05/10 00:34:37:910  https://www.evernote.com/shard/s561/notestore createNote 200 601 296 0.1307790279388428
2018/05/10 00:34:37:997  https://www.evernote.com/shard/s561/notestore getSyncStateWithMetrics 200 159 150 0.07202804088592529
2018/05/10 00:34:38:075  https://www.evernote.com/shard/s561/notestore getFilteredSyncChunk 200 227 1905 0.07757401466369629
2018/05/10 00:34:38:151  https://www.evernote.com/shard/s561/notestore getSyncStateWithMetrics 200 159 150 0.07045698165893555
2018/05/10 00:34:39:851  https://www.evernote.com/shard/s561/notestore getSyncState 200 137 139 0.07333004474639893
2018/05/10 00:34:39:922  https://www.evernote.com/shard/s561/notestore getSyncStateWithMetrics 200 159 150 0.07069003582000732
2018/05/10 00:34:41:938  https://www.evernote.com/shard/s561/notestore enumerateContentForNotes:andResources:withAuthenticationToken:usingBlock:failureBlock: 200 1646 991748 1.573839068412781
2018/05/10 00:34:42:693  https://www.evernote.com/shard/s561/notestore enumerateRecoDataForResources:withAuthenticationToken:usingBlock:failureBlock: 200 950 9281 0.7210849523544312
2018/05/10 00:34:44:568  https://www.evernote.com/shard/s561/notestore getSyncState 200 137 139 0.07181704044342041
2018/05/10 00:34:44:639  https://www.evernote.com/shard/s561/notestore getSyncStateWithMetrics 200 159 150 0.07125794887542725
2018/05/10 00:35:04:424  https://www.evernote.com/shard/s561/notestore getSyncState 200 137 139 0.07651388645172119
2018/05/10 00:35:04:497  https://www.evernote.com/shard/s561/notestore getSyncStateWithMetrics 200 159 150 0.07213401794433594
2018/05/10 00:35:07:576  https://www.evernote.com/shard/s561/notestore getSyncState 200 137 139 0.07130098342895508
2018/05/10 00:35:13:554  https://www.evernote.com/shard/s561/utility getPromotionStatus 200 308 326 0.07422995567321777
2018/05/10 00:35:37:651  https://www.evernote.com/shard/s561/notestore getSyncState 200 137 139 0.07489097118377686
2018/05/10 00:35:44:359  https://www.evernote.com/shard/s561/utility getPromotionStatus 200 308 326 0.07777190208435059
2018/05/10 00:36:07:069  https://www.evernote.com/shard/s561/notestore getSyncState 200 137 139 0.1509720087051392
2018/05/10 00:36:07:173  https://www.evernote.com/shard/s561/notestore getSyncStateWithMetrics 200 159 150 0.1038520336151123
2018/05/10 00:36:07:721  https://www.evernote.com/shard/s561/notestore getSyncState 200 137 139 0.07001602649688721
2018/05/10 00:36:35:821  https://www.evernote.com/shard/s561/utility getPromotionStatus 200 308 326 0.1139719486236572
2018/05/10 00:36:37:794  https://www.evernote.com/shard/s561/notestore getSyncState 200 137 139 0.07276701927185059
2018/05/10 00:36:37:917  https://www.evernote.com/shard/s561/utility getConfigValuesAsJSON 200 213 103 0.07051408290863037
2018/05/10 00:36:37:989  https://www.evernote.com/shard/s561/utility getConfigValuesAsJSON 200 201 91 0.07147300243377686
2018/05/10 00:36:42:625  https://www.evernote.com/shard/s561/utility getPromotionStatus 200 308 326 0.2311110496520996
2018/05/10 00:36:44:453  https://www.evernote.com/shard/s561/notestore getSyncState 200 137 139 0.07191002368927002
2018/05/10 00:36:44:532  https://www.evernote.com/shard/s561/notestore getNote 200 191 293 0.07851302623748779
2018/05/10 00:36:44:604  https://www.evernote.com/shard/s561/notestore getNoteApplicationData 200 190 171 0.07193601131439209
2018/05/10 00:36:44:776  https://www.evernote.com/shard/s561/notestore updateNoteIfUsnMatches 200 536 272 0.1712539196014404
2018/05/10 00:36:44:855  https://www.evernote.com/shard/s561/notestore getSyncStateWithMetrics 200 159 150 0.07529294490814209
2018/05/10 00:36:44:932  https://www.evernote.com/shard/s561/notestore getFilteredSyncChunk 200 227 296 0.07616794109344482
2018/05/10 00:36:45:008  https://www.evernote.com/shard/s561/notestore getSyncStateWithMetrics 200 159 150 0.07180702686309814
2018/05/10 00:36:48:519  https://www.evernote.com/shard/s561/utility getPromotionStatus 200 308 326 0.07630503177642822
2018/05/10 00:37:07:953  https://www.evernote.com/shard/s561/notestore getSyncState 200 137 139 0.07489001750946045
2018/05/10 00:37:38:122  https://www.evernote.com/shard/s561/notestore getSyncState 200 137 139 0.1110320091247559
2018/05/10 00:37:39:692  https://www.evernote.com/shard/s561/notestore getSyncState 200 137 139 0.1078510284423828
2018/05/10 00:37:39:818  https://www.evernote.com/shard/s561/notestore getNote 200 191 2003 0.1260919570922852
2018/05/10 00:37:40:551  https://www.evernote.com/shard/s561/notestore updateNoteIfUsnMatches 200 137676 743 0.7174431085586548
2018/05/10 00:37:40:677  https://www.evernote.com/shard/s561/notestore getSyncStateWithMetrics 200 159 150 0.1112849712371826
2018/05/10 00:37:40:793  https://www.evernote.com/shard/s561/notestore getFilteredSyncChunk 200 227 1175 0.1151390075683594
2018/05/10 00:37:40:909  https://www.evernote.com/shard/s561/notestore getSyncStateWithMetrics 200 159 150 0.1112819910049438
2018/05/10 00:38:08:227  https://www.evernote.com/shard/s561/notestore getSyncState 200 137 139 0.1053509712219238
2018/05/10 00:38:38:333  https://www.evernote.com/shard/s561/notestore getSyncState 200 137 139 0.1060280799865723
2018/05/10 00:39:08:442  https://www.evernote.com/shard/s561/notestore getSyncState 200 137 139 0.1097309589385986
2018/05/10 00:39:21:846  https://www.evernote.com/shard/s561/utility getPromotionStatus 200 308 326 0.4080610275268555
2018/05/10 00:39:28:045  https://www.evernote.com/shard/s561/utility getPromotionStatus 200 308 326 0.1125839948654175
2018/05/10 00:39:38:548  https://www.evernote.com/shard/s561/notestore getSyncState 200 137 139 0.1062229871749878
2018/05/10 00:39:41:816  https://www.evernote.com/shard/s561/notestore getSyncState 200 137 139 0.1081650257110596
2018/05/10 00:39:41:927  https://www.evernote.com/shard/s561/notestore getNote 200 191 720 0.1111499071121216
2018/05/10 00:39:42:591  https://www.evernote.com/shard/s561/notestore updateNoteIfUsnMatches 200 137679 754 0.6501920223236084
2018/05/10 00:39:42:704  https://www.evernote.com/shard/s561/notestore getSyncStateWithMetrics 200 159 150 0.1075109243392944
2018/05/10 00:39:42:813  https://www.evernote.com/shard/s561/notestore getFilteredSyncChunk 200 227 1186 0.1081329584121704
2018/05/10 00:39:42:922  https://www.evernote.com/shard/s561/notestore getSyncStateWithMetrics 200 159 150 0.1041069030761719
2018/05/10 00:40:08:654  https://www.evernote.com/shard/s561/notestore getSyncState 200 137 139 0.1067310571670532
2018/05/10 00:40:38:765  https://www.evernote.com/shard/s561/notestore getSyncState 200 137 139 0.1106439828872681
2018/05/10 00:40:49:212  https://www.evernote.com/shard/s561/notestore getSyncState 200 137 139 0.1080750226974487
2018/05/10 00:40:49:395  https://www.evernote.com/shard/s561/notestore getNote 200 191 4378 0.1835139989852905
2018/05/10 00:40:51:196  https://www.evernote.com/shard/s561/notestore updateNoteIfUsnMatches 200 215779 2347 1.78133499622345
2018/05/10 00:40:51:320  https://www.evernote.com/shard/s561/notestore getSyncStateWithMetrics 200 159 150 0.109961986541748
2018/05/10 00:40:51:434  https://www.evernote.com/shard/s561/notestore getFilteredSyncChunk 200 227 4379 0.1128690242767334
2018/05/10 00:40:51:546  https://www.evernote.com/shard/s561/notestore getSyncStateWithMetrics 200 159 150 0.1067039966583252
2018/05/10 00:41:08:872  https://www.evernote.com/shard/s561/notestore getSyncState 200 137 139 0.1063950061798096
2018/05/10 00:41:38:979  https://www.evernote.com/shard/s561/notestore getSyncState 200 137 139 0.107416033744812
2018/05/10 00:42:09:089  https://www.evernote.com/shard/s561/notestore getSyncState 200 137 139 0.1094169616699219
2018/05/10 00:42:39:198  https://www.evernote.com/shard/s561/notestore getSyncState 200 137 139 0.1091030836105347
2018/05/10 00:43:09:305  https://www.evernote.com/shard/s561/notestore getSyncState 200 137 139 0.1069819927215576
2018/05/10 00:43:39:416  https://www.evernote.com/shard/s561/notestore getSyncState 200 137 139 0.1103579998016357
2018/05/10 00:44:09:522  https://www.evernote.com/shard/s561/notestore getSyncState 200 137 139 0.1064330339431763
2018/05/10 00:44:39:628  https://www.evernote.com/shard/s561/notestore getSyncState 200 137 139 0.1056400537490845
2018/05/10 00:45:09:710  https://www.evernote.com/shard/s561/notestore getSyncState 200 137 139 0.07853090763092041
2018/05/10 00:45:32:222  https://www.evernote.com/shard/s561/notestore getSyncState 200 137 139 0.07334506511688232
2018/05/10 00:45:32:309  https://www.evernote.com/shard/s561/notestore getNote 200 191 2324 0.08656692504882812
2018/05/10 00:45:33:630  https://www.evernote.com/shard/s561/notestore updateNoteIfUsnMatches 200 128047 1547 1.309038996696472
2018/05/10 00:45:33:764  https://www.evernote.com/shard/s561/notestore getSyncStateWithMetrics 200 159 150 0.1175490617752075
2018/05/10 00:45:33:893  https://www.evernote.com/shard/s561/notestore getFilteredSyncChunk 200 227 2779 0.1278430223464966
2018/05/10 00:45:33:970  https://www.evernote.com/shard/s561/notestore getSyncStateWithMetrics 200 159 150 0.07164692878723145
2018/05/10 00:45:39:815  https://www.evernote.com/shard/s561/notestore getSyncState 200 137 139 0.1058650016784668
2018/05/10 00:46:09:921  https://www.evernote.com/shard/s561/notestore getSyncState 200 137 139 0.1062849760055542
2018/05/10 00:46:40:029  https://www.evernote.com/shard/s561/notestore getSyncState 200 137 139 0.1087909936904907
2018/05/10 11:49:45:358  https://www.evernote.com/shard/s561/communicationengine syncMessages 200 253 95 0.2090519666671753
