2018/05/15 09:35:55:505  https://www.evernote.com/shard/s561/utility checkEnabledFeatures 200 157 70 0.2156559228897095
2018/05/15 09:35:55:579  https://www.evernote.com/shard/s561/utility getConfigValuesAsJSON 200 201 91 0.07129502296447754
2018/05/15 09:35:55:656  https://www.evernote.com/shard/s561/utility checkEnabledFeatures 200 157 70 0.07657992839813232
2018/05/15 09:35:55:747  https://www.evernote.com/shard/s561/utility getIncentiveEligibility 200 148 55 0.08932006359100342
2018/05/15 09:35:55:824  https://www.evernote.com/shard/s561/utility getPromotionStatus 200 341 437 0.07668495178222656
2018/05/15 09:35:55:861  https://www.evernote.com/shard/s561/notestore getSyncState 200 137 139 0.09664106369018555
2018/05/15 09:35:55:931  https://www.evernote.com/shard/s561/notestore getSyncState 200 137 139 0.06881296634674072
2018/05/15 09:35:56:244  https://www.evernote.com/shard/s561/utility getPromotionStatus 200 308 326 0.08020496368408203
2018/05/15 09:35:56:993  https://www.evernote.com/shard/s561/utility getPromotionStatus 200 308 326 0.3099470138549805
2018/05/15 09:35:56:996  https://www.evernote.com/shard/s561/edam/user checkVersion 200 87 29 0.08456695079803467
2018/05/15 09:35:57:061  https://www.evernote.com/shard/s561/notestore getSyncState 200 137 139 0.1498599052429199
2018/05/15 09:35:57:069  https://www.evernote.com/shard/s561/utility getPromotionStatus 200 308 326 0.07522904872894287
2018/05/15 09:35:57:134  https://www.evernote.com/shard/s561/notestore getSyncStateWithMetrics 200 159 150 0.07057702541351318
2018/05/15 09:35:57:505  https://www.evernote.com/shard/s561/utility getOAuthCredential 200 148 65 0.1166200637817383
2018/05/15 09:35:57:671  https://www.evernote.com/shard/s561/communicationengine syncMessages 200 253 95 0.2940930128097534
2018/05/15 09:36:11:944  https://www.evernote.com/shard/s561/notestore getSyncState 200 137 139 0.07150900363922119
2018/05/15 09:36:26:975  https://www.evernote.com/shard/s561/notestore getSyncState 200 137 139 0.1022928953170776
2018/05/15 09:36:41:975  https://www.evernote.com/shard/s561/notestore getSyncState 200 137 139 0.1037219762802124
2018/05/15 09:36:56:974  https://www.evernote.com/shard/s561/notestore getSyncState 200 137 139 0.1033940315246582
2018/05/15 09:37:29:392  https://www.evernote.com/shard/s561/notestore getSyncState 200 137 139 0.111070990562439
2018/05/15 09:37:57:391  https://www.evernote.com/shard/s561/notestore getSyncState 200 137 139 0.1137220859527588
2018/05/15 09:38:59:461  https://www.evernote.com/shard/s561/notestore getSyncState 200 137 139 0.1816409826278687
2018/05/15 09:40:05:455  https://www.evernote.com/shard/s561/notestore getSyncState 200 137 139 0.1814829111099243
2018/05/15 09:40:57:379  https://www.evernote.com/shard/s561/notestore getSyncState 200 137 139 0.107306957244873
2018/05/15 09:50:08:866  https://www.evernote.com/shard/s561/notestore getSyncState 200 137 139 0.1890300512313843
2018/05/15 09:50:16:641  https://www.evernote.com/shard/s561/utility getPromotionStatus 200 308 326 0.1694009304046631
2018/05/15 09:50:36:213  https://www.evernote.com/shard/s561/utility getConfigValuesAsJSON 200 213 103 0.07265901565551758
2018/05/15 09:50:39:520  https://www.evernote.com/shard/s561/utility getPromotionStatus 200 308 326 0.2409060001373291
2018/05/15 09:50:39:608  https://www.evernote.com/shard/s561/notestore getSyncState 200 137 139 0.2013390064239502
2018/05/15 09:50:41:754  https://www.evernote.com/shard/s561/notestore getSyncState 200 137 139 0.06983292102813721
2018/05/15 09:50:41:827  https://www.evernote.com/shard/s561/notestore getNote 200 191 294 0.0727839469909668
2018/05/15 09:50:41:901  https://www.evernote.com/shard/s561/notestore getNoteApplicationData 200 190 171 0.07292795181274414
2018/05/15 09:50:42:208  https://www.evernote.com/shard/s561/notestore updateNoteIfUsnMatches 200 690 273 0.2768760919570923
2018/05/15 09:50:42:293  https://www.evernote.com/shard/s561/notestore getNote 200 191 311 0.07432401180267334
2018/05/15 09:50:42:466  https://www.evernote.com/shard/s561/notestore updateNoteIfUsnMatches 200 4112 345 0.1709730625152588
2018/05/15 09:50:42:542  https://www.evernote.com/shard/s561/notestore getSyncStateWithMetrics 200 159 150 0.06996893882751465
2018/05/15 09:50:42:614  https://www.evernote.com/shard/s561/edam/user getUser 200 132 638 0.07133305072784424
2018/05/15 09:50:42:684  https://www.evernote.com/shard/s561/edam/user getAccountLimits 200 33 143 0.06919395923614502
2018/05/15 09:50:42:756  https://www.evernote.com/shard/s561/edam/user getAccountLimits 200 33 143 0.07218801975250244
2018/05/15 09:50:42:825  https://www.evernote.com/shard/s561/edam/user getAccountLimits 200 33 143 0.06871998310089111
2018/05/15 09:50:42:894  https://www.evernote.com/shard/s561/edam/user getAccountLimits 200 33 143 0.06904995441436768
2018/05/15 09:50:45:178  https://www.evernote.com/shard/s561/notestore getSyncState 200 137 139 0.07072806358337402
2018/05/15 09:50:45:253  https://www.evernote.com/shard/s561/notestore getNote 200 191 747 0.07488894462585449
2018/05/15 09:50:45:569  https://www.evernote.com/shard/s561/notestore updateNoteIfUsnMatches 200 25553 781 0.3113049268722534
2018/05/15 09:50:45:651  https://www.evernote.com/shard/s561/notestore getNote 200 191 465 0.07186102867126465
2018/05/15 09:50:45:874  https://www.evernote.com/shard/s561/notestore updateNoteIfUsnMatches 200 53043 499 0.2123559713363647
2018/05/15 09:50:45:957  https://www.evernote.com/shard/s561/notestore getNote 200 191 410 0.07445001602172852
2018/05/15 09:50:46:154  https://www.evernote.com/shard/s561/notestore updateNoteIfUsnMatches 200 15128 444 0.1947660446166992
2018/05/15 09:50:46:234  https://www.evernote.com/shard/s561/notestore getNote 200 191 330 0.07334399223327637
2018/05/15 09:50:46:559  https://www.evernote.com/shard/s561/notestore updateNoteIfUsnMatches 200 102775 364 0.3164401054382324
2018/05/15 09:50:46:643  https://www.evernote.com/shard/s561/notestore getNote 200 191 346 0.07678008079528809
2018/05/15 09:50:46:874  https://www.evernote.com/shard/s561/notestore updateNoteIfUsnMatches 200 11841 380 0.2283610105514526
2018/05/15 09:50:46:960  https://www.evernote.com/shard/s561/notestore getNote 200 191 238 0.0771028995513916
2018/05/15 09:50:47:095  https://www.evernote.com/shard/s561/notestore updateNoteIfUsnMatches 200 1604 272 0.134207010269165
2018/05/15 09:50:47:176  https://www.evernote.com/shard/s561/notestore getNote 200 191 356 0.07261002063751221
2018/05/15 09:50:47:336  https://www.evernote.com/shard/s561/notestore updateNoteIfUsnMatches 200 12359 390 0.156836986541748
2018/05/15 09:50:47:409  https://www.evernote.com/shard/s561/notestore getSyncStateWithMetrics 200 159 150 0.07022190093994141
2018/05/15 09:50:47:485  https://www.evernote.com/shard/s561/notestore getFilteredSyncChunk 200 227 3815 0.07489895820617676
2018/05/15 09:50:47:570  https://www.evernote.com/shard/s561/notestore getNote 200 191 1366 0.07616496086120605
2018/05/15 09:50:48:658  https://www.evernote.com/shard/s561/notestore updateNoteIfUsnMatches 200 47463 1400 1.079632997512817
2018/05/15 09:50:49:150  https://www.evernote.com/shard/s561/notestore getNote 200 191 1084 0.08045792579650879
2018/05/15 09:50:50:065  https://www.evernote.com/shard/s561/notestore updateNoteIfUsnMatches 200 73525 1118 0.9033900499343872
2018/05/15 09:50:50:186  https://www.evernote.com/shard/s561/notestore getNote 200 191 3363 0.1133689880371094
2018/05/15 09:50:53:847  https://www.evernote.com/shard/s561/notestore updateNoteIfUsnMatches 200 122579 3397 3.646100044250488
2018/05/15 09:50:56:119  https://www.evernote.com/shard/s561/notestore getSyncState 200 137 139 0.07200205326080322
2018/05/15 09:50:56:189  https://www.evernote.com/shard/s561/notestore getSyncStateWithMetrics 200 159 150 0.07016503810882568
2018/05/15 09:50:56:330  https://www.evernote.com/shard/s561/notestore getFilteredSyncChunk 200 227 10589 0.1399680376052856
2018/05/15 09:50:56:422  https://www.evernote.com/shard/s561/notestore getNote 200 191 3464 0.08211600780487061
2018/05/15 09:50:59:000  https://www.evernote.com/shard/s561/notestore updateNoteIfUsnMatches 200 193275 3498 2.560961008071899
2018/05/15 09:50:59:158  https://www.evernote.com/shard/s561/notestore getNote 200 191 11899 0.1485599279403687
2018/05/15 09:51:07:272  https://www.evernote.com/shard/s561/notestore updateNoteIfUsnMatches 200 305716 11933 8.069509029388428
2018/05/15 09:56:33:349  https://www.evernote.com/shard/s561/utility checkEnabledFeatures 200 157 70 0.09964406490325928
2018/05/15 09:56:33:447  https://www.evernote.com/shard/s561/utility checkEnabledFeatures 200 157 70 0.07180297374725342
2018/05/15 09:56:33:524  https://www.evernote.com/shard/s561/utility getIncentiveEligibility 200 148 55 0.07540404796600342
2018/05/15 09:56:33:622  https://www.evernote.com/shard/s561/notestore getSyncState 200 137 139 0.06894993782043457
2018/05/15 09:56:33:697  https://www.evernote.com/shard/s561/notestore getSyncState 200 137 139 0.07433104515075684
2018/05/15 09:56:34:013  https://www.evernote.com/shard/s561/utility getPromotionStatus 200 308 326 0.08409905433654785
2018/05/15 09:56:34:589  https://www.evernote.com/shard/s561/edam/user checkVersion 200 87 29 0.07739400863647461
2018/05/15 09:56:34:644  https://www.evernote.com/shard/s561/notestore getSyncState 200 137 139 0.132498025894165
2018/05/15 09:56:34:699  https://www.evernote.com/shard/s561/communicationengine syncMessages 200 253 95 0.07505202293395996
2018/05/15 09:56:34:723  https://www.evernote.com/shard/s561/notestore getNote 200 191 2193 0.07851207256317139
2018/05/15 09:56:35:073  https://www.evernote.com/shard/s561/notestore updateNoteIfUsnMatches 200 119872 2216 0.3206319808959961
2018/05/15 09:56:35:299  https://www.evernote.com/shard/s561/notestore getNoteContent 200 182 117579 0.2256259918212891
2018/05/15 09:56:35:394  https://www.evernote.com/shard/s561/notestore getNote 200 191 2193 0.07262599468231201
2018/05/15 09:56:36:149  https://www.evernote.com/shard/s561/notestore updateNoteIfUsnMatches 200 119872 2216 0.7339630126953125
2018/05/15 09:56:36:242  https://www.evernote.com/shard/s561/notestore getNote 200 191 3158 0.07328307628631592
2018/05/15 09:56:36:395  https://www.evernote.com/shard/s561/notestore updateNoteIfUsnMatches 200 45727 3181 0.1443439722061157
2018/05/15 09:56:36:757  https://www.evernote.com/shard/s561/notestore getNoteContent 200 182 42469 0.3610908985137939
2018/05/15 09:56:36:856  https://www.evernote.com/shard/s561/notestore getNote 200 191 3158 0.07425689697265625
2018/05/15 09:56:38:758  https://www.evernote.com/shard/s561/notestore updateNoteIfUsnMatches 200 45727 3181 1.892541885375977
2018/05/15 09:56:38:856  https://www.evernote.com/shard/s561/notestore getNote 200 191 909 0.07324600219726562
2018/05/15 09:56:39:105  https://www.evernote.com/shard/s561/notestore updateNoteIfUsnMatches 200 78311 932 0.2373980283737183
2018/05/15 09:56:39:309  https://www.evernote.com/shard/s561/notestore getNoteContent 200 182 77302 0.2040729522705078
2018/05/15 09:56:39:395  https://www.evernote.com/shard/s561/notestore getNote 200 191 909 0.0703350305557251
2018/05/15 09:56:40:053  https://www.evernote.com/shard/s561/notestore updateNoteIfUsnMatches 200 78311 932 0.6449699401855469
2018/05/15 09:56:40:136  https://www.evernote.com/shard/s561/notestore getNote 200 191 1535 0.07309389114379883
2018/05/15 09:56:40:410  https://www.evernote.com/shard/s561/notestore updateNoteIfUsnMatches 200 128050 1558 0.2605109214782715
2018/05/15 09:56:40:571  https://www.evernote.com/shard/s561/notestore getNoteContent 200 182 126415 0.1612899303436279
2018/05/15 09:56:40:664  https://www.evernote.com/shard/s561/notestore getNote 200 191 1535 0.07358300685882568
2018/05/15 09:56:41:755  https://www.evernote.com/shard/s561/notestore updateNoteIfUsnMatches 200 128050 1558 1.078253984451294
2018/05/15 09:56:41:837  https://www.evernote.com/shard/s561/notestore getSyncStateWithMetrics 200 159 150 0.07094800472259521
2018/05/15 09:56:42:011  https://www.evernote.com/shard/s561/notestore getFilteredSyncChunk 200 227 44145 0.1729689836502075
2018/05/15 09:56:42:094  https://www.evernote.com/shard/s561/notestore getSyncStateWithMetrics 200 159 150 0.07037806510925293
2018/05/15 09:56:42:210  https://www.evernote.com/shard/s561/utility getPromotionStatus 200 308 326 0.09958100318908691
2018/05/15 09:56:42:648  https://www.evernote.com/shard/s561/utility getOAuthCredential 200 148 65 0.07130098342895508
2018/05/15 09:56:44:844  https://www.evernote.com/shard/s561/notestore getSyncState 200 137 139 0.07062900066375732
2018/05/15 09:56:44:914  https://www.evernote.com/shard/s561/notestore getSyncStateWithMetrics 200 159 150 0.06989502906799316
2018/05/15 09:56:49:562  https://www.evernote.com/shard/s561/notestore getSyncState 200 137 139 0.07312893867492676
2018/05/15 09:56:49:791  https://www.evernote.com/shard/s561/utility getPromotionStatus 200 308 326 0.0921630859375
2018/05/15 09:56:55:181  https://www.evernote.com/shard/s561/notestore getSyncState 200 137 139 0.06883299350738525
2018/05/15 09:56:55:383  https://www.evernote.com/shard/s561/notestore getSyncState 200 137 139 0.07396507263183594
2018/05/15 09:56:55:458  https://www.evernote.com/shard/s561/notestore getSyncStateWithMetrics 200 159 150 0.0741809606552124
2018/05/15 09:56:55:536  https://www.evernote.com/shard/s561/utility getScopedGoogleOAuthCredential 200 173 77 0.07169795036315918
2018/05/15 09:56:55:606  https://www.evernote.com/shard/s561/utility getOAuthCredential 200 148 65 0.06950199604034424
2018/05/15 09:56:55:676  https://www.evernote.com/shard/s561/utility getOAuthCredential 200 148 65 0.07016599178314209
2018/05/15 09:56:56:927  https://www.evernote.com/shard/s561/notestore getSyncState 200 137 139 0.07117295265197754
2018/05/15 09:56:57:000  https://www.evernote.com/shard/s561/notestore getSyncStateWithMetrics 200 159 150 0.0724029541015625
2018/05/15 09:56:59:385  https://www.evernote.com/shard/s561/notestore getSyncState 200 137 139 0.07007193565368652
2018/05/15 09:56:59:456  https://www.evernote.com/shard/s561/notestore getSyncStateWithMetrics 200 159 150 0.07015395164489746
2018/05/15 09:57:00:651  https://www.evernote.com/shard/s561/notestore getSyncState 200 137 139 0.07077395915985107
2018/05/15 09:57:00:721  https://www.evernote.com/shard/s561/notestore getSyncStateWithMetrics 200 159 150 0.06991291046142578
2018/05/15 09:57:04:559  https://www.evernote.com/shard/s561/notestore getSyncState 200 137 139 0.07061600685119629
2018/05/15 09:57:19:563  https://www.evernote.com/shard/s561/notestore getSyncState 200 137 139 0.07527399063110352
2018/05/15 09:57:25:286  https://www.evernote.com/shard/s561/notestore getSyncState 200 137 139 0.1057230234146118
2018/05/15 09:57:34:593  https://www.evernote.com/shard/s561/notestore getSyncState 200 137 139 0.1057519912719727
2018/05/15 09:57:55:393  https://www.evernote.com/shard/s561/notestore getSyncState 200 137 139 0.1067589521408081
2018/05/15 09:58:04:593  https://www.evernote.com/shard/s561/notestore getSyncState 200 137 139 0.1065140962600708
2018/05/15 09:58:34:589  https://www.evernote.com/shard/s561/notestore getSyncState 200 137 139 0.1038539409637451
2018/05/15 09:58:37:337  https://www.evernote.com/shard/s561/notestore getSyncState 200 137 139 0.1088380813598633
2018/05/15 09:59:07:440  https://www.evernote.com/shard/s561/notestore getSyncState 200 137 139 0.1030730009078979
2018/05/15 09:59:34:591  https://www.evernote.com/shard/s561/notestore getSyncState 200 137 139 0.1068809032440186
2018/05/15 09:59:37:541  https://www.evernote.com/shard/s561/notestore getSyncState 200 137 139 0.1013369560241699
2018/05/15 10:00:34:593  https://www.evernote.com/shard/s561/notestore getSyncState 200 137 139 0.111577033996582
2018/05/15 10:01:15:103  https://www.evernote.com/shard/s561/notestore getSyncState 200 137 139 0.2270350456237793
2018/05/15 10:01:15:554  https://www.evernote.com/shard/s561/utility getPromotionStatus 200 308 326 0.4906229972839355
2018/05/15 10:01:15:660  https://www.evernote.com/shard/s561/utility getPromotionStatus 200 308 326 0.1059188842773438
2018/05/15 10:01:15:732  https://www.evernote.com/shard/s561/utility getPromotionStatus 200 308 326 0.07157301902770996
2018/05/15 10:01:21:315  https://www.evernote.com/shard/s561/utility getPromotionStatus 200 308 326 0.09239494800567627
2018/05/15 10:01:24:572  https://www.evernote.com/shard/s561/utility getPromotionStatus 200 308 326 0.08934605121612549
2018/05/15 10:01:34:551  https://www.evernote.com/shard/s561/notestore getSyncState 200 137 139 0.07195496559143066
2018/05/15 10:01:45:391  https://www.evernote.com/shard/s561/notestore getSyncState 200 137 139 0.07194101810455322
2018/05/15 10:01:59:257  https://www.evernote.com/shard/s561/notestore getSyncState 200 137 139 0.1105170249938965
2018/05/15 10:02:53:142  https://www.evernote.com/shard/s561/notestore getSyncState 200 137 139 0.1715589761734009
