2018/05/24 16:24:09:571  https://www.evernote.com/shard/s561/utility getIncentiveEligibility 200 148 55 0.1192851066589355
2018/05/24 18:22:35:396  https://www.evernote.com/edam/user checkVersion xxx 87 0 0.03329801559448242
2018/05/24 18:22:45:187  https://www.evernote.com/shard/s561/notestore getSyncState 200 137 139 0.2879559993743896
2018/05/24 18:49:12:302  https://www.evernote.com/edam/user checkVersion xxx 87 0 0.0343170166015625
2018/05/24 18:49:18:140  https://www.evernote.com/shard/s561/notestore getSyncState xxx 137 0 0.04051899909973145
2018/05/24 20:13:19:398  https://www.evernote.com/edam/user checkVersion xxx 87 0 0.03352999687194824
2018/05/24 20:13:28:151  https://www.evernote.com/shard/s561/notestore getSyncState xxx 137 0 0.04957199096679688
2018/05/24 21:12:27:400  https://www.evernote.com/edam/user checkVersion xxx 87 0 0.03205299377441406
2018/05/24 21:12:33:198  https://www.evernote.com/shard/s561/notestore getSyncState xxx 137 0 0.03933894634246826
2018/05/24 21:13:02:896  https://www.evernote.com/shard/s561/utility getPromotionStatus 200 308 326 8.877957940101624
2018/05/24 21:13:04:017  https://www.evernote.com/shard/s561/notestore getSyncState 200 137 139 9.688821911811829
2018/05/24 21:13:13:405  https://www.evernote.com/shard/s561/utility getPromotionStatus 200 308 326 10.50822496414185
2018/05/24 21:13:17:742  https://www.evernote.com/shard/s561/utility getPromotionStatus 200 308 326 4.336845993995667
2018/05/24 21:13:20:233  https://www.evernote.com/shard/s561/utility getPromotionStatus 200 308 326 2.491160035133362
2018/05/24 21:13:22:551  https://www.evernote.com/shard/s561/utility getPromotionStatus 200 308 326 2.317179083824158
2018/05/24 21:13:26:133  https://www.evernote.com/shard/s561/utility getPromotionStatus 200 308 326 3.582180976867676
2018/05/24 21:13:27:240  https://www.evernote.com/shard/s561/utility getConfigValuesAsJSON 200 213 103 1.106891989707947
2018/05/24 21:13:27:818  https://www.evernote.com/shard/s561/utility getConfigValuesAsJSON 200 201 91 0.5770260095596313
2018/05/24 21:13:30:780  https://www.evernote.com/shard/s561/utility getPromotionStatus 200 308 326 2.560909986495972
2018/05/24 21:13:35:864  https://www.evernote.com/shard/s561/notestore getSyncState 200 137 139 1.847499012947083
2018/05/24 21:14:15:965  https://www.evernote.com/shard/s561/notestore getSyncState 200 137 139 1.359318971633911
2018/05/24 21:15:12:439  https://www.evernote.com/shard/s561/notestore getSyncState 200 137 139 2.660172939300537
2018/05/24 21:15:43:074  https://www.evernote.com/shard/s561/notestore getSyncState 200 137 139 0.6346520185470581
2018/05/24 21:16:15:631  https://www.evernote.com/shard/s561/notestore getSyncState 200 137 139 2.549957036972046
2018/05/24 21:16:20:188  https://www.evernote.com/shard/s561/notestore getSyncState 200 137 139 0.780095100402832
2018/05/24 21:16:51:170  https://www.evernote.com/shard/s561/notestore getSyncState 200 137 139 0.9818050861358643
2018/05/24 21:17:24:355  https://www.evernote.com/shard/s561/notestore getSyncState 200 137 139 3.185064911842346
2018/05/24 21:24:40:574  https://www.evernote.com/shard/s561/utility getTsdEligibility 200 174 111 1.545328974723816
2018/05/25 04:09:16:402  https://www.evernote.com/edam/user checkVersion xxx 87 0 0.03374195098876953
2018/05/25 04:09:22:039  https://www.evernote.com/shard/s561/notestore getSyncState xxx 137 0 0.03762197494506836
2018/05/25 04:13:23:987  https://www.evernote.com/shard/s561/communicationengine syncMessages 200 253 95 0.2035620212554932
2018/05/25 04:43:16:337  https://www.evernote.com/shard/s561/notestore getSyncState 200 137 139 0.1958589553833008
2018/05/25 04:43:46:409  https://www.evernote.com/shard/s561/notestore getSyncState 200 137 139 0.0715019702911377
2018/05/25 04:43:47:057  https://www.evernote.com/shard/s561/utility getPromotionStatus 200 308 326 0.07491099834442139
2018/05/25 04:43:48:669  https://www.evernote.com/shard/s561/utility getPromotionStatus 200 308 326 0.07131195068359375
2018/05/25 04:44:16:480  https://www.evernote.com/shard/s561/notestore getSyncState 200 137 139 0.07114303112030029
2018/05/25 04:44:46:586  https://www.evernote.com/shard/s561/notestore getSyncState 200 137 139 0.1061190366744995
2018/05/25 04:45:16:922  https://www.evernote.com/shard/s561/notestore getSyncState 200 137 139 0.3354120254516602
2018/05/25 05:17:39:445  https://www.evernote.com/edam/user checkVersion xxx 87 0 0.03488492965698242
2018/05/25 05:17:45:332  https://www.evernote.com/shard/s561/notestore getSyncState xxx 137 0 0.04018604755401611
2018/05/25 05:20:52:170  https://www.evernote.com/shard/s561/notestore getSyncState 200 137 139 0.1923140287399292
2018/05/25 05:20:58:050  https://www.evernote.com/shard/s561/utility getPromotionStatus 200 308 326 0.1716210842132568
2018/05/25 05:21:22:241  https://www.evernote.com/shard/s561/notestore getSyncState 200 137 139 0.070281982421875
2018/05/25 05:21:49:172  https://www.evernote.com/shard/s561/notestore getSyncState 200 137 139 0.1093440055847168
2018/05/25 05:23:49:496  https://www.evernote.com/shard/s561/notestore getSyncState 200 137 139 0.1628021001815796
2018/05/25 05:31:27:544  https://www.evernote.com/shard/s561/notestore getSyncState 200 137 139 0.1844669580459595
2018/05/25 05:33:52:755  https://www.evernote.com/shard/s561/notestore getSyncState 200 137 139 0.1758849620819092
2018/05/25 05:34:51:417  https://www.evernote.com/shard/s561/notestore getSyncState 200 137 139 0.1110609769821167
2018/05/25 05:36:44:517  https://www.evernote.com/shard/s561/notestore getSyncState 200 137 139 0.1759159564971924
2018/05/25 05:37:14:623  https://www.evernote.com/shard/s561/notestore getSyncState 200 137 139 0.1053049564361572
2018/05/25 05:38:38:740  https://www.evernote.com/shard/s561/notestore getSyncState 200 137 139 0.2000700235366821
2018/05/25 05:39:56:580  https://www.evernote.com/shard/s561/notestore getSyncState 200 137 139 0.1784889698028564
2018/05/25 05:41:56:752  https://www.evernote.com/shard/s561/notestore getSyncState 200 137 139 0.175475001335144
2018/05/25 05:42:44:074  https://www.evernote.com/shard/s561/notestore getSyncState 200 137 139 0.1130260229110718
2018/05/25 05:43:14:176  https://www.evernote.com/shard/s561/notestore getSyncState 200 137 139 0.3472809791564941
2018/05/25 05:43:45:082  https://www.evernote.com/shard/s561/notestore getSyncState 200 137 139 0.111535906791687
2018/05/25 05:44:10:177  https://www.evernote.com/shard/s561/notestore getSyncState 200 137 139 0.3403390645980835
2018/05/25 05:44:31:197  https://www.evernote.com/shard/s561/notestore getSyncState 200 137 139 0.1137470006942749
2018/05/25 05:45:18:219  https://www.evernote.com/shard/s561/notestore getSyncState 200 137 139 0.1102020740509033
2018/05/25 05:45:42:343  https://www.evernote.com/shard/s561/notestore getSyncState 200 137 139 0.1145579814910889
2018/05/25 05:46:02:217  https://www.evernote.com/shard/s561/notestore getSyncState 200 137 139 0.1103169918060303
2018/05/25 05:46:23:463  https://www.evernote.com/shard/s561/notestore getSyncState 200 137 139 0.1092250347137451
2018/05/25 05:47:34:804  https://www.evernote.com/shard/s561/notestore getSyncState 200 137 139 0.1873300075531006
2018/05/25 05:49:10:200  https://www.evernote.com/shard/s561/notestore getSyncState 200 137 139 0.1606400012969971
2018/05/25 05:57:22:398  https://www.evernote.com/shard/s561/notestore getSyncState 200 137 139 0.1715370416641235
2018/05/25 05:57:25:956  https://www.evernote.com/shard/s561/utility getPromotionStatus 200 308 326 0.1093260049819946
2018/05/25 05:57:27:777  https://www.evernote.com/shard/s561/utility getPromotionStatus 200 308 326 0.07411098480224609
2018/05/25 05:57:52:471  https://www.evernote.com/shard/s561/notestore getSyncState 200 137 139 0.07349705696105957
2018/05/25 06:03:11:092  https://www.evernote.com/shard/s561/notestore getSyncState 200 137 139 0.1790989637374878
2018/05/25 06:07:39:666  https://www.evernote.com/shard/s561/notestore getSyncState 200 137 139 0.1727319955825806
2018/05/25 06:07:43:854  https://www.evernote.com/shard/s561/utility getPromotionStatus 200 308 326 0.1086549758911133
2018/05/25 06:08:17:899  https://www.evernote.com/shard/s561/notestore getSyncState 200 137 139 0.1121410131454468
2018/05/25 06:08:48:006  https://www.evernote.com/shard/s561/notestore getSyncState 200 137 139 0.1061570644378662
2018/05/25 06:09:18:107  https://www.evernote.com/shard/s561/notestore getSyncState 200 137 139 0.1016119718551636
2018/05/25 06:09:48:209  https://www.evernote.com/shard/s561/notestore getSyncState 200 137 139 0.1016480922698975
2018/05/25 06:10:18:314  https://www.evernote.com/shard/s561/notestore getSyncState 200 137 139 0.1047250032424927
2018/05/25 06:10:48:422  https://www.evernote.com/shard/s561/notestore getSyncState 200 137 139 0.1081250905990601
2018/05/25 06:10:58:761  https://www.evernote.com/shard/s561/notestore getSyncState 200 137 139 0.1119660139083862
2018/05/25 06:11:18:708  https://www.evernote.com/shard/s561/notestore getSyncState 200 137 139 0.1126190423965454
2018/05/25 06:11:34:505  https://www.evernote.com/shard/s561/notestore getSyncState 200 137 139 0.1130260229110718
2018/05/25 06:12:28:763  https://www.evernote.com/shard/s561/notestore getSyncState 200 137 139 0.1574479341506958
2018/05/25 06:12:58:925  https://www.evernote.com/shard/s561/notestore getSyncState 200 137 139 0.1100220680236816
2018/05/25 06:13:21:960  https://www.evernote.com/shard/s561/notestore getSyncState 200 137 139 0.1098790168762207
2018/05/25 06:13:52:074  https://www.evernote.com/shard/s561/notestore getSyncState 200 137 139 0.1145939826965332
2018/05/25 06:14:22:179  https://www.evernote.com/shard/s561/notestore getSyncState 200 137 139 0.1048940420150757
2018/05/25 06:14:52:282  https://www.evernote.com/shard/s561/notestore getSyncState 200 137 139 0.1036500930786133
2018/05/25 06:15:22:392  https://www.evernote.com/shard/s561/notestore getSyncState 200 137 139 0.1096619367599487
2018/05/25 06:15:52:500  https://www.evernote.com/shard/s561/notestore getSyncState 200 137 139 0.1074399948120117
2018/05/25 06:16:22:835  https://www.evernote.com/shard/s561/notestore getSyncState 200 137 139 0.3357909917831421
2018/05/25 06:17:01:292  https://www.evernote.com/shard/s561/notestore getSyncState 200 137 139 0.1873719692230225
2018/05/25 06:17:31:394  https://www.evernote.com/shard/s561/notestore getSyncState 200 137 139 0.1019840240478516
2018/05/25 06:18:01:500  https://www.evernote.com/shard/s561/notestore getSyncState 200 137 139 0.1060360670089722
2018/05/25 06:21:25:287  https://www.evernote.com/shard/s561/notestore getSyncState 200 137 139 0.1727520227432251
2018/05/25 06:21:55:393  https://www.evernote.com/shard/s561/notestore getSyncState 200 137 139 0.1058119535446167
2018/05/25 06:22:25:639  https://www.evernote.com/shard/s561/notestore getSyncState 200 137 139 0.1046230792999268
2018/05/25 06:22:55:745  https://www.evernote.com/shard/s561/notestore getSyncState 200 137 139 0.1056170463562012
2018/05/25 06:23:25:847  https://www.evernote.com/shard/s561/notestore getSyncState 200 137 139 0.1016389131546021
2018/05/25 06:23:55:951  https://www.evernote.com/shard/s561/notestore getSyncState 200 137 139 0.1031919717788696
2018/05/25 06:24:26:058  https://www.evernote.com/shard/s561/notestore getSyncState 200 137 139 0.1075329780578613
2018/05/25 06:24:56:164  https://www.evernote.com/shard/s561/notestore getSyncState 200 137 139 0.1051809787750244
2018/05/25 06:25:26:269  https://www.evernote.com/shard/s561/notestore getSyncState 200 137 139 0.1049669981002808
2018/05/25 06:25:56:381  https://www.evernote.com/shard/s561/notestore getSyncState 200 137 139 0.1126370429992676
2018/05/25 06:26:26:485  https://www.evernote.com/shard/s561/notestore getSyncState 200 137 139 0.1035639047622681
2018/05/25 06:26:56:589  https://www.evernote.com/shard/s561/notestore getSyncState 200 137 139 0.1027839183807373
2018/05/25 06:27:26:695  https://www.evernote.com/shard/s561/notestore getSyncState 200 137 139 0.1062860488891602
2018/05/25 06:27:56:798  https://www.evernote.com/shard/s561/notestore getSyncState 200 137 139 0.102755069732666
2018/05/25 06:28:26:901  https://www.evernote.com/shard/s561/notestore getSyncState 200 137 139 0.1028090715408325
2018/05/25 06:30:06:087  https://www.evernote.com/shard/s561/notestore getSyncState 200 137 139 0.1677020788192749
2018/05/25 07:03:09:486  https://www.evernote.com/edam/user checkVersion 200 87 29 10.10889899730682
2018/05/25 07:03:09:674  https://www.evernote.com/shard/s561/notestore getSyncState 200 137 139 0.1864969730377197
2018/05/25 07:03:14:597  https://www.evernote.com/shard/s561/notestore getSyncState 200 137 139 0.1092879772186279
2018/05/25 07:03:24:097  https://www.evernote.com/shard/s561/notestore getSyncState 200 137 139 0.1078149080276489
2018/05/25 07:03:54:170  https://www.evernote.com/shard/s561/notestore getSyncState 200 137 139 0.07284390926361084
2018/05/25 07:04:24:319  https://www.evernote.com/shard/s561/notestore getSyncState 200 137 139 0.07596302032470703
2018/05/25 07:04:54:391  https://www.evernote.com/shard/s561/notestore getSyncState 200 137 139 0.07188701629638672
2018/05/25 07:05:24:466  https://www.evernote.com/shard/s561/notestore getSyncState 200 137 139 0.07433998584747314
2018/05/25 07:05:54:541  https://www.evernote.com/shard/s561/notestore getSyncState 200 137 139 0.07473397254943848
2018/05/25 07:06:24:614  https://www.evernote.com/shard/s561/notestore getSyncState 200 137 139 0.07282102108001709
2018/05/25 07:06:54:688  https://www.evernote.com/shard/s561/notestore getSyncState 200 137 139 0.07360696792602539
2018/05/25 07:07:24:764  https://www.evernote.com/shard/s561/notestore getSyncState 200 137 139 0.07634294033050537
2018/05/25 07:07:54:836  https://www.evernote.com/shard/s561/notestore getSyncState 200 137 139 0.07085704803466797
2018/05/25 07:08:24:907  https://www.evernote.com/shard/s561/notestore getSyncState 200 137 139 0.07156908512115479
2018/05/25 07:08:54:983  https://www.evernote.com/shard/s561/notestore getSyncState 200 137 139 0.07496094703674316
2018/05/25 07:09:25:054  https://www.evernote.com/shard/s561/notestore getSyncState 200 137 139 0.07111406326293945
2018/05/25 07:09:55:125  https://www.evernote.com/shard/s561/notestore getSyncState 200 137 139 0.0711219310760498
2018/05/25 07:10:25:200  https://www.evernote.com/shard/s561/notestore getSyncState 200 137 139 0.07386100292205811
2018/05/25 07:10:55:275  https://www.evernote.com/shard/s561/notestore getSyncState 200 137 139 0.07402801513671875
2018/05/25 07:11:25:346  https://www.evernote.com/shard/s561/notestore getSyncState 200 137 139 0.07057106494903564
2018/05/25 07:11:55:424  https://www.evernote.com/shard/s561/notestore getSyncState 200 137 139 0.07845306396484375
2018/05/25 07:12:25:496  https://www.evernote.com/shard/s561/notestore getSyncState 200 137 139 0.07096493244171143
2018/05/25 07:12:55:567  https://www.evernote.com/shard/s561/notestore getSyncState 200 137 139 0.0706559419631958
2018/05/25 07:13:25:641  https://www.evernote.com/shard/s561/notestore getSyncState 200 137 139 0.07394897937774658
2018/05/25 07:13:55:715  https://www.evernote.com/shard/s561/notestore getSyncState 200 137 139 0.0741569995880127
2018/05/25 07:14:25:790  https://www.evernote.com/shard/s561/notestore getSyncState 200 137 139 0.07445907592773438
2018/05/25 07:14:55:865  https://www.evernote.com/shard/s561/notestore getSyncState 200 137 139 0.07496094703674316
2018/05/25 07:15:25:939  https://www.evernote.com/shard/s561/notestore getSyncState 200 137 139 0.07341098785400391
2018/05/25 07:15:56:010  https://www.evernote.com/shard/s561/notestore getSyncState 200 137 139 0.0710519552230835
2018/05/25 07:16:26:085  https://www.evernote.com/shard/s561/notestore getSyncState 200 137 139 0.07555294036865234
2018/05/25 07:16:56:157  https://www.evernote.com/shard/s561/notestore getSyncState 200 137 139 0.07272005081176758
2018/05/25 07:16:57:764  https://www.evernote.com/shard/s561/utility getPromotionStatus 200 308 326 0.07958900928497314
2018/05/25 07:17:02:392  https://www.evernote.com/shard/s561/utility getPromotionStatus 200 308 326 0.08755707740783691
2018/05/25 07:17:09:224  https://www.evernote.com/shard/s561/utility getPromotionStatus 200 308 326 0.07464802265167236
2018/05/25 07:17:10:205  https://www.evernote.com/shard/s561/utility getPromotionStatus 200 308 326 0.07265400886535645
2018/05/25 07:17:10:279  https://www.evernote.com/shard/s561/utility getPromotionStatus 200 308 326 0.07370007038116455
2018/05/25 07:17:26:230  https://www.evernote.com/shard/s561/notestore getSyncState 200 137 139 0.0719529390335083
2018/05/25 07:17:56:337  https://www.evernote.com/shard/s561/notestore getSyncState 200 137 139 0.1069780588150024
2018/05/25 07:18:26:440  https://www.evernote.com/shard/s561/notestore getSyncState 200 137 139 0.1032969951629639
2018/05/25 07:18:56:545  https://www.evernote.com/shard/s561/notestore getSyncState 200 137 139 0.1039409637451172
2018/05/25 07:19:26:653  https://www.evernote.com/shard/s561/notestore getSyncState 200 137 139 0.1082950830459595
2018/05/25 07:19:56:759  https://www.evernote.com/shard/s561/notestore getSyncState 200 137 139 0.1051709651947021
2018/05/25 07:20:26:864  https://www.evernote.com/shard/s561/notestore getSyncState 200 137 139 0.1048969030380249
2018/05/25 10:41:01:927  https://www.evernote.com/edam/user checkVersion xxx 87 0 0.03745102882385254
2018/05/25 10:41:07:657  https://www.evernote.com/shard/s561/notestore getSyncState xxx 137 0 0.03759706020355225
2018/05/25 17:29:33:168  https://www.evernote.com/edam/user checkVersion xxx 87 0 0.03537595272064209
2018/05/25 17:29:38:884  https://www.evernote.com/shard/s561/notestore getSyncState xxx 137 0 0.03975594043731689
2018/05/25 17:31:07:992  https://www.evernote.com/shard/s561/communicationengine syncMessages 200 253 95 0.2064920663833618
2018/05/25 22:49:23:864  https://www.evernote.com/edam/user checkVersion xxx 87 0 0.03301000595092773
2018/05/25 22:49:29:524  https://www.evernote.com/shard/s561/notestore getSyncState xxx 137 0 0.03777003288269043
2018/05/25 23:12:39:707  https://www.evernote.com/shard/s561/notestore getSyncState xxx 137 0 0.04164493083953857
2018/05/25 23:12:44:548  https://www.evernote.com/shard/s561/notestore getSyncState xxx 137 0 0.03875398635864258
2018/05/26 07:59:57:916  https://www.evernote.com/edam/user checkVersion xxx 87 0 10.08067893981934
2018/05/26 08:00:04:848  https://www.evernote.com/shard/s561/notestore getSyncState 200 137 139 0.2077720165252686
2018/05/26 08:04:06:106  https://www.evernote.com/shard/s561/communicationengine syncMessages 200 253 95 0.2123119831085205
2018/05/26 09:09:42:339  https://www.evernote.com/shard/s561/notestore getSyncState 200 137 139 0.204037070274353
2018/05/26 09:09:42:923  https://www.evernote.com/shard/s561/utility getPromotionStatus 200 308 326 0.4486309289932251
2018/05/26 09:09:43:033  https://www.evernote.com/shard/s561/utility getPromotionStatus 200 308 326 0.1099799871444702
2018/05/26 09:09:43:108  https://www.evernote.com/shard/s561/utility getPromotionStatus 200 308 326 0.07438600063323975
2018/05/26 09:10:01:234  https://www.evernote.com/shard/s561/utility getPromotionStatus 200 308 326 0.08008301258087158
2018/05/26 09:10:05:248  https://www.evernote.com/shard/s561/utility getPromotionStatus 200 308 326 0.1291550397872925
2018/05/26 09:10:12:800  https://www.evernote.com/shard/s561/notestore getSyncState 200 137 139 0.07661199569702148
2018/05/26 09:10:28:415  https://www.evernote.com/shard/s561/utility getPromotionStatus 200 308 326 0.1482119560241699
2018/05/26 09:10:38:577  https://www.evernote.com/shard/s561/utility getPromotionStatus 200 308 326 0.1009349822998047
2018/05/26 09:10:42:876  https://www.evernote.com/shard/s561/notestore getSyncState 200 137 139 0.07551109790802002
2018/05/26 09:11:19:355  https://www.evernote.com/shard/s561/notestore getSyncState 200 137 139 0.1754180192947388
2018/05/26 09:11:49:463  https://www.evernote.com/shard/s561/notestore getSyncState 200 137 139 0.1084709167480469
2018/05/26 09:12:38:533  https://www.evernote.com/shard/s561/notestore getSyncState 200 137 139 0.3499059677124023
2018/05/26 09:14:04:150  https://www.evernote.com/shard/s561/notestore getSyncState 200 137 139 0.2025099992752075
2018/05/26 09:14:34:225  https://www.evernote.com/shard/s561/notestore getSyncState 200 137 139 0.07609093189239502
2018/05/26 09:15:21:483  https://www.evernote.com/shard/s561/notestore getSyncState 200 137 139 0.1735000610351562
2018/05/26 09:15:33:973  https://www.evernote.com/shard/s561/notestore getSyncState 200 137 139 0.1152520179748535
2018/05/26 09:16:04:083  https://www.evernote.com/shard/s561/notestore getSyncState 200 137 139 0.1093459129333496
2018/05/26 12:47:10:976  https://www.evernote.com/edam/user checkVersion xxx 87 0 10.13344395160675
2018/05/26 12:47:17:790  https://www.evernote.com/shard/s561/notestore getSyncState 200 137 139 0.2078609466552734
2018/05/26 16:13:05:865  https://www.evernote.com/edam/user checkVersion xxx 87 0 0.03476691246032715
2018/05/26 16:13:16:143  https://www.evernote.com/shard/s561/notestore getSyncState 200 137 139 0.2171590328216553
2018/05/26 18:56:27:247  https://www.evernote.com/edam/user checkVersion 200 87 29 10.19369792938232
2018/05/26 18:56:27:379  https://www.evernote.com/shard/s561/notestore getSyncState 200 137 139 0.1320459842681885
2018/05/26 18:56:32:387  https://www.evernote.com/shard/s561/notestore getSyncState 200 137 139 0.1355360746383667
2018/05/26 22:09:16:391  https://www.evernote.com/edam/user checkVersion xxx 87 0 0.03337609767913818
2018/05/26 22:09:22:129  https://www.evernote.com/shard/s561/notestore getSyncState xxx 137 0 0.0390620231628418
2018/05/26 22:12:18:921  https://www.evernote.com/shard/s561/communicationengine syncMessages 200 253 95 0.2613030672073364
