2018/05/11 13:36:55:699  https://www.evernote.com/shard/s561/utility getIncentiveEligibility 503 148 679 0.1465610265731812
2018/05/11 13:53:23:705  https://www.evernote.com/shard/s561/notestore getSyncState 200 137 139 0.2272969484329224
2018/05/11 13:53:23:789  https://www.evernote.com/shard/s561/communicationengine syncMessages 200 297 211 0.2500629425048828
2018/05/11 13:53:24:954  https://www.evernote.com/shard/s561/communicationengine syncMessages 200 359 95 0.1293669939041138
2018/05/11 16:37:04:961  https://www.evernote.com/shard/s561/utility getTsdEligibility 200 174 111 0.2012850046157837
2018/05/11 19:35:46:102  https://www.evernote.com/edam/user checkVersion xxx 87 0 0.03346395492553711
2018/05/11 19:35:51:860  https://www.evernote.com/shard/s561/notestore getSyncState xxx 137 0 0.04013907909393311
2018/05/11 19:49:27:289  https://www.evernote.com/shard/s561/notestore getSyncState 200 137 139 0.215243935585022
2018/05/11 19:49:27:433  https://www.evernote.com/shard/s561/utility getPromotionStatus 200 308 326 0.1189019680023193
2018/05/11 19:49:27:672  https://www.evernote.com/shard/s561/utility getPromotionStatus 200 308 326 0.127081036567688
2018/05/11 19:49:27:749  https://www.evernote.com/shard/s561/utility getPromotionStatus 200 308 326 0.07649195194244385
2018/05/11 20:50:49:868  https://www.evernote.com/edam/user checkVersion xxx 87 0 0.03328001499176025
2018/05/11 20:50:55:600  https://www.evernote.com/shard/s561/notestore getSyncState xxx 137 0 0.04167807102203369
2018/05/12 01:54:19:050  https://www.evernote.com/shard/s561/communicationengine syncMessages 200 253 95 0.2386150360107422
2018/05/12 06:15:17:023  https://www.evernote.com/edam/user checkVersion xxx 87 0 9.953758001327515
2018/05/12 06:15:24:075  https://www.evernote.com/shard/s561/notestore getSyncState 200 137 139 0.2184559106826782
2018/05/12 08:14:20:763  https://www.evernote.com/shard/s561/notestore getSyncState 200 137 139 0.2106369733810425
2018/05/12 08:14:23:822  https://www.evernote.com/shard/s561/utility getPromotionStatus 200 308 326 0.0759739875793457
2018/05/12 08:14:36:615  https://www.evernote.com/shard/s561/communicationengine syncMessages 200 347 95 0.09189391136169434
2018/05/12 08:14:36:722  https://www.evernote.com/shard/s561/communicationengine syncMessages 200 315 95 0.07895207405090332
2018/05/12 08:14:49:491  https://www.evernote.com/shard/s561/utility getPromotionStatus 200 308 326 0.07656598091125488
2018/05/12 08:14:51:226  https://www.evernote.com/shard/s561/notestore getSyncState 200 137 139 0.07213497161865234
2018/05/12 08:15:21:410  https://www.evernote.com/shard/s561/notestore getSyncState 200 137 139 0.0738370418548584
2018/05/12 08:15:51:524  https://www.evernote.com/shard/s561/notestore getSyncState 200 137 139 0.1127029657363892
2018/05/12 08:16:21:632  https://www.evernote.com/shard/s561/notestore getSyncState 200 137 139 0.1078299283981323
2018/05/12 08:16:51:740  https://www.evernote.com/shard/s561/notestore getSyncState 200 137 139 0.1075700521469116
2018/05/12 08:46:39:350  https://www.evernote.com/shard/s561/notestore getSyncState 200 137 139 0.1948720216751099
2018/05/12 08:46:39:528  https://www.evernote.com/shard/s561/utility getPromotionStatus 200 308 326 0.1506779193878174
2018/05/12 08:46:39:766  https://www.evernote.com/shard/s561/utility getPromotionStatus 200 308 326 0.07276499271392822
2018/05/12 08:46:39:840  https://www.evernote.com/shard/s561/utility getPromotionStatus 200 308 326 0.07388103008270264
2018/05/12 08:47:09:755  https://www.evernote.com/shard/s561/notestore getSyncState 200 137 139 0.07450294494628906
2018/05/12 08:47:39:863  https://www.evernote.com/shard/s561/notestore getSyncState 200 137 139 0.1079220771789551
2018/05/12 08:48:09:973  https://www.evernote.com/shard/s561/notestore getSyncState 200 137 139 0.1100980043411255
2018/05/12 08:48:40:314  https://www.evernote.com/shard/s561/notestore getSyncState 200 137 139 0.3401930332183838
2018/05/12 08:49:10:420  https://www.evernote.com/shard/s561/notestore getSyncState 200 137 139 0.1056489944458008
2018/05/12 08:49:40:763  https://www.evernote.com/shard/s561/notestore getSyncState 200 137 139 0.3424060344696045
2018/05/12 08:50:10:899  https://www.evernote.com/shard/s561/notestore getSyncState 200 137 139 0.1139000654220581
2018/05/12 08:50:41:006  https://www.evernote.com/shard/s561/notestore getSyncState 200 137 139 0.1062179803848267
2018/05/12 09:59:42:160  https://www.evernote.com/edam/user checkVersion xxx 87 0 10.31895196437836
2018/05/12 09:59:49:402  https://www.evernote.com/shard/s561/notestore getSyncState 200 137 139 0.2116950750350952
2018/05/12 15:58:19:923  https://www.evernote.com/edam/user checkVersion xxx 87 0 10.0924220085144
2018/05/12 15:58:26:871  https://www.evernote.com/shard/s561/notestore getSyncState 200 137 139 0.2185779809951782
2018/05/12 17:52:11:874  https://www.evernote.com/edam/user checkVersion xxx 87 0 0.03305792808532715
2018/05/12 17:52:22:328  https://www.evernote.com/shard/s561/notestore getSyncState 200 137 139 0.2638990879058838
2018/05/12 19:46:42:369  https://www.evernote.com/edam/user checkVersion xxx 87 0 0.0340501070022583
2018/05/12 19:46:52:191  https://www.evernote.com/shard/s561/notestore getSyncState 200 137 139 4.062206029891968
2018/05/12 20:15:34:539  https://www.evernote.com/shard/s561/communicationengine syncMessages 200 253 95 0.2188910245895386
2018/05/12 20:43:30:862  https://www.evernote.com/edam/user checkVersion xxx 87 0 0.03503203392028809
2018/05/12 20:43:37:604  https://www.evernote.com/shard/s561/notestore getSyncState xxx 137 0 0.03920602798461914
2018/05/12 21:52:13:183  https://www.evernote.com/edam/user checkVersion xxx 87 0 9.824266076087952
2018/05/12 21:52:20:165  https://www.evernote.com/shard/s561/notestore getSyncState 200 137 139 0.2122980356216431
2018/05/13 05:08:31:949  https://www.evernote.com/edam/user checkVersion xxx 87 0 10.12187898159027
2018/05/13 05:08:38:883  https://www.evernote.com/shard/s561/notestore getSyncState 200 137 139 0.2129309177398682
2018/05/13 05:33:13:394  https://www.evernote.com/edam/user checkVersion xxx 87 0 0.03206002712249756
2018/05/13 05:33:22:761  https://www.evernote.com/shard/s561/notestore getSyncState xxx 137 0 0.03882300853729248
