2018/05/26 23:15:50:752  https://www.evernote.com/shard/s561/utility getIncentiveEligibility 200 148 55 0.35657799243927
2018/05/27 03:23:31:062  https://www.evernote.com/edam/user checkVersion xxx 87 0 10.22708797454834
2018/05/27 03:23:37:848  https://www.evernote.com/shard/s561/notestore getSyncState 200 137 139 0.2026718854904175
2018/05/27 05:46:50:974  https://www.evernote.com/edam/user checkVersion xxx 87 0 9.607982993125916
2018/05/27 05:46:57:733  https://www.evernote.com/shard/s561/notestore getSyncState 200 137 139 0.2214579582214355
2018/05/27 07:02:31:397  https://www.evernote.com/edam/user checkVersion xxx 87 0 0.03280091285705566
2018/05/27 07:02:37:032  https://www.evernote.com/shard/s561/notestore getSyncState xxx 137 0 0.03785502910614014
2018/05/27 07:05:11:708  https://www.evernote.com/shard/s561/utility getTsdEligibility 200 174 111 0.1932369470596313
2018/05/27 08:21:34:572  https://www.evernote.com/shard/s561/notestore getSyncState 200 137 139 0.2185940742492676
2018/05/27 08:22:04:680  https://www.evernote.com/shard/s561/notestore getSyncState 200 137 139 0.1078649759292603
2018/05/27 08:22:22:190  https://www.evernote.com/shard/s561/notestore getSyncState 200 137 139 0.1178740262985229
2018/05/27 08:22:57:378  https://www.evernote.com/shard/s561/notestore getSyncState 200 137 139 0.1148970127105713
2018/05/27 08:23:27:514  https://www.evernote.com/shard/s561/notestore getSyncState 200 137 139 0.1068669557571411
2018/05/27 10:53:49:940  https://www.evernote.com/shard/s561/notestore getSyncState xxx 137 0 0.03761804103851318
2018/05/27 10:53:54:537  https://www.evernote.com/shard/s561/notestore getSyncState xxx 137 0 0.03612899780273438
2018/05/27 10:55:21:010  https://www.evernote.com/shard/s561/communicationengine syncMessages 200 253 95 0.2340409755706787
2018/05/27 16:16:12:400  https://www.evernote.com/edam/user checkVersion xxx 87 0 0.03347396850585938
2018/05/27 16:16:19:189  https://www.evernote.com/shard/s561/notestore getSyncState xxx 137 0 0.03849804401397705
2018/05/27 18:09:55:397  https://www.evernote.com/edam/user checkVersion xxx 87 0 0.03260302543640137
2018/05/27 18:10:02:437  https://www.evernote.com/shard/s561/notestore getSyncState xxx 137 0 0.03733599185943604
2018/05/27 20:03:59:923  https://www.evernote.com/edam/user checkVersion xxx 87 0 0.03438401222229004
2018/05/27 20:04:05:613  https://www.evernote.com/shard/s561/notestore getSyncState xxx 137 0 0.037742018699646
2018/05/27 21:05:52:389  https://www.evernote.com/edam/user checkVersion xxx 87 0 0.03256499767303467
2018/05/27 21:06:00:146  https://www.evernote.com/shard/s561/notestore getSyncState xxx 137 0 0.04232501983642578
2018/05/27 22:58:52:793  https://www.evernote.com/shard/s561/communicationengine syncMessages 200 253 95 0.2155469655990601
2018/05/28 05:15:30:627  https://www.evernote.com/edam/user checkVersion xxx 87 0 10.31849694252014
2018/05/28 05:15:36:787  https://www.evernote.com/shard/s561/notestore getSyncState 200 137 139 0.2467910051345825
2018/05/28 06:50:23:195  https://www.evernote.com/edam/user checkVersion xxx 87 0 0.03253495693206787
2018/05/28 06:50:29:013  https://www.evernote.com/shard/s561/notestore getSyncState xxx 137 0 0.03717899322509766
2018/05/28 12:35:21:868  https://www.evernote.com/edam/user checkVersion xxx 87 0 0.03385508060455322
2018/05/28 12:35:27:526  https://www.evernote.com/shard/s561/notestore getSyncState xxx 137 0 0.04117798805236816
2018/05/28 12:36:56:828  https://www.evernote.com/shard/s561/communicationengine syncMessages 200 253 95 0.2058069705963135
2018/05/28 14:08:50:420  https://www.evernote.com/edam/user checkVersion xxx 87 0 0.040863037109375
2018/05/28 14:08:56:183  https://www.evernote.com/shard/s561/notestore getSyncState xxx 137 0 0.03787791728973389
2018/05/28 15:42:21:865  https://www.evernote.com/edam/user checkVersion xxx 87 0 0.03596699237823486
2018/05/28 15:42:27:658  https://www.evernote.com/shard/s561/notestore getSyncState xxx 137 0 0.04071605205535889
2018/05/28 21:49:47:965  https://www.evernote.com/edam/user checkVersion xxx 87 0 0.03165602684020996
2018/05/28 21:49:54:646  https://www.evernote.com/shard/s561/notestore getSyncState xxx 137 0 0.03843200206756592
2018/05/28 22:20:46:406  https://www.evernote.com/edam/user checkVersion xxx 87 0 0.03409206867218018
2018/05/28 22:20:52:190  https://www.evernote.com/shard/s561/notestore getSyncState xxx 137 0 0.03884303569793701
