2018/05/10 12:22:20:922  https://www.evernote.com/shard/s561/utility getIncentiveEligibility 200 148 55 1.313161015510559
2018/05/10 14:34:42:109  https://www.evernote.com/edam/user checkVersion xxx 87 0 0.03200900554656982
2018/05/10 14:34:52:382  https://www.evernote.com/shard/s561/notestore getSyncState 200 137 139 0.275967001914978
2018/05/10 16:16:10:379  https://www.evernote.com/shard/s561/utility getTsdEligibility 200 174 111 0.2125439643859863
2018/05/10 19:08:09:398  https://www.evernote.com/edam/user checkVersion xxx 87 0 0.03200602531433105
2018/05/10 19:08:15:202  https://www.evernote.com/shard/s561/notestore getSyncState xxx 137 0 0.03750002384185791
2018/05/10 19:51:45:932  https://www.evernote.com/edam/user checkVersion xxx 87 0 0.0326240062713623
2018/05/10 19:51:51:662  https://www.evernote.com/shard/s561/notestore getSyncState xxx 137 0 0.03856098651885986
2018/05/10 23:51:30:873  https://www.evernote.com/shard/s561/communicationengine syncMessages 200 253 95 0.2123870849609375
2018/05/11 07:24:21:326  https://www.evernote.com/shard/s561/notestore getSyncState 200 137 139 0.5764299631118774
2018/05/11 07:24:21:463  https://www.evernote.com/shard/s561/utility getPromotionStatus 200 308 326 0.5253269672393799
2018/05/11 07:24:21:539  https://www.evernote.com/shard/s561/utility getPromotionStatus 200 308 326 0.07519304752349854
2018/05/11 07:24:21:613  https://www.evernote.com/shard/s561/utility getPromotionStatus 200 308 326 0.0746690034866333
2018/05/11 07:24:24:766  https://www.evernote.com/shard/s561/utility getPromotionStatus 200 308 326 0.07581806182861328
2018/05/11 07:24:44:389  https://www.evernote.com/shard/s561/utility getPromotionStatus 200 308 326 0.1734440326690674
2018/05/11 07:24:51:458  https://www.evernote.com/shard/s561/notestore getSyncState 200 137 139 0.0726090669631958
2018/05/11 07:25:21:532  https://www.evernote.com/shard/s561/notestore getSyncState 200 137 139 0.07429802417755127
2018/05/11 07:25:51:642  https://www.evernote.com/shard/s561/notestore getSyncState 200 137 139 0.1111880540847778
2018/05/11 07:26:21:747  https://www.evernote.com/shard/s561/notestore getSyncState 200 137 139 0.1052010059356689
2018/05/11 07:26:51:854  https://www.evernote.com/shard/s561/notestore getSyncState 200 137 139 0.1067919731140137
2018/05/11 07:27:56:644  https://www.evernote.com/shard/s561/notestore getSyncState 200 137 139 0.1978249549865723
2018/05/11 07:28:26:754  https://www.evernote.com/shard/s561/notestore getSyncState 200 137 139 0.1094399690628052
2018/05/11 07:29:44:157  https://www.evernote.com/shard/s561/notestore getSyncState 200 137 139 0.1861119270324707
2018/05/11 07:29:53:707  https://www.evernote.com/shard/s561/notestore getSyncState 200 137 139 0.1164450645446777
2018/05/11 07:30:23:812  https://www.evernote.com/shard/s561/notestore getSyncState 200 137 139 0.1047359704971313
2018/05/11 07:30:33:042  https://www.evernote.com/shard/s561/notestore getSyncState 200 137 139 0.1127490997314453
2018/05/11 07:31:03:125  https://www.evernote.com/shard/s561/notestore getSyncState 200 137 139 0.08326303958892822
2018/05/11 07:31:33:232  https://www.evernote.com/shard/s561/notestore getSyncState 200 137 139 0.1072289943695068
2018/05/11 07:32:03:339  https://www.evernote.com/shard/s561/notestore getSyncState 200 137 139 0.1059980392456055
2018/05/11 07:32:33:449  https://www.evernote.com/shard/s561/notestore getSyncState 200 137 139 0.1103979349136353
2018/05/11 07:33:03:555  https://www.evernote.com/shard/s561/notestore getSyncState 200 137 139 0.1057189702987671
2018/05/11 07:33:33:662  https://www.evernote.com/shard/s561/notestore getSyncState 200 137 139 0.1058799028396606
2018/05/11 07:34:03:770  https://www.evernote.com/shard/s561/notestore getSyncState 200 137 139 0.1092159748077393
2018/05/11 07:34:33:877  https://www.evernote.com/shard/s561/notestore getSyncState 200 137 139 0.1063740253448486
2018/05/11 07:35:04:214  https://www.evernote.com/shard/s561/notestore getSyncState 200 137 139 0.3369640111923218
2018/05/11 07:35:34:325  https://www.evernote.com/shard/s561/notestore getSyncState 200 137 139 0.1105270385742188
2018/05/11 07:36:04:662  https://www.evernote.com/shard/s561/notestore getSyncState 200 137 139 0.3363689184188843
2018/05/11 07:36:34:767  https://www.evernote.com/shard/s561/notestore getSyncState 200 137 139 0.1063200235366821
2018/05/11 07:37:04:886  https://www.evernote.com/shard/s561/notestore getSyncState 200 137 139 0.1189889907836914
2018/05/11 07:37:34:991  https://www.evernote.com/shard/s561/notestore getSyncState 200 137 139 0.1045539379119873
2018/05/11 07:40:29:260  https://www.evernote.com/shard/s561/notestore getSyncState 200 137 139 0.1975529193878174
2018/05/11 07:40:52:043  https://www.evernote.com/shard/s561/notestore getSyncState 200 137 139 0.1114379167556763
2018/05/11 07:41:07:662  https://www.evernote.com/shard/s561/notestore getSyncState 200 137 139 0.3495270013809204
2018/05/11 07:41:37:776  https://www.evernote.com/shard/s561/notestore getSyncState 200 137 139 0.1133140325546265
2018/05/11 07:42:07:884  https://www.evernote.com/shard/s561/notestore getSyncState 200 137 139 0.1090250015258789
2018/05/11 07:43:39:882  https://www.evernote.com/shard/s561/notestore getSyncState 200 137 139 0.1974170207977295
2018/05/11 07:47:34:676  https://www.evernote.com/shard/s561/notestore getSyncState 200 137 139 0.1943479776382446
2018/05/11 07:54:06:794  https://www.evernote.com/shard/s561/notestore getSyncState 200 137 139 0.1995689868927002
2018/05/11 07:54:50:224  https://www.evernote.com/shard/s561/notestore getSyncState 200 137 139 0.1168760061264038
2018/05/11 07:55:20:121  https://www.evernote.com/shard/s561/notestore getSyncState 200 137 139 0.1194260120391846
2018/05/11 07:55:53:885  https://www.evernote.com/shard/s561/notestore getSyncState 200 137 139 0.1129100322723389
2018/05/11 07:56:23:959  https://www.evernote.com/shard/s561/notestore getSyncState 200 137 139 0.07441794872283936
2018/05/11 07:56:54:038  https://www.evernote.com/shard/s561/notestore getSyncState 200 137 139 0.07829499244689941
2018/05/11 07:57:24:111  https://www.evernote.com/shard/s561/notestore getSyncState 200 137 139 0.0738910436630249
2018/05/11 07:57:54:184  https://www.evernote.com/shard/s561/notestore getSyncState 200 137 139 0.07305693626403809
2018/05/11 07:58:24:264  https://www.evernote.com/shard/s561/notestore getSyncState 200 137 139 0.08097302913665771
2018/05/11 07:58:54:338  https://www.evernote.com/shard/s561/notestore getSyncState 200 137 139 0.07405698299407959
2018/05/11 07:59:24:413  https://www.evernote.com/shard/s561/notestore getSyncState 200 137 139 0.07481801509857178
2018/05/11 07:59:54:493  https://www.evernote.com/shard/s561/notestore getSyncState 200 137 139 0.07868599891662598
2018/05/11 08:00:24:576  https://www.evernote.com/shard/s561/notestore getSyncState 200 137 139 0.08430194854736328
2018/05/11 08:00:54:650  https://www.evernote.com/shard/s561/notestore getSyncState 200 137 139 0.07451200485229492
2018/05/11 08:01:24:730  https://www.evernote.com/shard/s561/notestore getSyncState 200 137 139 0.07961106300354004
2018/05/11 08:01:54:836  https://www.evernote.com/shard/s561/notestore getSyncState 200 137 139 0.1058369874954224
2018/05/11 08:02:24:941  https://www.evernote.com/shard/s561/notestore getSyncState 200 137 139 0.1051870584487915
2018/05/11 08:02:55:340  https://www.evernote.com/shard/s561/notestore getSyncState 200 137 139 0.3986829519271851
2018/05/11 08:03:25:446  https://www.evernote.com/shard/s561/notestore getSyncState 200 137 139 0.1053930521011353
2018/05/11 08:03:55:785  https://www.evernote.com/shard/s561/notestore getSyncState 200 137 139 0.3387529850006104
2018/05/11 08:04:25:895  https://www.evernote.com/shard/s561/notestore getSyncState 200 137 139 0.1099560260772705
2018/05/11 08:04:56:002  https://www.evernote.com/shard/s561/notestore getSyncState 200 137 139 0.1066290140151978
2018/05/11 08:05:26:342  https://www.evernote.com/shard/s561/notestore getSyncState 200 137 139 0.3396919965744019
2018/05/11 08:05:56:715  https://www.evernote.com/shard/s561/notestore getSyncState 200 137 139 0.3731939792633057
2018/05/11 08:49:14:031  https://www.evernote.com/shard/s561/notestore getSyncState 200 137 139 0.2011939287185669
2018/05/11 08:55:38:081  https://www.evernote.com/shard/s561/notestore getSyncState 200 137 139 0.1939469575881958
2018/05/11 08:56:08:419  https://www.evernote.com/shard/s561/notestore getSyncState 200 137 139 0.3374569416046143
2018/05/11 08:56:38:523  https://www.evernote.com/shard/s561/notestore getSyncState 200 137 139 0.1042189598083496
2018/05/11 08:57:08:631  https://www.evernote.com/shard/s561/notestore getSyncState 200 137 139 0.1076170206069946
2018/05/11 08:57:38:737  https://www.evernote.com/shard/s561/notestore getSyncState 200 137 139 0.1056209802627563
2018/05/11 08:58:08:845  https://www.evernote.com/shard/s561/notestore getSyncState 200 137 139 0.1080529689788818
2018/05/11 08:58:38:955  https://www.evernote.com/shard/s561/notestore getSyncState 200 137 139 0.1090900897979736
2018/05/11 08:59:09:060  https://www.evernote.com/shard/s561/notestore getSyncState 200 137 139 0.1052590608596802
2018/05/11 08:59:39:397  https://www.evernote.com/shard/s561/notestore getSyncState 200 137 139 0.3362129926681519
2018/05/11 09:00:09:513  https://www.evernote.com/shard/s561/notestore getSyncState 200 137 139 0.1162240505218506
2018/05/11 09:06:35:251  https://www.evernote.com/shard/s561/notestore getSyncState 200 137 139 0.2134940624237061
2018/05/11 09:07:05:358  https://www.evernote.com/shard/s561/notestore getSyncState 200 137 139 0.1078050136566162
2018/05/11 09:07:57:319  https://www.evernote.com/shard/s561/notestore getSyncState 200 137 139 0.3476020097732544
2018/05/11 09:08:27:425  https://www.evernote.com/shard/s561/notestore getSyncState 200 137 139 0.1055229902267456
2018/05/11 09:08:57:530  https://www.evernote.com/shard/s561/notestore getSyncState 200 137 139 0.1054689884185791
2018/05/11 09:09:27:874  https://www.evernote.com/shard/s561/notestore getSyncState 200 137 139 0.3442510366439819
2018/05/11 09:09:57:981  https://www.evernote.com/shard/s561/notestore getSyncState 200 137 139 0.1061279773712158
2018/05/11 09:15:10:469  https://www.evernote.com/shard/s561/notestore getSyncState 200 137 139 0.1769269704818726
2018/05/11 09:15:40:580  https://www.evernote.com/shard/s561/notestore getSyncState 200 137 139 0.1107109785079956
2018/05/11 09:16:10:687  https://www.evernote.com/shard/s561/notestore getSyncState 200 137 139 0.106252908706665
2018/05/11 09:16:40:796  https://www.evernote.com/shard/s561/notestore getSyncState 200 137 139 0.1095409393310547
2018/05/11 09:17:10:902  https://www.evernote.com/shard/s561/notestore getSyncState 200 137 139 0.1059510707855225
2018/05/11 09:17:40:976  https://www.evernote.com/shard/s561/notestore getSyncState 200 137 139 0.07438397407531738
2018/05/11 09:18:11:054  https://www.evernote.com/shard/s561/notestore getSyncState 200 137 139 0.07859599590301514
2018/05/11 09:18:41:126  https://www.evernote.com/shard/s561/notestore getSyncState 200 137 139 0.07270300388336182
2018/05/11 09:19:11:200  https://www.evernote.com/shard/s561/notestore getSyncState 200 137 139 0.07418990135192871
2018/05/11 09:19:41:280  https://www.evernote.com/shard/s561/notestore getSyncState 200 137 139 0.07917189598083496
2018/05/11 09:20:11:358  https://www.evernote.com/shard/s561/notestore getSyncState 200 137 139 0.07784092426300049
2018/05/11 09:20:41:432  https://www.evernote.com/shard/s561/notestore getSyncState 200 137 139 0.07460391521453857
2018/05/11 09:21:11:511  https://www.evernote.com/shard/s561/notestore getSyncState 200 137 139 0.07815396785736084
2018/05/11 09:21:41:584  https://www.evernote.com/shard/s561/notestore getSyncState 200 137 139 0.07355296611785889
2018/05/11 09:22:11:659  https://www.evernote.com/shard/s561/notestore getSyncState 200 137 139 0.07493901252746582
2018/05/11 09:22:41:736  https://www.evernote.com/shard/s561/notestore getSyncState 200 137 139 0.07620894908905029
2018/05/11 09:23:11:810  https://www.evernote.com/shard/s561/notestore getSyncState 200 137 139 0.07435905933380127
2018/05/11 09:23:41:883  https://www.evernote.com/shard/s561/notestore getSyncState 200 137 139 0.07309603691101074
2018/05/11 09:24:11:993  https://www.evernote.com/shard/s561/notestore getSyncState 200 137 139 0.1091309785842896
2018/05/11 09:24:42:067  https://www.evernote.com/shard/s561/notestore getSyncState 200 137 139 0.07431697845458984
2018/05/11 09:25:12:172  https://www.evernote.com/shard/s561/notestore getSyncState 200 137 139 0.104464054107666
2018/05/11 09:25:42:281  https://www.evernote.com/shard/s561/notestore getSyncState 200 137 139 0.1088260412216187
2018/05/11 09:26:12:618  https://www.evernote.com/shard/s561/notestore getSyncState 200 137 139 0.3368149995803833
2018/05/11 09:26:42:986  https://www.evernote.com/shard/s561/notestore getSyncState 200 137 139 0.3678280115127563
2018/05/11 09:27:13:093  https://www.evernote.com/shard/s561/notestore getSyncState 200 137 139 0.1070219278335571
2018/05/11 09:27:43:202  https://www.evernote.com/shard/s561/notestore getSyncState 200 137 139 0.1087568998336792
2018/05/11 09:28:13:310  https://www.evernote.com/shard/s561/notestore getSyncState 200 137 139 0.1089929342269897
2018/05/11 09:28:43:388  https://www.evernote.com/shard/s561/notestore getSyncState 200 137 139 0.07743489742279053
2018/05/11 09:40:02:054  https://www.evernote.com/shard/s561/notestore getSyncState 200 137 139 0.1923129558563232
2018/05/11 09:40:32:161  https://www.evernote.com/shard/s561/notestore getSyncState 200 137 139 0.1069339513778687
2018/05/11 09:41:02:499  https://www.evernote.com/shard/s561/notestore getSyncState 200 137 139 0.3380409479141235
2018/05/11 11:53:53:156  https://www.evernote.com/shard/s561/communicationengine syncMessages 200 253 211 0.2147669792175293
