2018/05/13 06:12:40:309  https://www.evernote.com/shard/s561/utility getIncentiveEligibility 200 148 55 0.1767590045928955
2018/05/13 08:20:10:097  https://www.evernote.com/shard/s561/communicationengine syncMessages 200 253 95 0.2072199583053589
2018/05/13 09:12:49:635  https://www.evernote.com/shard/s561/utility getTsdEligibility 200 174 111 0.1991029977798462
2018/05/13 13:19:05:399  https://www.evernote.com/edam/user checkVersion xxx 87 0 0.0346229076385498
2018/05/13 13:19:15:513  https://www.evernote.com/shard/s561/notestore getSyncState 200 137 139 0.575037956237793
2018/05/13 20:52:19:395  https://www.evernote.com/edam/user checkVersion xxx 87 0 0.03410494327545166
2018/05/13 20:52:28:984  https://www.evernote.com/shard/s561/notestore getSyncState 200 137 139 0.2248450517654419
2018/05/13 20:52:55:822  https://www.evernote.com/shard/s561/communicationengine syncMessages 200 253 95 0.1199109554290771
2018/05/13 23:20:07:974  https://www.evernote.com/edam/user checkVersion xxx 87 0 0.03263092041015625
2018/05/13 23:20:18:276  https://www.evernote.com/shard/s561/notestore getSyncState 200 137 139 0.2771639823913574
2018/05/14 06:16:17:065  https://www.evernote.com/edam/user checkVersion xxx 87 0 10.23352909088135
2018/05/14 06:16:23:824  https://www.evernote.com/shard/s561/notestore getSyncState 200 137 139 0.2362250089645386
2018/05/14 06:56:09:361  https://www.evernote.com/edam/user checkVersion 200 87 29 10.00531101226807
2018/05/14 06:56:09:489  https://www.evernote.com/shard/s561/notestore getSyncState 200 137 139 0.1277329921722412
2018/05/14 06:56:14:480  https://www.evernote.com/shard/s561/notestore getSyncState 200 137 139 0.1178339719772339
2018/05/14 12:35:21:397  https://www.evernote.com/edam/user checkVersion xxx 87 0 0.03660297393798828
2018/05/14 12:35:31:094  https://www.evernote.com/shard/s561/notestore getSyncState 200 137 139 0.2959309816360474
2018/05/14 12:37:14:105  https://www.evernote.com/shard/s561/communicationengine syncMessages 200 253 95 0.2243829965591431
2018/05/14 18:36:36:894  https://www.evernote.com/edam/user checkVersion xxx 87 0 0.03709089756011963
2018/05/14 18:36:42:643  https://www.evernote.com/shard/s561/notestore getSyncState xxx 137 0 0.04132699966430664
2018/05/14 19:46:19:397  https://www.evernote.com/edam/user checkVersion xxx 87 0 0.03286302089691162
2018/05/14 19:46:29:459  https://www.evernote.com/shard/s561/notestore getSyncState 200 137 139 0.4039310216903687
2018/05/14 20:35:43:809  https://www.evernote.com/shard/s561/utility getPromotionStatus 200 308 326 0.1974589824676514
2018/05/14 20:35:43:911  https://www.evernote.com/shard/s561/notestore getSyncState 200 137 139 0.1057189702987671
2018/05/14 20:35:43:917  https://www.evernote.com/shard/s561/utility getPromotionStatus 200 308 326 0.07308602333068848
2018/05/14 20:35:43:991  https://www.evernote.com/shard/s561/utility getPromotionStatus 200 308 326 0.07358300685882568
2018/05/14 20:36:46:789  https://www.evernote.com/shard/s561/notestore getSyncState 200 137 139 0.1820389032363892
2018/05/14 20:37:16:897  https://www.evernote.com/shard/s561/notestore getSyncState 200 137 139 0.1081550121307373
2018/05/14 20:37:46:972  https://www.evernote.com/shard/s561/notestore getSyncState 200 137 139 0.07406902313232422
2018/05/14 20:38:12:577  https://www.evernote.com/shard/s561/utility getPromotionStatus 200 308 326 0.1624200344085693
2018/05/14 20:38:17:046  https://www.evernote.com/shard/s561/notestore getSyncState 200 137 139 0.07447695732116699
2018/05/14 20:38:17:634  https://www.evernote.com/shard/s561/utility getPromotionStatus 200 308 326 0.2158000469207764
2018/05/14 20:38:28:101  https://www.evernote.com/shard/s561/utility getPromotionStatus 200 308 326 0.08009493350982666
2018/05/14 20:38:34:823  https://www.evernote.com/shard/s561/utility getPromotionStatus 200 308 326 0.07938003540039062
2018/05/14 20:38:40:085  https://www.evernote.com/shard/s561/utility getPromotionStatus 200 308 326 0.07834196090698242
2018/05/14 20:38:47:123  https://www.evernote.com/shard/s561/notestore getSyncState 200 137 139 0.0760120153427124
2018/05/14 21:26:53:240  https://www.evernote.com/edam/user checkVersion xxx 87 0 0.03462302684783936
2018/05/14 21:26:58:983  https://www.evernote.com/shard/s561/notestore getSyncState xxx 137 0 0.03885197639465332
2018/05/15 00:17:44:951  https://www.evernote.com/edam/user checkVersion xxx 87 0 0.03685998916625977
2018/05/15 00:19:34:367  https://www.evernote.com/shard/s561/notestore getSyncState xxx 137 0 13.20225608348846
2018/05/15 00:21:23:705  https://www.evernote.com/shard/s561/notestore getSyncState xxx 137 0 13.23306798934937
2018/05/15 00:21:58:025  https://www.evernote.com/shard/s561/notestore getSyncState xxx 137 0 11.16173899173737
2018/05/15 00:22:35:402  https://www.evernote.com/shard/s561/notestore getSyncState xxx 137 0 17.20813500881195
2018/05/15 00:23:06:574  https://www.evernote.com/shard/s561/notestore getSyncState xxx 137 0 17.41466498374939
2018/05/15 00:23:27:215  https://www.evernote.com/shard/s561/notestore getSyncState 200 137 139 0.2529159784317017
2018/05/15 00:25:38:607  https://www.evernote.com/edam/user checkVersion xxx 87 0 0.1531150341033936
2018/05/15 00:26:01:872  https://www.evernote.com/shard/s561/notestore getSyncState xxx 137 0 13.27198708057404
2018/05/15 00:27:24:314  https://www.evernote.com/shard/s561/notestore getSyncState xxx 137 0 1.044219017028809
2018/05/15 00:27:24:349  https://www.evernote.com/shard/s561/utility getPromotionStatus xxx 308 0 0.848065972328186
2018/05/15 00:27:24:383  https://www.evernote.com/shard/s561/utility getPromotionStatus xxx 308 0 0.03382611274719238
2018/05/15 00:27:27:486  https://www.evernote.com/shard/s561/utility getPromotionStatus xxx 308 0 0.07993507385253906
2018/05/15 00:27:33:519  https://www.evernote.com/shard/s561/utility getPromotionStatus xxx 308 0 0.03759503364562988
2018/05/15 00:31:07:279  https://www.evernote.com/shard/s561/notestore getSyncState xxx 137 0 13.27048599720001
2018/05/15 00:35:25:587  https://www.evernote.com/shard/s561/notestore getSyncState xxx 137 0 1.07331907749176
2018/05/15 00:40:06:310  https://www.evernote.com/shard/s561/notestore getSyncState xxx 137 0 1.062998056411743
2018/05/15 00:40:27:940  https://www.evernote.com/shard/s561/notestore getSyncState xxx 137 0 1.120491027832031
2018/05/15 00:40:32:342  https://www.evernote.com/shard/s561/communicationengine syncMessages xxx 253 0 0.04100894927978516
2018/05/15 00:41:19:813  https://www.evernote.com/shard/s561/notestore getSyncState 200 137 139 0.2363801002502441
2018/05/15 00:59:46:709  https://www.evernote.com/shard/s561/notestore getSyncState 200 137 139 0.2578879594802856
2018/05/15 00:59:48:978  https://www.evernote.com/shard/s561/utility getPromotionStatus 200 308 326 0.1223189830780029
2018/05/15 00:59:51:797  https://www.evernote.com/shard/s561/notestore getSyncState 200 137 139 0.08685398101806641
2018/05/15 01:00:21:917  https://www.evernote.com/shard/s561/notestore getSyncState 200 137 139 0.1211650371551514
2018/05/15 01:00:52:036  https://www.evernote.com/shard/s561/notestore getSyncState 200 137 139 0.1187689304351807
2018/05/15 01:01:22:156  https://www.evernote.com/shard/s561/notestore getSyncState 200 137 139 0.1187520027160645
2018/05/15 01:01:52:274  https://www.evernote.com/shard/s561/notestore getSyncState 200 137 139 0.1173689365386963
2018/05/15 01:27:51:082  https://www.evernote.com/edam/user checkVersion xxx 87 0 0.06597995758056641
2018/05/15 01:27:59:493  https://www.evernote.com/shard/s561/notestore getSyncState 200 137 139 0.2517579793930054
2018/05/15 08:03:21:422  https://www.evernote.com/shard/s561/notestore getSyncState xxx 137 0 4049.399908065796
2018/05/15 08:03:26:391  https://www.evernote.com/edam/user checkVersion xxx 87 0 0.03783094882965088
2018/05/15 08:03:43:752  https://www.evernote.com/shard/s561/notestore getSyncState 200 137 139 0.4075020551681519
2018/05/15 08:42:27:898  https://www.evernote.com/shard/s561/notestore getSyncState 200 137 139 0.1834800243377686
2018/05/15 09:09:11:314  https://www.evernote.com/shard/s561/notestore getSyncState 200 137 139 0.2633870840072632
2018/05/15 09:09:11:439  https://www.evernote.com/shard/s561/utility getPromotionStatus 200 308 326 0.2087010145187378
2018/05/15 09:09:11:548  https://www.evernote.com/shard/s561/utility getPromotionStatus 200 308 326 0.1081520318984985
2018/05/15 09:09:11:621  https://www.evernote.com/shard/s561/utility getPromotionStatus 200 308 326 0.07295095920562744
2018/05/15 09:09:16:658  https://www.evernote.com/shard/s561/utility getConfigValuesAsJSON 200 213 103 0.07426393032073975
2018/05/15 09:09:16:729  https://www.evernote.com/shard/s561/utility getConfigValuesAsJSON 200 201 91 0.07087099552154541
2018/05/15 09:09:41:619  https://www.evernote.com/shard/s561/notestore getSyncState 200 137 139 0.1074830293655396
