2018/06/02 02:09:37:421  https://www.evernote.com/shard/s561/utility getIncentiveEligibility 200 148 55 0.181663990020752
2018/06/02 07:28:43:173  https://www.evernote.com/edam/user checkVersion xxx 87 0 9.805523991584778
2018/06/02 07:28:49:849  https://www.evernote.com/shard/s561/notestore getSyncState 200 137 139 0.2544219493865967
2018/06/02 07:47:57:200  https://www.evernote.com/shard/s561/utility getTsdEligibility 200 174 111 0.1995629072189331
2018/06/02 09:23:39:396  https://www.evernote.com/edam/user checkVersion xxx 87 0 0.03378200531005859
2018/06/02 09:23:49:641  https://www.evernote.com/shard/s561/notestore getSyncState 200 137 139 4.559244990348816
2018/06/02 09:23:52:921  https://www.evernote.com/shard/s561/communicationengine syncMessages 200 253 95 0.1185680627822876
2018/06/02 11:40:02:994  https://www.evernote.com/edam/user checkVersion xxx 87 0 8.646517038345337
2018/06/02 11:40:09:689  https://www.evernote.com/shard/s561/notestore getSyncState 200 137 139 0.2044680118560791
2018/06/02 17:16:49:915  https://www.evernote.com/edam/user checkVersion xxx 87 0 0.03536200523376465
2018/06/02 17:17:00:313  https://www.evernote.com/shard/s561/notestore getSyncState 200 137 139 0.4799160957336426
2018/06/02 18:54:14:252  https://www.evernote.com/edam/user checkVersion xxx 87 0 0.03331398963928223
2018/06/02 18:54:19:879  https://www.evernote.com/shard/s561/notestore getSyncState xxx 137 0 0.03947198390960693
2018/06/02 20:30:38:298  https://www.evernote.com/edam/user checkVersion 200 87 29 9.931633949279785
2018/06/02 20:30:38:460  https://www.evernote.com/shard/s561/notestore getSyncState 200 137 139 0.1620680093765259
2018/06/02 20:30:43:406  https://www.evernote.com/shard/s561/notestore getSyncState 200 137 139 0.1066169738769531
2018/06/02 20:34:34:738  https://www.evernote.com/shard/s561/notestore getSyncState 200 137 139 0.2151190042495728
2018/06/02 20:34:34:914  https://www.evernote.com/shard/s561/utility getPromotionStatus 200 308 326 0.1186599731445312
2018/06/02 20:34:35:124  https://www.evernote.com/shard/s561/utility getPromotionStatus 200 308 326 0.07287991046905518
2018/06/02 20:34:35:198  https://www.evernote.com/shard/s561/utility getPromotionStatus 200 308 326 0.07305097579956055
2018/06/02 21:27:49:893  https://www.evernote.com/shard/s561/communicationengine syncMessages 200 253 95 0.2076190710067749
2018/06/02 23:03:09:146  https://www.evernote.com/edam/user checkVersion xxx 87 0 9.793660998344421
2018/06/02 23:03:16:148  https://www.evernote.com/shard/s561/notestore getSyncState 200 137 139 0.2085930109024048
2018/06/02 23:21:11:866  https://www.evernote.com/edam/user checkVersion xxx 87 0 0.03202605247497559
2018/06/02 23:21:22:680  https://www.evernote.com/shard/s561/notestore getSyncState 200 137 139 0.3267689943313599
2018/06/02 23:23:43:663  https://www.evernote.com/shard/s561/notestore getSyncState 200 137 139 0.164618968963623
2018/06/02 23:24:13:770  https://www.evernote.com/shard/s561/notestore getSyncState 200 137 139 0.1055010557174683
2018/06/02 23:24:43:846  https://www.evernote.com/shard/s561/notestore getSyncState 200 137 139 0.07500803470611572
2018/06/02 23:25:13:957  https://www.evernote.com/shard/s561/notestore getSyncState 200 137 139 0.1066240072250366
2018/06/02 23:25:44:061  https://www.evernote.com/shard/s561/notestore getSyncState 200 137 139 0.1032780408859253
2018/06/02 23:26:14:167  https://www.evernote.com/shard/s561/notestore getSyncState 200 137 139 0.1059590578079224
2018/06/02 23:26:44:275  https://www.evernote.com/shard/s561/notestore getSyncState 200 137 139 0.1074560880661011
2018/06/02 23:27:08:468  https://www.evernote.com/shard/s561/notestore getSyncState 200 137 139 0.1134660243988037
2018/06/02 23:28:05:039  https://www.evernote.com/shard/s561/notestore getSyncState 200 137 139 0.1744940280914307
2018/06/02 23:28:48:835  https://www.evernote.com/shard/s561/notestore getSyncState 200 137 139 0.174888014793396
2018/06/02 23:29:22:977  https://www.evernote.com/shard/s561/notestore getSyncState 200 137 139 0.1159589290618896
2018/06/02 23:29:52:080  https://www.evernote.com/shard/s561/notestore getSyncState 200 137 139 0.1115050315856934
2018/06/02 23:30:22:188  https://www.evernote.com/shard/s561/notestore getSyncState 200 137 139 0.1070770025253296
2018/06/02 23:34:38:011  https://www.evernote.com/shard/s561/notestore getSyncState 200 137 139 0.1862860918045044
2018/06/02 23:35:08:118  https://www.evernote.com/shard/s561/notestore getSyncState 200 137 139 0.1060230731964111
2018/06/02 23:35:38:224  https://www.evernote.com/shard/s561/notestore getSyncState 200 137 139 0.105104923248291
2018/06/02 23:36:08:564  https://www.evernote.com/shard/s561/notestore getSyncState 200 137 139 0.3399490118026733
2018/06/02 23:36:38:636  https://www.evernote.com/shard/s561/notestore getSyncState 200 137 139 0.07149600982666016
2018/06/02 23:37:09:689  https://www.evernote.com/shard/s561/notestore getSyncState 200 137 139 0.07314491271972656
2018/06/02 23:37:41:222  https://www.evernote.com/shard/s561/notestore getSyncState 200 137 139 0.1037979125976562
2018/06/02 23:38:11:296  https://www.evernote.com/shard/s561/notestore getSyncState 200 137 139 0.07306301593780518
2018/06/02 23:38:41:401  https://www.evernote.com/shard/s561/notestore getSyncState 200 137 139 0.1053889989852905
2018/06/02 23:39:11:509  https://www.evernote.com/shard/s561/notestore getSyncState 200 137 139 0.1067949533462524
2018/06/02 23:40:06:453  https://www.evernote.com/shard/s561/notestore getSyncState 200 137 139 0.17724609375
2018/06/02 23:40:25:102  https://www.evernote.com/shard/s561/notestore getSyncState 200 137 139 0.113400936126709
2018/06/02 23:40:55:175  https://www.evernote.com/shard/s561/notestore getSyncState 200 137 139 0.07193195819854736
2018/06/02 23:41:25:249  https://www.evernote.com/shard/s561/notestore getSyncState 200 137 139 0.0742039680480957
2018/06/02 23:43:32:308  https://www.evernote.com/shard/s561/notestore getSyncState 200 137 139 0.1750950813293457
2018/06/02 23:44:02:412  https://www.evernote.com/shard/s561/notestore getSyncState 200 137 139 0.1031010150909424
2018/06/02 23:44:32:486  https://www.evernote.com/shard/s561/notestore getSyncState 200 137 139 0.07311403751373291
2018/06/02 23:45:02:563  https://www.evernote.com/shard/s561/notestore getSyncState 200 137 139 0.07629001140594482
2018/06/02 23:45:32:636  https://www.evernote.com/shard/s561/notestore getSyncState 200 137 139 0.07247805595397949
2018/06/02 23:46:02:709  https://www.evernote.com/shard/s561/notestore getSyncState 200 137 139 0.07231402397155762
2018/06/02 23:46:32:786  https://www.evernote.com/shard/s561/notestore getSyncState 200 137 139 0.07596206665039062
2018/06/02 23:47:02:859  https://www.evernote.com/shard/s561/notestore getSyncState 200 137 139 0.07219505310058594
2018/06/02 23:48:00:181  https://www.evernote.com/shard/s561/notestore getSyncState 200 137 139 0.1849089860916138
2018/06/02 23:49:03:573  https://www.evernote.com/shard/s561/notestore getSyncState 200 137 139 0.1700359582901001
2018/06/02 23:51:22:338  https://www.evernote.com/shard/s561/notestore getSyncState 200 137 139 0.1721309423446655
2018/06/02 23:51:28:742  https://www.evernote.com/shard/s561/notestore getSyncState 200 137 139 0.108362078666687
2018/06/02 23:51:58:814  https://www.evernote.com/shard/s561/notestore getSyncState 200 137 139 0.07156205177307129
2018/06/02 23:52:28:923  https://www.evernote.com/shard/s561/notestore getSyncState 200 137 139 0.1082429885864258
2018/06/02 23:53:41:905  https://www.evernote.com/shard/s561/notestore getSyncState 200 137 139 0.1768419742584229
2018/06/02 23:59:59:142  https://www.evernote.com/shard/s561/notestore getSyncState 200 137 139 0.1907789707183838
2018/06/03 00:00:29:256  https://www.evernote.com/shard/s561/notestore getSyncState 200 137 139 0.1148509979248047
2018/06/03 00:00:59:330  https://www.evernote.com/shard/s561/notestore getSyncState 200 137 139 0.07371389865875244
2018/06/03 00:01:29:440  https://www.evernote.com/shard/s561/notestore getSyncState 200 137 139 0.1094800233840942
2018/06/03 00:01:59:545  https://www.evernote.com/shard/s561/notestore getSyncState 200 137 139 0.1050610542297363
2018/06/03 00:02:29:651  https://www.evernote.com/shard/s561/notestore getSyncState 200 137 139 0.1045119762420654
2018/06/03 00:03:18:861  https://www.evernote.com/shard/s561/notestore getSyncState 200 137 139 0.1835368871688843
2018/06/03 00:03:48:934  https://www.evernote.com/shard/s561/notestore getSyncState 200 137 139 0.07178103923797607
2018/06/03 00:04:19:040  https://www.evernote.com/shard/s561/notestore getSyncState 200 137 139 0.1053719520568848
2018/06/03 00:04:49:149  https://www.evernote.com/shard/s561/notestore getSyncState 200 137 139 0.1089749336242676
2018/06/03 00:05:19:256  https://www.evernote.com/shard/s561/notestore getSyncState 200 137 139 0.1056709289550781
2018/06/03 00:05:28:382  https://www.evernote.com/shard/s561/notestore getSyncState 200 137 139 0.1265740394592285
2018/06/03 00:16:39:382  https://www.evernote.com/shard/s561/utility getPromotionStatus 200 308 326 0.2092840671539307
2018/06/03 00:16:39:472  https://www.evernote.com/shard/s561/notestore getSyncState 200 137 139 0.07305502891540527
2018/06/03 00:16:39:606  https://www.evernote.com/shard/s561/utility getPromotionStatus 200 308 326 0.074288010597229
2018/06/03 00:16:39:680  https://www.evernote.com/shard/s561/utility getPromotionStatus 200 308 326 0.07399702072143555
2018/06/03 00:16:43:364  https://www.evernote.com/shard/s561/utility getPromotionStatus 200 308 326 0.08424603939056396
2018/06/03 00:17:09:683  https://www.evernote.com/shard/s561/notestore getSyncState 200 137 139 0.07144403457641602
2018/06/03 00:17:57:128  https://www.evernote.com/shard/s561/notestore getSyncState 200 137 139 0.1758899688720703
2018/06/03 00:18:27:234  https://www.evernote.com/shard/s561/notestore getSyncState 200 137 139 0.1058169603347778
2018/06/03 00:19:05:296  https://www.evernote.com/shard/s561/notestore getSyncState 200 137 139 0.3467779159545898
2018/06/03 00:19:32:503  https://www.evernote.com/shard/s561/notestore getSyncState 200 137 139 0.1140629053115845
2018/06/03 00:20:02:606  https://www.evernote.com/shard/s561/notestore getSyncState 200 137 139 0.1034289598464966
2018/06/03 00:20:32:030  https://www.evernote.com/shard/s561/notestore getSyncState 200 137 139 0.1168169975280762
2018/06/03 00:21:02:136  https://www.evernote.com/shard/s561/notestore getSyncState 200 137 139 0.1045570373535156
2018/06/03 00:21:32:243  https://www.evernote.com/shard/s561/notestore getSyncState 200 137 139 0.1065061092376709
2018/06/03 00:23:26:540  https://www.evernote.com/shard/s561/notestore getSyncState 200 137 139 0.1795470714569092
2018/06/03 00:23:56:878  https://www.evernote.com/shard/s561/notestore getSyncState 200 137 139 0.3381959199905396
2018/06/03 00:24:26:088  https://www.evernote.com/shard/s561/notestore getSyncState 200 137 139 0.1136219501495361
2018/06/03 00:24:45:613  https://www.evernote.com/shard/s561/notestore getSyncState 200 137 139 0.1199460029602051
2018/06/03 00:25:26:677  https://www.evernote.com/shard/s561/notestore getSyncState 200 137 139 0.3437190055847168
2018/06/03 00:26:08:306  https://www.evernote.com/shard/s561/notestore getSyncState 200 137 139 0.1767870187759399
2018/06/03 00:26:58:630  https://www.evernote.com/shard/s561/notestore getSyncState 200 137 139 0.1135350465774536
2018/06/03 00:30:12:406  https://www.evernote.com/shard/s561/notestore getSyncState 200 137 139 0.1809380054473877
2018/06/03 00:30:42:567  https://www.evernote.com/shard/s561/notestore getSyncState 200 137 139 0.07230091094970703
2018/06/03 00:31:12:642  https://www.evernote.com/shard/s561/notestore getSyncState 200 137 139 0.07408809661865234
2018/06/03 00:31:42:719  https://www.evernote.com/shard/s561/notestore getSyncState 200 137 139 0.07605493068695068
2018/06/03 00:32:05:284  https://www.evernote.com/shard/s561/notestore getSyncState 200 137 139 0.07399392127990723
2018/06/03 00:32:35:390  https://www.evernote.com/shard/s561/notestore getSyncState 200 137 139 0.1045299768447876
