2018/05/29 00:36:38:141  https://www.evernote.com/shard/s561/utility getIncentiveEligibility 200 148 55 0.1211050748825073
2018/05/29 00:38:09:429  https://www.evernote.com/shard/s561/communicationengine syncMessages 200 253 95 0.2007020711898804
2018/05/29 02:37:04:100  https://www.evernote.com/shard/s561/utility getTsdEligibility 200 174 111 0.1951730251312256
2018/05/29 05:29:09:063  https://www.evernote.com/edam/user checkVersion xxx 87 0 0.03373301029205322
2018/05/29 05:29:15:900  https://www.evernote.com/shard/s561/notestore getSyncState xxx 137 0 0.04026007652282715
2018/05/29 06:27:14:867  https://www.evernote.com/edam/user checkVersion xxx 87 0 0.03379392623901367
2018/05/29 06:27:20:513  https://www.evernote.com/shard/s561/notestore getSyncState xxx 137 0 0.0369110107421875
2018/05/29 13:27:31:120  https://www.evernote.com/shard/s561/notestore getSyncState 200 137 139 5.29974901676178
2018/05/29 13:29:47:213  https://www.evernote.com/shard/s561/communicationengine syncMessages 200 253 95 0.3528040647506714
2018/05/29 13:48:45:399  https://www.evernote.com/edam/user checkVersion xxx 87 0 0.03407192230224609
2018/05/29 13:48:51:209  https://www.evernote.com/shard/s561/notestore getSyncState xxx 137 0 0.0432819128036499
2018/05/29 15:19:59:398  https://www.evernote.com/edam/user checkVersion xxx 87 0 0.03434205055236816
2018/05/29 15:20:09:363  https://www.evernote.com/shard/s561/notestore getSyncState 200 137 139 0.2583359479904175
2018/05/29 19:27:42:867  https://www.evernote.com/shard/s561/notestore getSyncState xxx 137 0 0.04334604740142822
2018/05/29 19:27:47:806  https://www.evernote.com/shard/s561/notestore getSyncState xxx 137 0 0.03735804557800293
2018/05/29 21:08:23:394  https://www.evernote.com/edam/user checkVersion xxx 87 0 0.02987003326416016
2018/05/29 21:08:29:172  https://www.evernote.com/shard/s561/notestore getSyncState xxx 137 0 0.03830194473266602
2018/05/29 21:55:34:395  https://www.evernote.com/edam/user checkVersion xxx 87 0 0.0322500467300415
2018/05/29 21:55:44:332  https://www.evernote.com/shard/s561/notestore getSyncState 200 137 139 0.2343800067901611
2018/05/29 23:37:57:892  https://www.evernote.com/shard/s561/notestore getSyncState xxx 137 0 0.03888094425201416
2018/05/29 23:37:59:670  https://www.evernote.com/shard/s561/notestore getSyncState xxx 137 0 0.03700101375579834
2018/05/30 00:45:22:395  https://www.evernote.com/edam/user checkVersion xxx 87 0 0.03221499919891357
2018/05/30 00:45:28:093  https://www.evernote.com/shard/s561/notestore getSyncState xxx 137 0 0.04167401790618896
2018/05/30 01:32:04:825  https://www.evernote.com/shard/s561/communicationengine syncMessages 200 253 95 0.196025013923645
2018/05/30 09:09:33:391  https://www.evernote.com/edam/user checkVersion xxx 87 0 0.03322100639343262
2018/05/30 09:09:40:130  https://www.evernote.com/shard/s561/notestore getSyncState xxx 137 0 0.03830599784851074
2018/05/30 12:50:33:447  https://www.evernote.com/shard/s561/notestore getSyncState xxx 137 0 0.03789997100830078
2018/05/30 12:50:37:990  https://www.evernote.com/shard/s561/notestore getSyncState xxx 137 0 0.03767001628875732
2018/05/30 13:33:14:899  https://www.evernote.com/shard/s561/communicationengine syncMessages 200 253 95 0.2005099058151245
2018/05/30 16:36:39:394  https://www.evernote.com/edam/user checkVersion xxx 87 0 0.03370893001556396
2018/05/30 16:36:45:043  https://www.evernote.com/shard/s561/notestore getSyncState xxx 137 0 0.03818392753601074
2018/05/30 20:33:36:205  https://www.evernote.com/edam/user checkVersion xxx 87 0 0.03579807281494141
2018/05/30 20:33:42:926  https://www.evernote.com/shard/s561/notestore getSyncState xxx 137 0 0.03807103633880615
2018/05/30 22:14:36:391  https://www.evernote.com/edam/user checkVersion xxx 87 0 0.03286099433898926
2018/05/30 22:14:42:155  https://www.evernote.com/shard/s561/notestore getSyncState xxx 137 0 0.04032599925994873
2018/05/31 00:12:11:143  https://www.evernote.com/edam/user checkVersion xxx 87 0 9.784533023834229
2018/05/31 00:12:17:915  https://www.evernote.com/shard/s561/notestore getSyncState 200 137 139 0.2550610303878784
2018/05/31 08:15:24:242  https://www.evernote.com/edam/user checkVersion xxx 87 0 0.03348100185394287
2018/05/31 08:15:30:112  https://www.evernote.com/shard/s561/notestore getSyncState xxx 137 0 0.03929805755615234
2018/05/31 08:16:38:191  https://www.evernote.com/shard/s561/communicationengine syncMessages 200 253 95 0.2039880752563477
2018/05/31 10:18:05:383  https://www.evernote.com/shard/s561/notestore getSyncState xxx 137 0 0.0423051118850708
2018/05/31 10:18:10:044  https://www.evernote.com/shard/s561/notestore getSyncState xxx 137 0 0.03997790813446045
2018/05/31 13:34:07:398  https://www.evernote.com/edam/user checkVersion xxx 87 0 0.03374600410461426
2018/05/31 13:34:13:130  https://www.evernote.com/shard/s561/notestore getSyncState xxx 137 0 0.03938007354736328
2018/05/31 14:00:42:941  https://www.evernote.com/edam/user checkVersion xxx 87 0 0.03716695308685303
2018/05/31 14:00:48:512  https://www.evernote.com/shard/s561/notestore getSyncState xxx 137 0 0.03765201568603516
2018/05/31 18:22:11:050  https://www.evernote.com/edam/user checkVersion xxx 87 0 0.03235900402069092
2018/05/31 18:22:21:249  https://www.evernote.com/shard/s561/notestore getSyncState 200 137 139 0.3115760087966919
