2018/05/22 22:12:18:061  https://www.evernote.com/shard/s561/utility getIncentiveEligibility 200 148 55 0.1822390556335449
2018/05/22 22:39:27:313  https://www.evernote.com/shard/s561/communicationengine syncMessages 200 253 95 0.2069469690322876
2018/05/23 00:12:38:159  https://www.evernote.com/shard/s561/utility getTsdEligibility 200 174 111 0.2034659385681152
2018/05/23 06:59:22:412  https://www.evernote.com/edam/user checkVersion xxx 87 0 0.03596699237823486
2018/05/23 06:59:29:258  https://www.evernote.com/shard/s561/notestore getSyncState xxx 137 0 0.03924500942230225
2018/05/23 07:39:22:406  https://www.evernote.com/edam/user checkVersion xxx 87 0 0.03219401836395264
2018/05/23 07:39:28:162  https://www.evernote.com/shard/s561/notestore getSyncState xxx 137 0 0.03834593296051025
2018/05/23 15:50:44:936  https://www.evernote.com/edam/user checkVersion xxx 87 0 9.663058042526245
2018/05/23 15:50:51:828  https://www.evernote.com/shard/s561/notestore getSyncState 200 137 139 0.2142399549484253
2018/05/23 15:53:13:213  https://www.evernote.com/shard/s561/communicationengine syncMessages 200 253 95 0.1851789951324463
2018/05/24 01:40:52:401  https://www.evernote.com/edam/user checkVersion xxx 87 0 0.03410196304321289
2018/05/24 01:40:58:227  https://www.evernote.com/shard/s561/notestore getSyncState xxx 137 0 0.0376429557800293
2018/05/24 02:00:31:039  https://www.evernote.com/edam/user checkVersion xxx 87 0 0.03416895866394043
2018/05/24 02:00:36:723  https://www.evernote.com/shard/s561/notestore getSyncState xxx 137 0 0.03965306282043457
2018/05/24 03:19:15:397  https://www.evernote.com/edam/user checkVersion xxx 87 0 0.03399598598480225
2018/05/24 03:19:21:164  https://www.evernote.com/shard/s561/notestore getSyncState xxx 137 0 0.03770804405212402
2018/05/24 03:55:57:758  https://www.evernote.com/shard/s561/communicationengine syncMessages 200 253 95 0.1999820470809937
2018/05/24 06:57:53:020  https://www.evernote.com/shard/s561/notestore getSyncState 200 137 139 5.404075026512146
2018/05/24 10:31:53:437  https://www.evernote.com/edam/user checkVersion xxx 87 0 0.06370401382446289
2018/05/24 10:32:05:250  https://www.evernote.com/shard/s561/notestore getSyncState 200 137 139 2.288432002067566
2018/05/24 11:08:00:408  https://www.evernote.com/edam/user checkVersion xxx 87 0 0.03694498538970947
2018/05/24 11:08:08:669  https://www.evernote.com/shard/s561/notestore getSyncState xxx 137 0 0.04072105884552002
2018/05/24 12:18:13:866  https://www.evernote.com/edam/user checkVersion xxx 87 0 0.03398501873016357
2018/05/24 12:18:20:614  https://www.evernote.com/shard/s561/notestore getSyncState xxx 137 0 0.03680002689361572
2018/05/24 15:39:15:867  https://www.evernote.com/edam/user checkVersion xxx 87 0 0.03409099578857422
2018/05/24 15:39:21:613  https://www.evernote.com/shard/s561/notestore getSyncState xxx 137 0 0.03999900817871094
2018/05/24 16:00:57:816  https://www.evernote.com/shard/s561/communicationengine syncMessages 200 253 95 0.2036460638046265
