2018/05/31 18:25:36:283  https://www.evernote.com/shard/s561/utility getIncentiveEligibility 200 148 55 0.1763468980789185
2018/05/31 20:48:42:867  https://www.evernote.com/edam/user checkVersion xxx 87 0 0.03162801265716553
2018/05/31 20:48:48:515  https://www.evernote.com/shard/s561/notestore getSyncState xxx 137 0 0.03755903244018555
2018/05/31 20:52:01:595  https://www.evernote.com/shard/s561/communicationengine syncMessages 200 253 95 0.2116049528121948
2018/05/31 21:11:08:400  https://www.evernote.com/edam/user checkVersion xxx 87 0 0.03400206565856934
2018/05/31 21:11:15:077  https://www.evernote.com/shard/s561/notestore getSyncState xxx 137 0 0.03858804702758789
2018/05/31 22:16:22:387  https://www.evernote.com/shard/s561/utility getTsdEligibility 200 174 111 0.202739953994751
2018/05/31 23:32:05:395  https://www.evernote.com/edam/user checkVersion xxx 87 0 0.03218698501586914
2018/05/31 23:32:11:240  https://www.evernote.com/shard/s561/notestore getSyncState xxx 137 0 0.04512107372283936
2018/06/01 01:39:15:047  https://www.evernote.com/edam/user checkVersion xxx 87 0 0.03132498264312744
2018/06/01 01:39:25:275  https://www.evernote.com/shard/s561/notestore getSyncState 200 137 139 0.2333040237426758
2018/06/01 04:26:18:388  https://www.evernote.com/edam/user checkVersion xxx 87 0 0.03278803825378418
2018/06/01 04:26:24:305  https://www.evernote.com/shard/s561/notestore getSyncState xxx 137 0 0.05282604694366455
2018/06/01 04:58:18:066  https://www.evernote.com/edam/user checkVersion xxx 87 0 0.0353701114654541
2018/06/01 04:58:24:790  https://www.evernote.com/shard/s561/notestore getSyncState xxx 137 0 0.04505002498626709
2018/06/01 04:58:52:202  https://www.evernote.com/shard/s561/notestore getSyncState 200 137 139 0.244596004486084
2018/06/01 04:58:52:369  https://www.evernote.com/shard/s561/utility getPromotionStatus 200 308 326 0.2108370065689087
2018/06/01 04:58:52:539  https://www.evernote.com/shard/s561/utility getPromotionStatus 200 308 326 0.07213890552520752
2018/06/01 04:58:52:668  https://www.evernote.com/shard/s561/utility getPromotionStatus 200 308 326 0.1283489465713501
2018/06/01 04:59:05:281  https://www.evernote.com/shard/s561/utility getPromotionStatus 200 308 326 0.0746079683303833
2018/06/01 04:59:22:524  https://www.evernote.com/shard/s561/notestore getSyncState 200 137 139 0.07308197021484375
2018/06/01 04:59:52:595  https://www.evernote.com/shard/s561/notestore getSyncState 200 137 139 0.07133996486663818
2018/06/01 05:00:22:681  https://www.evernote.com/shard/s561/notestore getSyncState 200 137 139 0.08614802360534668
2018/06/01 05:00:52:787  https://www.evernote.com/shard/s561/notestore getSyncState 200 137 139 0.1055980920791626
2018/06/01 05:01:23:394  https://www.evernote.com/shard/s561/notestore getSyncState 200 137 139 0.1043310165405273
2018/06/01 06:19:23:396  https://www.evernote.com/edam/user checkVersion xxx 87 0 0.03366291522979736
2018/06/01 06:19:29:079  https://www.evernote.com/shard/s561/notestore getSyncState xxx 137 0 0.03930902481079102
2018/06/01 08:53:11:600  https://www.evernote.com/shard/s561/communicationengine syncMessages 200 253 95 1.132654070854187
2018/06/01 20:42:52:866  https://www.evernote.com/edam/user checkVersion xxx 87 0 0.03323400020599365
2018/06/01 20:42:58:820  https://www.evernote.com/shard/s561/notestore getSyncState xxx 137 0 0.03824198246002197
2018/06/01 20:56:18:984  https://www.evernote.com/shard/s561/communicationengine syncMessages 200 253 95 0.2023409605026245
2018/06/01 21:18:44:866  https://www.evernote.com/edam/user checkVersion xxx 87 0 0.03236401081085205
2018/06/01 21:18:51:724  https://www.evernote.com/shard/s561/notestore getSyncState xxx 137 0 0.03453207015991211
2018/06/01 22:58:46:262  https://www.evernote.com/edam/user checkVersion xxx 87 0 9.893720984458923
2018/06/01 22:58:53:040  https://www.evernote.com/shard/s561/notestore getSyncState 200 137 139 0.1993100643157959
2018/06/01 23:27:10:163  https://www.evernote.com/edam/user checkVersion xxx 87 0 0.03398001194000244
2018/06/01 23:27:20:565  https://www.evernote.com/shard/s561/notestore getSyncState 200 137 139 4.682909965515137
2018/06/02 00:14:11:147  https://www.evernote.com/shard/s561/notestore getSyncState 200 137 139 0.196226954460144
2018/06/02 00:14:15:650  https://www.evernote.com/shard/s561/utility getPromotionStatus 200 308 326 0.2511140108108521
2018/06/02 00:14:21:702  https://www.evernote.com/shard/s561/utility getPromotionStatus 200 308 326 0.08212101459503174
2018/06/02 00:14:41:219  https://www.evernote.com/shard/s561/notestore getSyncState 200 137 139 0.07190501689910889
2018/06/02 00:15:26:492  https://www.evernote.com/shard/s561/notestore getSyncState 200 137 139 0.1855219602584839
2018/06/02 00:16:01:759  https://www.evernote.com/shard/s561/notestore getSyncState 200 137 139 0.1143879890441895
2018/06/02 00:16:31:868  https://www.evernote.com/shard/s561/notestore getSyncState 200 137 139 0.108705997467041
2018/06/02 00:16:39:068  https://www.evernote.com/shard/s561/notestore getSyncState 200 137 139 0.1130180358886719
2018/06/02 00:18:15:111  https://www.evernote.com/shard/s561/notestore getSyncState 200 137 139 0.1759339570999146
2018/06/02 00:18:45:183  https://www.evernote.com/shard/s561/notestore getSyncState 200 137 139 0.07260894775390625
2018/06/02 00:19:22:364  https://www.evernote.com/shard/s561/notestore getSyncState 200 137 139 0.1770079135894775
2018/06/02 00:19:52:466  https://www.evernote.com/shard/s561/notestore getSyncState 200 137 139 0.1025760173797607
2018/06/02 00:20:25:102  https://www.evernote.com/shard/s561/notestore getSyncState 200 137 139 0.1775799989700317
2018/06/02 00:20:55:178  https://www.evernote.com/shard/s561/notestore getSyncState 200 137 139 0.07606697082519531
2018/06/02 00:21:25:283  https://www.evernote.com/shard/s561/notestore getSyncState 200 137 139 0.1040389537811279
2018/06/02 00:21:55:353  https://www.evernote.com/shard/s561/notestore getSyncState 200 137 139 0.07017302513122559
2018/06/02 00:22:16:033  https://www.evernote.com/shard/s561/notestore getSyncState 200 137 139 0.1151800155639648
2018/06/02 00:24:22:008  https://www.evernote.com/shard/s561/notestore getSyncState 200 137 139 0.1756449937820435
2018/06/02 00:24:52:115  https://www.evernote.com/shard/s561/notestore getSyncState 200 137 139 0.1064509153366089
2018/06/02 00:25:22:218  https://www.evernote.com/shard/s561/notestore getSyncState 200 137 139 0.1035300493240356
2018/06/02 00:25:52:327  https://www.evernote.com/shard/s561/notestore getSyncState 200 137 139 0.1079460382461548
2018/06/02 00:26:22:431  https://www.evernote.com/shard/s561/notestore getSyncState 200 137 139 0.1041040420532227
2018/06/02 00:27:19:477  https://www.evernote.com/shard/s561/notestore getSyncState 200 137 139 0.1755250692367554
2018/06/02 00:27:49:581  https://www.evernote.com/shard/s561/notestore getSyncState 200 137 139 0.1040109395980835
2018/06/02 00:28:19:687  https://www.evernote.com/shard/s561/notestore getSyncState 200 137 139 0.1052799224853516
2018/06/02 01:33:02:912  https://www.evernote.com/shard/s561/notestore getSyncState 200 137 139 0.2187750339508057
2018/06/02 01:33:03:082  https://www.evernote.com/shard/s561/utility getPromotionStatus 200 308 326 0.1340570449829102
2018/06/02 01:33:03:262  https://www.evernote.com/shard/s561/utility getPromotionStatus 200 308 326 0.07411301136016846
2018/06/02 01:33:03:333  https://www.evernote.com/shard/s561/utility getPromotionStatus 200 308 326 0.07123804092407227
2018/06/02 01:33:33:246  https://www.evernote.com/shard/s561/notestore getSyncState 200 137 139 0.07181394100189209
2018/06/02 01:33:57:249  https://www.evernote.com/shard/s561/notestore getSyncState 200 137 139 0.1160269975662231
2018/06/02 01:34:27:360  https://www.evernote.com/shard/s561/notestore getSyncState 200 137 139 0.1111600399017334
2018/06/02 01:34:47:064  https://www.evernote.com/shard/s561/notestore getSyncState 200 137 139 0.1155840158462524
2018/06/02 01:35:01:413  https://www.evernote.com/shard/s561/notestore getSyncState 200 137 139 0.1203519105911255
2018/06/02 01:35:20:099  https://www.evernote.com/shard/s561/notestore getSyncState 200 137 139 0.1156659126281738
2018/06/02 01:35:43:501  https://www.evernote.com/shard/s561/notestore getSyncState 200 137 139 0.1229920387268066
2018/06/02 01:35:55:661  https://www.evernote.com/shard/s561/notestore getSyncState 200 137 139 0.1208560466766357
2018/06/02 01:50:10:116  https://www.evernote.com/shard/s561/notestore getSyncState 200 137 139 0.186689019203186
2018/06/02 01:50:32:883  https://www.evernote.com/shard/s561/notestore getSyncState 200 137 139 0.0885239839553833
2018/06/02 01:50:45:525  https://www.evernote.com/shard/s561/notestore getSyncState 200 137 139 0.1140159368515015
2018/06/02 01:51:24:324  https://www.evernote.com/shard/s561/notestore getSyncState 200 137 139 0.1224310398101807
