2018/05/19 23:25:12:353 W|**  main  -[EDAMUsage sessionCountInPreviousDays:] | Requested session count for 33 days, only maintaining 30 days of data
2018/05/19 23:25:12:353 W|**  main  -[EDAMUsage sessionCountInPreviousDays:] | Requested session count for 33 days, only maintaining 30 days of data
2018/05/19 23:25:12:382 I|*   24172 -[ENUXPuppetmaster evaluateRules] | >UXPuppetmaster< Object: <ENUXPuppetmaster: 0x7fe361ec6bd0> Evaluated script version: mac.180
2018/05/20 00:25:15:652 W|**  main  -[EDAMUsage sessionCountInPreviousDays:] | Requested session count for 33 days, only maintaining 30 days of data
2018/05/20 00:25:15:653 W|**  main  -[EDAMUsage sessionCountInPreviousDays:] | Requested session count for 33 days, only maintaining 30 days of data
2018/05/20 00:25:15:695 I|*   25136 -[ENUXPuppetmaster evaluateRules] | >UXPuppetmaster< Object: <ENUXPuppetmaster: 0x7fe361ec6bd0> Evaluated script version: mac.180
2018/05/20 01:25:15:511 W|**  main  -[EDAMUsage sessionCountInPreviousDays:] | Requested session count for 33 days, only maintaining 30 days of data
2018/05/20 01:25:15:511 W|**  main  -[EDAMUsage sessionCountInPreviousDays:] | Requested session count for 33 days, only maintaining 30 days of data
2018/05/20 01:25:15:535 I|*   25258 -[ENUXPuppetmaster evaluateRules] | >UXPuppetmaster< Object: <ENUXPuppetmaster: 0x7fe361ec6bd0> Evaluated script version: mac.180
2018/05/20 02:25:15:371 W|**  main  -[EDAMUsage sessionCountInPreviousDays:] | Requested session count for 33 days, only maintaining 30 days of data
2018/05/20 02:25:15:371 W|**  main  -[EDAMUsage sessionCountInPreviousDays:] | Requested session count for 33 days, only maintaining 30 days of data
2018/05/20 02:25:15:397 I|*   25381 -[ENUXPuppetmaster evaluateRules] | >UXPuppetmaster< Object: <ENUXPuppetmaster: 0x7fe361ec6bd0> Evaluated script version: mac.180
2018/05/20 03:25:15:231 W|**  main  -[EDAMUsage sessionCountInPreviousDays:] | Requested session count for 33 days, only maintaining 30 days of data
2018/05/20 03:25:15:231 W|**  main  -[EDAMUsage sessionCountInPreviousDays:] | Requested session count for 33 days, only maintaining 30 days of data
2018/05/20 03:25:15:255 I|*   25504 -[ENUXPuppetmaster evaluateRules] | >UXPuppetmaster< Object: <ENUXPuppetmaster: 0x7fe361ec6bd0> Evaluated script version: mac.180
2018/05/20 04:25:15:092 W|**  main  -[EDAMUsage sessionCountInPreviousDays:] | Requested session count for 33 days, only maintaining 30 days of data
2018/05/20 04:25:15:092 W|**  main  -[EDAMUsage sessionCountInPreviousDays:] | Requested session count for 33 days, only maintaining 30 days of data
2018/05/20 04:25:15:116 I|*   25626 -[ENUXPuppetmaster evaluateRules] | >UXPuppetmaster< Object: <ENUXPuppetmaster: 0x7fe361ec6bd0> Evaluated script version: mac.180
2018/05/20 05:25:14:953 W|**  main  -[EDAMUsage sessionCountInPreviousDays:] | Requested session count for 33 days, only maintaining 30 days of data
2018/05/20 05:25:14:953 W|**  main  -[EDAMUsage sessionCountInPreviousDays:] | Requested session count for 33 days, only maintaining 30 days of data
2018/05/20 05:25:14:976 I|*   25748 -[ENUXPuppetmaster evaluateRules] | >UXPuppetmaster< Object: <ENUXPuppetmaster: 0x7fe361ec6bd0> Evaluated script version: mac.180
2018/05/20 06:25:04:399 I|*   main  -[ENContactIntegrationManager refetchTimerFired:] | Extractor type=3 is disconnected, try to deactivate all contacts from it
2018/05/20 06:25:14:763 W|**  main  -[EDAMUsage sessionCountInPreviousDays:] | Requested session count for 33 days, only maintaining 30 days of data
2018/05/20 06:25:14:763 W|**  main  -[EDAMUsage sessionCountInPreviousDays:] | Requested session count for 33 days, only maintaining 30 days of data
2018/05/20 06:25:14:769 I|*   25880 -[ENContactIntegrationManager _enqueueContactExtraction:]_block_invoke | Extractor type=1 will extract contacts
2018/05/20 06:25:14:770 I|*   25880 -[ENEvernoteContactExtractor extractContacts] | Begin extracting Evernote contacts
2018/05/20 06:25:14:770 I|*   25880 -[ENEvernoteContactExtractor extractContacts] | End fetching Evernote contacts
2018/05/20 06:25:14:791 I|*   25880 -[ENUXPuppetmaster evaluateRules] | >UXPuppetmaster< Object: <ENUXPuppetmaster: 0x7fe361ec6bd0> Evaluated script version: mac.180
2018/05/20 06:25:15:001 I|*   main  -[ENIncentiveManager refreshTimerFired:] | Refresh fired for incentive: (null)
2018/05/20 06:25:15:141 I|*   main  -[ENIncentiveManager refreshIncentive]_block_invoke | Removed current incentive
2018/05/20 06:25:30:141 W|**  main  -[EDAMUsage sessionCountInPreviousDays:] | Requested session count for 33 days, only maintaining 30 days of data
2018/05/20 06:25:30:141 W|**  main  -[EDAMUsage sessionCountInPreviousDays:] | Requested session count for 33 days, only maintaining 30 days of data
2018/05/20 06:25:30:165 I|*   25880 -[ENUXPuppetmaster evaluateRules] | >UXPuppetmaster< Object: <ENUXPuppetmaster: 0x7fe361ec6bd0> Evaluated script version: mac.180
2018/05/20 07:25:14:675 W|**  main  -[EDAMUsage sessionCountInPreviousDays:] | Requested session count for 34 days, only maintaining 30 days of data
2018/05/20 07:25:14:675 W|**  main  -[EDAMUsage sessionCountInPreviousDays:] | Requested session count for 34 days, only maintaining 30 days of data
2018/05/20 07:25:14:699 I|*   26004 -[ENUXPuppetmaster evaluateRules] | >UXPuppetmaster< Object: <ENUXPuppetmaster: 0x7fe361ec6bd0> Evaluated script version: mac.180
2018/05/20 08:25:14:537 W|**  main  -[EDAMUsage sessionCountInPreviousDays:] | Requested session count for 34 days, only maintaining 30 days of data
2018/05/20 08:25:14:537 W|**  main  -[EDAMUsage sessionCountInPreviousDays:] | Requested session count for 34 days, only maintaining 30 days of data
2018/05/20 08:25:14:562 I|*   26131 -[ENUXPuppetmaster evaluateRules] | >UXPuppetmaster< Object: <ENUXPuppetmaster: 0x7fe361ec6bd0> Evaluated script version: mac.180
2018/05/20 08:25:34:954 I|*   main  -[ENTierSelectionEligibilityController checkEligibilityTimerFired:] | Check-TSD-eligibility timer fired; checking with service
2018/05/20 08:25:35:147 I|*   26132 -[ENTierSelectionEligibilityController handleEligibilityResult:] | TSD-eligibility result: <EDAMTierSelectionDisplayEligibilityResult: 0x7fe365b59130; shouldShowTsd = 0; timeToLive = 86400000; tsdType = (null); tsdTiming = (null); tsdVariation = (null); subscriptionInfo = <EDAMSubscriptionInfo: 0x7fe365b05c00; currentTime = 1526819135122; currentlySubscribed = 0; subscriptionRecurring = 0; subscriptionExpirationDate = (null); subscriptionPending = 0; subscriptionCancellationPending = 0; serviceLevelsEligibleForPurchase = {(
    3,
    2
)}; currentSku = (null); validUntil = 1558355135122; itunesReceiptRequested = 0;>; teamStarterPackResult = (null);>
2018/05/20 08:25:35:166 I|*   26132 -[ENTierSelectionEligibilityController startCheckEligibilityTimer] | Waiting for 86399.999617 seconds before checking TSD eligibility with the service
2018/05/20 09:25:14:400 W|**  main  -[EDAMUsage sessionCountInPreviousDays:] | Requested session count for 34 days, only maintaining 30 days of data
2018/05/20 09:25:14:400 W|**  main  -[EDAMUsage sessionCountInPreviousDays:] | Requested session count for 34 days, only maintaining 30 days of data
2018/05/20 09:25:14:424 I|*   26252 -[ENUXPuppetmaster evaluateRules] | >UXPuppetmaster< Object: <ENUXPuppetmaster: 0x7fe361ec6bd0> Evaluated script version: mac.180
2018/05/20 10:25:14:267 W|**  main  -[EDAMUsage sessionCountInPreviousDays:] | Requested session count for 34 days, only maintaining 30 days of data
2018/05/20 10:25:14:267 W|**  main  -[EDAMUsage sessionCountInPreviousDays:] | Requested session count for 34 days, only maintaining 30 days of data
2018/05/20 10:25:14:291 I|*   26377 -[ENUXPuppetmaster evaluateRules] | >UXPuppetmaster< Object: <ENUXPuppetmaster: 0x7fe361ec6bd0> Evaluated script version: mac.180
2018/05/20 11:25:14:082 W|**  main  -[EDAMUsage sessionCountInPreviousDays:] | Requested session count for 34 days, only maintaining 30 days of data
2018/05/20 11:25:14:083 W|**  main  -[EDAMUsage sessionCountInPreviousDays:] | Requested session count for 34 days, only maintaining 30 days of data
2018/05/20 11:25:14:107 I|*   26802 -[ENUXPuppetmaster evaluateRules] | >UXPuppetmaster< Object: <ENUXPuppetmaster: 0x7fe361ec6bd0> Evaluated script version: mac.180
2018/05/20 12:46:47:371 I|*   conn  -[ENConnectivityMonitor checkReachabilityForHost:] | Checking reachability for www.evernote.com...
2018/05/20 12:46:47:371 I|*   conn  +[ENConnectivityMonitor internetIsReachable] |   reachability result: no
2018/05/20 12:46:57:593 I|*   conn  -[ENConnectivityMonitor checkReachabilityForHost:] | Exception checking connectivity via EDAM: Internet connection appears to be offline.
2018/05/20 12:46:59:322 I|*   26887 -[ENCoreMessageSyncEngine considerPendingMessages]_block_invoke | 0 messages pending
2018/05/20 12:47:03:835 I|*   conn  -[ENConnectivityMonitor checkReachabilityForHost:] | Checking reachability for www.evernote.com...
2018/05/20 12:47:03:835 I|*   conn  +[ENConnectivityMonitor internetIsReachable] |   reachability result: OK
2018/05/20 13:19:25:362 I|*   conn  -[ENConnectivityMonitor checkReachabilityForHost:] | Checking reachability for www.evernote.com...
2018/05/20 13:19:25:363 I|*   conn  +[ENConnectivityMonitor internetIsReachable] |   reachability result: no
2018/05/20 13:19:25:399 I|*   conn  -[ENConnectivityMonitor checkReachabilityForHost:] | Exception checking connectivity via EDAM: Internet connection appears to be offline.
2018/05/20 13:19:26:648 I|*   27016 -[ENCoreMessageSyncEngine considerPendingMessages]_block_invoke | 0 messages pending
2018/05/20 13:19:35:381 I|*   conn  -[ENConnectivityMonitor checkReachabilityForHost:] | Checking reachability for www.evernote.com...
2018/05/20 13:19:35:381 I|*   conn  +[ENConnectivityMonitor internetIsReachable] |   reachability result: OK
2018/05/20 13:28:45:307 W|**  main  -[EDAMUsage sessionCountInPreviousDays:] | Requested session count for 34 days, only maintaining 30 days of data
2018/05/20 13:28:45:307 W|**  main  -[EDAMUsage sessionCountInPreviousDays:] | Requested session count for 34 days, only maintaining 30 days of data
2018/05/20 13:28:45:331 I|*   27060 -[ENUXPuppetmaster evaluateRules] | >UXPuppetmaster< Object: <ENUXPuppetmaster: 0x7fe361ec6bd0> Evaluated script version: mac.180
2018/05/20 15:35:04:370 I|*   conn  -[ENConnectivityMonitor checkReachabilityForHost:] | Checking reachability for www.evernote.com...
2018/05/20 15:35:04:370 I|*   conn  +[ENConnectivityMonitor internetIsReachable] |   reachability result: no
2018/05/20 15:35:04:403 I|*   conn  -[ENConnectivityMonitor checkReachabilityForHost:] | Exception checking connectivity via EDAM: Internet connection appears to be offline.
2018/05/20 15:35:05:514 I|*   27099 -[ENCoreMessageSyncEngine considerPendingMessages]_block_invoke | 0 messages pending
2018/05/20 15:35:10:011 I|*   conn  -[ENConnectivityMonitor checkReachabilityForHost:] | Checking reachability for www.evernote.com...
2018/05/20 15:35:10:011 I|*   conn  +[ENConnectivityMonitor internetIsReachable] |   reachability result: OK
2018/05/20 15:35:10:049 E|*** 27099 -[ENAccountContext serverSyncStateForEdamClient:]_block_invoke | caught TTransportException: Error loading HTTP request
  userInfo = {
    error = "Error Domain=NSURLErrorDomain Code=-1003 \"A server with the specified hostname could not be found.\" UserInfo={NSUnderlyingError=0x7fe361d041f0 {Error Domain=kCFErrorDomainCFNetwork Code=-1003 \"A server with the specified hostname could not be found.\" UserInfo={NSErrorFailingURLStringKey=https://www.evernote.com/shard/s561/notestore, NSErrorFailingURLKey=https://www.evernote.com/shard/s561/notestore, _kCFStreamErrorCodeKey=8, _kCFStreamErrorDomainKey=12, NSLocalizedDescription=A server with the specified hostname could not be found.}}, NSErrorFailingURLStringKey=https://www.evernote.com/shard/s561/notestore, NSErrorFailingURLKey=https://www.evernote.com/shard/s561/notestore, _kCFStreamErrorDomainKey=12, _kCFStreamErrorCodeKey=8, NSLocalizedDescription=A server with the specified hostname could not be found.}";
    url = "https://www.evernote.com/shard/s561/notestore";
}
2018/05/20 15:35:10:049 E|*** 27099 -[ENAccountContext reconsiderChoiceScreenTrigger] | caught TTransportException: Error loading HTTP request
  userInfo = {
    error = "Error Domain=NSURLErrorDomain Code=-1003 \"A server with the specified hostname could not be found.\" UserInfo={NSUnderlyingError=0x7fe361d041f0 {Error Domain=kCFErrorDomainCFNetwork Code=-1003 \"A server with the specified hostname could not be found.\" UserInfo={NSErrorFailingURLStringKey=https://www.evernote.com/shard/s561/notestore, NSErrorFailingURLKey=https://www.evernote.com/shard/s561/notestore, _kCFStreamErrorCodeKey=8, _kCFStreamErrorDomainKey=12, NSLocalizedDescription=A server with the specified hostname could not be found.}}, NSErrorFailingURLStringKey=https://www.evernote.com/shard/s561/notestore, NSErrorFailingURLKey=https://www.evernote.com/shard/s561/notestore, _kCFStreamErrorDomainKey=12, _kCFStreamErrorCodeKey=8, NSLocalizedDescription=A server with the specified hostname could not be found.}";
    url = "https://www.evernote.com/shard/s561/notestore";
}
2018/05/20 16:20:28:445 W|**  main  -[EDAMUsage sessionCountInPreviousDays:] | Requested session count for 34 days, only maintaining 30 days of data
2018/05/20 16:20:28:446 W|**  main  -[EDAMUsage sessionCountInPreviousDays:] | Requested session count for 34 days, only maintaining 30 days of data
2018/05/20 16:20:28:469 I|*   28232 -[ENUXPuppetmaster evaluateRules] | >UXPuppetmaster< Object: <ENUXPuppetmaster: 0x7fe361ec6bd0> Evaluated script version: mac.180
2018/05/20 18:40:46:818 I|*   conn  -[ENConnectivityMonitor checkReachabilityForHost:] | Checking reachability for www.evernote.com...
2018/05/20 18:40:46:818 I|*   conn  +[ENConnectivityMonitor internetIsReachable] |   reachability result: no
2018/05/20 18:40:46:852 I|*   conn  -[ENConnectivityMonitor checkReachabilityForHost:] | Exception checking connectivity via EDAM: Internet connection appears to be offline.
2018/05/20 18:40:55:951 I|*   conn  -[ENConnectivityMonitor checkReachabilityForHost:] | Checking reachability for www.evernote.com...
2018/05/20 18:40:55:951 I|*   conn  +[ENConnectivityMonitor internetIsReachable] |   reachability result: OK
2018/05/20 18:40:56:268 I|*   28261 -[ENCoreMessageSyncEngine considerPendingMessages]_block_invoke | 0 messages pending
2018/05/20 19:31:31:695 W|**  main  -[EDAMUsage sessionCountInPreviousDays:] | Requested session count for 34 days, only maintaining 30 days of data
2018/05/20 19:31:31:695 W|**  main  -[EDAMUsage sessionCountInPreviousDays:] | Requested session count for 34 days, only maintaining 30 days of data
2018/05/20 19:31:31:719 I|*   28763 -[ENUXPuppetmaster evaluateRules] | >UXPuppetmaster< Object: <ENUXPuppetmaster: 0x7fe361ec6bd0> Evaluated script version: mac.180
2018/05/20 21:17:59:202 I|*   conn  -[ENConnectivityMonitor checkReachabilityForHost:] | Checking reachability for www.evernote.com...
2018/05/20 21:17:59:202 I|*   conn  +[ENConnectivityMonitor internetIsReachable] |   reachability result: no
2018/05/20 21:17:59:235 I|*   conn  -[ENConnectivityMonitor checkReachabilityForHost:] | Exception checking connectivity via EDAM: Internet connection appears to be offline.
2018/05/20 21:18:00:407 I|*   28871 -[ENCoreMessageSyncEngine considerPendingMessages]_block_invoke | 0 messages pending
2018/05/20 21:18:05:009 I|*   conn  -[ENConnectivityMonitor checkReachabilityForHost:] | Checking reachability for www.evernote.com...
2018/05/20 21:18:05:009 I|*   conn  +[ENConnectivityMonitor internetIsReachable] |   reachability result: OK
2018/05/20 21:18:05:047 E|*** 28876 -[ENAccountContext serverSyncStateForEdamClient:]_block_invoke | caught TTransportException: Error loading HTTP request
  userInfo = {
    error = "Error Domain=NSURLErrorDomain Code=-1003 \"A server with the specified hostname could not be found.\" UserInfo={NSUnderlyingError=0x7fe364064a20 {Error Domain=kCFErrorDomainCFNetwork Code=-1003 \"A server with the specified hostname could not be found.\" UserInfo={NSErrorFailingURLStringKey=https://www.evernote.com/shard/s561/notestore, NSErrorFailingURLKey=https://www.evernote.com/shard/s561/notestore, _kCFStreamErrorCodeKey=8, _kCFStreamErrorDomainKey=12, NSLocalizedDescription=A server with the specified hostname could not be found.}}, NSErrorFailingURLStringKey=https://www.evernote.com/shard/s561/notestore, NSErrorFailingURLKey=https://www.evernote.com/shard/s561/notestore, _kCFStreamErrorDomainKey=12, _kCFStreamErrorCodeKey=8, NSLocalizedDescription=A server with the specified hostname could not be found.}";
    url = "https://www.evernote.com/shard/s561/notestore";
}
2018/05/20 21:18:05:047 E|*** 28876 -[ENAccountContext reconsiderChoiceScreenTrigger] | caught TTransportException: Error loading HTTP request
  userInfo = {
    error = "Error Domain=NSURLErrorDomain Code=-1003 \"A server with the specified hostname could not be found.\" UserInfo={NSUnderlyingError=0x7fe364064a20 {Error Domain=kCFErrorDomainCFNetwork Code=-1003 \"A server with the specified hostname could not be found.\" UserInfo={NSErrorFailingURLStringKey=https://www.evernote.com/shard/s561/notestore, NSErrorFailingURLKey=https://www.evernote.com/shard/s561/notestore, _kCFStreamErrorCodeKey=8, _kCFStreamErrorDomainKey=12, NSLocalizedDescription=A server with the specified hostname could not be found.}}, NSErrorFailingURLStringKey=https://www.evernote.com/shard/s561/notestore, NSErrorFailingURLKey=https://www.evernote.com/shard/s561/notestore, _kCFStreamErrorDomainKey=12, _kCFStreamErrorCodeKey=8, NSLocalizedDescription=A server with the specified hostname could not be found.}";
    url = "https://www.evernote.com/shard/s561/notestore";
}
2018/05/20 21:36:41:559 W|**  main  -[EDAMUsage sessionCountInPreviousDays:] | Requested session count for 34 days, only maintaining 30 days of data
2018/05/20 21:36:41:559 W|**  main  -[EDAMUsage sessionCountInPreviousDays:] | Requested session count for 34 days, only maintaining 30 days of data
2018/05/20 21:36:41:586 I|*   29320 -[ENUXPuppetmaster evaluateRules] | >UXPuppetmaster< Object: <ENUXPuppetmaster: 0x7fe361ec6bd0> Evaluated script version: mac.180
2018/05/20 22:36:47:775 W|**  main  -[EDAMUsage sessionCountInPreviousDays:] | Requested session count for 34 days, only maintaining 30 days of data
2018/05/20 22:36:47:775 W|**  main  -[EDAMUsage sessionCountInPreviousDays:] | Requested session count for 34 days, only maintaining 30 days of data
2018/05/20 22:36:47:799 I|*   29612 -[ENUXPuppetmaster evaluateRules] | >UXPuppetmaster< Object: <ENUXPuppetmaster: 0x7fe361ec6bd0> Evaluated script version: mac.180
2018/05/20 23:36:45:832 W|**  main  -[EDAMUsage sessionCountInPreviousDays:] | Requested session count for 34 days, only maintaining 30 days of data
2018/05/20 23:36:45:832 W|**  main  -[EDAMUsage sessionCountInPreviousDays:] | Requested session count for 34 days, only maintaining 30 days of data
2018/05/20 23:36:45:857 I|*   29755 -[ENUXPuppetmaster evaluateRules] | >UXPuppetmaster< Object: <ENUXPuppetmaster: 0x7fe361ec6bd0> Evaluated script version: mac.180
2018/05/21 00:36:39:696 W|**  main  -[EDAMUsage sessionCountInPreviousDays:] | Requested session count for 34 days, only maintaining 30 days of data
2018/05/21 00:36:39:696 W|**  main  -[EDAMUsage sessionCountInPreviousDays:] | Requested session count for 34 days, only maintaining 30 days of data
2018/05/21 00:36:39:720 I|*   29898 -[ENUXPuppetmaster evaluateRules] | >UXPuppetmaster< Object: <ENUXPuppetmaster: 0x7fe361ec6bd0> Evaluated script version: mac.180
2018/05/21 01:36:47:363 W|**  main  -[EDAMUsage sessionCountInPreviousDays:] | Requested session count for 34 days, only maintaining 30 days of data
2018/05/21 01:36:47:363 W|**  main  -[EDAMUsage sessionCountInPreviousDays:] | Requested session count for 34 days, only maintaining 30 days of data
2018/05/21 01:36:47:387 I|*   30037 -[ENUXPuppetmaster evaluateRules] | >UXPuppetmaster< Object: <ENUXPuppetmaster: 0x7fe361ec6bd0> Evaluated script version: mac.180
2018/05/21 02:36:39:421 W|**  main  -[EDAMUsage sessionCountInPreviousDays:] | Requested session count for 34 days, only maintaining 30 days of data
2018/05/21 02:36:39:421 W|**  main  -[EDAMUsage sessionCountInPreviousDays:] | Requested session count for 34 days, only maintaining 30 days of data
2018/05/21 02:36:39:445 I|*   30194 -[ENUXPuppetmaster evaluateRules] | >UXPuppetmaster< Object: <ENUXPuppetmaster: 0x7fe361ec6bd0> Evaluated script version: mac.180
2018/05/21 03:36:47:088 W|**  main  -[EDAMUsage sessionCountInPreviousDays:] | Requested session count for 34 days, only maintaining 30 days of data
2018/05/21 03:36:47:088 W|**  main  -[EDAMUsage sessionCountInPreviousDays:] | Requested session count for 34 days, only maintaining 30 days of data
2018/05/21 03:36:47:112 I|*   30339 -[ENUXPuppetmaster evaluateRules] | >UXPuppetmaster< Object: <ENUXPuppetmaster: 0x7fe361ec6bd0> Evaluated script version: mac.180
2018/05/21 04:36:37:150 W|**  main  -[EDAMUsage sessionCountInPreviousDays:] | Requested session count for 34 days, only maintaining 30 days of data
2018/05/21 04:36:37:150 W|**  main  -[EDAMUsage sessionCountInPreviousDays:] | Requested session count for 34 days, only maintaining 30 days of data
2018/05/21 04:36:37:174 I|*   30476 -[ENUXPuppetmaster evaluateRules] | >UXPuppetmaster< Object: <ENUXPuppetmaster: 0x7fe361ec6bd0> Evaluated script version: mac.180
2018/05/21 05:36:43:007 W|**  main  -[EDAMUsage sessionCountInPreviousDays:] | Requested session count for 34 days, only maintaining 30 days of data
2018/05/21 05:36:43:008 W|**  main  -[EDAMUsage sessionCountInPreviousDays:] | Requested session count for 34 days, only maintaining 30 days of data
