2018/05/11 07:40:35:163 I|*   main  +[NSString(NSStringAdditions) stringFromData:textEncodingName:] | Archive encoding name: 'UTF-8'
2018/05/11 07:40:35:163 I|*   main  -[ENMLConverter parseHTMLFragment:usedHTMLTidy:] | HTML fragment has no XML declaration and no DOCTYPE declaration.
2018/05/11 07:40:35:163 I|*   main  -[ENMLConverter parseHTMLFragment:usedHTMLTidy:] | Parse failed w/o HTML tidy.
2018/05/11 07:40:35:164 I|*   main  +[NSString(NSStringAdditions) stringFromData:textEncodingName:] | Archive encoding name: 'UTF-8'
2018/05/11 07:40:58:030 I|*   main  -[ENCommonEditorWebView commitEditingWithCompletion:savedByRealtimeServer:] | Saving note [no guid]/p799 length of 1945 bytes:
2018/05/11 07:41:13:192 I|*   main  -[ENCommonEditorWebView commitEditingWithCompletion:savedByRealtimeServer:] | Saving note [no guid]/p799 length of 2274 bytes:
2018/05/11 07:41:28:139 I|*   main  +[NSString(NSStringAdditions) stringFromData:textEncodingName:] | Archive encoding name: 'UTF-8'
2018/05/11 07:41:28:139 I|*   main  -[ENMLConverter parseHTMLFragment:usedHTMLTidy:] | HTML fragment has no XML declaration and no DOCTYPE declaration.
2018/05/11 07:41:28:139 I|*   main  -[ENMLConverter parseHTMLFragment:usedHTMLTidy:] | Parse failed w/o HTML tidy.
2018/05/11 07:41:28:139 I|*   main  +[NSString(NSStringAdditions) stringFromData:textEncodingName:] | Archive encoding name: 'UTF-8'
2018/05/11 07:41:30:206 I|*   main  +[ENMLPasteboardUtils chooseTypeFromPasteboard:dragInfo:plainTextOnly:] | Offered pasteboard types: (
    "Apple HTML pasteboard type",
    "Apple Web Archive pasteboard type",
    "CorePasteboardFlavorType 0x54455854",
    "CorePasteboardFlavorType 0x7374796C",
    "CorePasteboardFlavorType 0x7573746C",
    "CorePasteboardFlavorType 0x75743136",
    NSStringPboardType,
    "NeXT RTFD pasteboard type",
    "NeXT Rich Text Format v1.0 pasteboard type",
    "com.apple.flat-rtfd",
    "com.apple.traditional-mac-plain-text",
    "com.apple.webarchive",
    "com.evernote.ce.resources",
    "com.evernote.webarchive.html",
    "dyn.ah62d4rv4gk81g7d3ru",
    "dyn.ah62d4rv4gk81n65yru",
    "public.html",
    "public.rtf",
    "public.utf16-external-plain-text",
    "public.utf8-plain-text"
)
2018/05/11 07:41:30:206 I|*   main  +[ENMLPasteboardUtils chooseTypeFromPasteboard:dragInfo:plainTextOnly:] | Using Evernote HTML
2018/05/11 07:41:30:206 I|*   10636 +[ENMLPasteboardUtils chooseTypeFromPasteboard:dragInfo:plainTextOnly:] | Offered pasteboard types: (
    "Apple HTML pasteboard type",
    "Apple Web Archive pasteboard type",
    "CorePasteboardFlavorType 0x54455854",
    "CorePasteboardFlavorType 0x7374796C",
    "CorePasteboardFlavorType 0x7573746C",
    "CorePasteboardFlavorType 0x75743136",
    NSStringPboardType,
    "NeXT RTFD pasteboard type",
    "NeXT Rich Text Format v1.0 pasteboard type",
    "com.apple.flat-rtfd",
    "com.apple.traditional-mac-plain-text",
    "com.apple.webarchive",
    "com.evernote.ce.resources",
    "com.evernote.webarchive.html",
    "dyn.ah62d4rv4gk81g7d3ru",
    "dyn.ah62d4rv4gk81n65yru",
    "public.html",
    "public.rtf",
    "public.utf16-external-plain-text",
    "public.utf8-plain-text"
)
2018/05/11 07:41:30:206 I|*   10636 +[ENMLPasteboardUtils chooseTypeFromPasteboard:dragInfo:plainTextOnly:] | Using Evernote HTML
2018/05/11 07:41:30:207 I|*   10636 +[NSString(NSStringAdditions) stringFromData:textEncodingName:] | Archive encoding name: 'UTF-8'
2018/05/11 07:41:32:194 I|*   main  -[ENCommonEditorWebView commitEditingWithCompletion:savedByRealtimeServer:] | Saving note [no guid]/p799 length of 2334 bytes:
2018/05/11 07:41:36:190 I|*   main  -[ENCommonEditorWebView commitEditingWithCompletion:savedByRealtimeServer:] | Saving note [no guid]/p799 length of 2402 bytes:
2018/05/11 07:41:57:191 I|*   main  -[ENCommonEditorWebView commitEditingWithCompletion:savedByRealtimeServer:] | Saving note [no guid]/p799 length of 2410 bytes:
2018/05/11 07:42:00:190 I|*   main  -[ENCommonEditorWebView commitEditingWithCompletion:savedByRealtimeServer:] | Saving note [no guid]/p799 length of 2412 bytes:
2018/05/11 07:42:08:190 I|*   main  -[ENCommonEditorWebView commitEditingWithCompletion:savedByRealtimeServer:] | Saving note [no guid]/p799 length of 2414 bytes:
2018/05/11 07:42:11:189 I|*   main  -[ENCommonEditorWebView commitEditingWithCompletion:savedByRealtimeServer:] | Saving note [no guid]/p799 length of 2413 bytes:
2018/05/11 07:42:17:190 I|*   main  -[ENCommonEditorWebView commitEditingWithCompletion:savedByRealtimeServer:] | Saving note [no guid]/p799 length of 2414 bytes:
2018/05/11 07:42:20:191 I|*   main  -[ENCommonEditorWebView commitEditingWithCompletion:savedByRealtimeServer:] | Saving note [no guid]/p799 length of 2417 bytes:
2018/05/11 07:42:31:421 I|*   main  +[NSString(NSStringAdditions) stringFromData:textEncodingName:] | Archive encoding name: 'UTF-8'
2018/05/11 07:42:31:421 I|*   main  -[ENMLConverter parseHTMLFragment:usedHTMLTidy:] | HTML fragment has no XML declaration and no DOCTYPE declaration.
2018/05/11 07:42:31:421 I|*   main  -[ENMLConverter parseHTMLFragment:usedHTMLTidy:] | Parse failed w/o HTML tidy.
2018/05/11 07:42:31:421 I|*   main  +[NSString(NSStringAdditions) stringFromData:textEncodingName:] | Archive encoding name: 'UTF-8'
2018/05/11 07:47:39:177 I|*   main  -[ENCommonEditorWebView commitEditingWithCompletion:savedByRealtimeServer:] | Saving note [no guid]/p799 length of 2416 bytes:
2018/05/11 07:52:43:163 I|*   main  -[ENNoteEditorViewController inactivityTimerFired:] | NoteLockCat editor is inactive <ENMacNoteMO 0x7f8f09954c50> MOID:0xc7c0002b <x-coredata://6B042D32-6611-46E6-A847-601106F4A699/ENNote/p799> GUID:[local] Title:Java Classes Account:(null) USN:0 Hash:<4c4a268a d2d95072 9f20df67 56572df1> Length:2416
2018/05/11 07:55:01:160 I|*   main  -[ENCommonEditorWebView commitEditingWithCompletion:savedByRealtimeServer:] | Saving note [no guid]/p799 length of 2421 bytes:
2018/05/11 07:55:04:160 I|*   main  -[ENCommonEditorWebView commitEditingWithCompletion:savedByRealtimeServer:] | Saving note [no guid]/p799 length of 2424 bytes:
2018/05/11 07:55:10:159 I|*   main  -[ENCommonEditorWebView commitEditingWithCompletion:savedByRealtimeServer:] | Saving note [no guid]/p799 length of 2422 bytes:
2018/05/11 07:55:15:160 I|*   main  -[ENCommonEditorWebView commitEditingWithCompletion:savedByRealtimeServer:] | Saving note [no guid]/p799 length of 2424 bytes:
2018/05/11 07:55:27:383 I|*   main  +[NSString(NSStringAdditions) stringFromData:textEncodingName:] | Archive encoding name: 'UTF-8'
2018/05/11 07:55:27:383 I|*   main  -[ENMLConverter parseHTMLFragment:usedHTMLTidy:] | HTML fragment has no XML declaration and no DOCTYPE declaration.
2018/05/11 07:55:27:383 I|*   main  -[ENMLConverter parseHTMLFragment:usedHTMLTidy:] | Parse failed w/o HTML tidy.
2018/05/11 07:55:27:383 I|*   main  +[NSString(NSStringAdditions) stringFromData:textEncodingName:] | Archive encoding name: 'UTF-8'
2018/05/11 07:56:01:158 I|*   main  -[ENCommonEditorWebView commitEditingWithCompletion:savedByRealtimeServer:] | Saving note [no guid]/p799 length of 2419 bytes:
2018/05/11 07:56:20:158 I|*   main  -[ENCommonEditorWebView commitEditingWithCompletion:savedByRealtimeServer:] | Saving note [no guid]/p799 length of 2464 bytes:
2018/05/11 07:56:31:157 I|*   main  -[ENCommonEditorWebView commitEditingWithCompletion:savedByRealtimeServer:] | Saving note [no guid]/p799 length of 2493 bytes:
2018/05/11 07:56:33:157 I|*   main  -[ENCommonEditorWebView commitEditingWithCompletion:savedByRealtimeServer:] | Saving note [no guid]/p799 length of 2493 bytes:
2018/05/11 07:56:40:157 I|*   main  -[ENCommonEditorWebView commitEditingWithCompletion:savedByRealtimeServer:] | Saving note [no guid]/p799 length of 2522 bytes:
2018/05/11 07:56:42:157 I|*   main  -[ENCommonEditorWebView commitEditingWithCompletion:savedByRealtimeServer:] | Saving note [no guid]/p799 length of 2522 bytes:
2018/05/11 07:56:42:157 W|**  10694 -[ENNoteMO setENMLContent:fromServer:error:] | ENML has not changed!
2018/05/11 07:56:48:157 I|*   main  -[ENCommonEditorWebView commitEditingWithCompletion:savedByRealtimeServer:] | Saving note [no guid]/p799 length of 2551 bytes:
2018/05/11 07:56:57:157 I|*   main  -[ENCommonEditorWebView commitEditingWithCompletion:savedByRealtimeServer:] | Saving note [no guid]/p799 length of 2567 bytes:
2018/05/11 07:56:59:155 I|*   main  -[ENCommonEditorWebView commitEditingWithCompletion:savedByRealtimeServer:] | Saving note [no guid]/p799 length of 2567 bytes:
2018/05/11 07:56:59:156 W|**  10697 -[ENNoteMO setENMLContent:fromServer:error:] | ENML has not changed!
2018/05/11 07:57:04:156 I|*   main  -[ENCommonEditorWebView commitEditingWithCompletion:savedByRealtimeServer:] | Saving note [no guid]/p799 length of 2583 bytes:
2018/05/11 07:57:07:156 I|*   main  -[ENCommonEditorWebView commitEditingWithCompletion:savedByRealtimeServer:] | Saving note [no guid]/p799 length of 2599 bytes:
2018/05/11 07:57:21:155 I|*   main  -[ENCommonEditorWebView commitEditingWithCompletion:savedByRealtimeServer:] | Saving note [no guid]/p799 length of 2622 bytes:
2018/05/11 07:57:23:156 I|*   main  -[ENCommonEditorWebView commitEditingWithCompletion:savedByRealtimeServer:] | Saving note [no guid]/p799 length of 2616 bytes:
2018/05/11 07:57:26:156 I|*   main  -[ENCommonEditorWebView commitEditingWithCompletion:savedByRealtimeServer:] | Saving note [no guid]/p799 length of 2610 bytes:
2018/05/11 07:57:36:155 I|*   main  -[ENCommonEditorWebView commitEditingWithCompletion:savedByRealtimeServer:] | Saving note [no guid]/p799 length of 2639 bytes:
2018/05/11 07:57:44:153 I|*   main  -[ENCommonEditorWebView commitEditingWithCompletion:savedByRealtimeServer:] | Saving note [no guid]/p799 length of 2655 bytes:
2018/05/11 07:58:04:153 I|*   main  -[ENCommonEditorWebView commitEditingWithCompletion:savedByRealtimeServer:] | Saving note [no guid]/p799 length of 2684 bytes:
2018/05/11 07:58:09:153 I|*   main  -[ENCommonEditorWebView commitEditingWithCompletion:savedByRealtimeServer:] | Saving note [no guid]/p799 length of 2713 bytes:
2018/05/11 07:58:16:155 I|*   main  -[ENCommonEditorWebView commitEditingWithCompletion:savedByRealtimeServer:] | Saving note [no guid]/p799 length of 2729 bytes:
2018/05/11 07:58:24:152 I|*   main  -[ENCommonEditorWebView commitEditingWithCompletion:savedByRealtimeServer:] | Saving note [no guid]/p799 length of 2745 bytes:
2018/05/11 07:58:45:151 I|*   main  -[ENCommonEditorWebView commitEditingWithCompletion:savedByRealtimeServer:] | Saving note [no guid]/p799 length of 2745 bytes:
2018/05/11 07:58:48:152 I|*   main  -[ENCommonEditorWebView commitEditingWithCompletion:savedByRealtimeServer:] | Saving note [no guid]/p799 length of 2745 bytes:
2018/05/11 07:58:53:153 I|*   main  -[ENCommonEditorWebView commitEditingWithCompletion:savedByRealtimeServer:] | Saving note [no guid]/p799 length of 2745 bytes:
2018/05/11 07:59:01:153 I|*   main  -[ENCommonEditorWebView commitEditingWithCompletion:savedByRealtimeServer:] | Saving note [no guid]/p799 length of 2847 bytes:
2018/05/11 07:59:03:153 I|*   main  -[ENCommonEditorWebView commitEditingWithCompletion:savedByRealtimeServer:] | Saving note [no guid]/p799 length of 2881 bytes:
2018/05/11 07:59:08:150 I|*   main  -[ENCommonEditorWebView commitEditingWithCompletion:savedByRealtimeServer:] | Saving note [no guid]/p799 length of 2889 bytes:
2018/05/11 07:59:14:150 I|*   main  -[ENCommonEditorWebView commitEditingWithCompletion:savedByRealtimeServer:] | Saving note [no guid]/p799 length of 2899 bytes:
2018/05/11 07:59:19:151 I|*   main  -[ENCommonEditorWebView commitEditingWithCompletion:savedByRealtimeServer:] | Saving note [no guid]/p799 length of 2893 bytes:
2018/05/11 07:59:26:152 I|*   main  -[ENCommonEditorWebView commitEditingWithCompletion:savedByRealtimeServer:] | Saving note [no guid]/p799 length of 2889 bytes:
2018/05/11 07:59:28:152 I|*   main  -[ENCommonEditorWebView commitEditingWithCompletion:savedByRealtimeServer:] | Saving note [no guid]/p799 length of 2893 bytes:
2018/05/11 07:59:36:151 I|*   main  -[ENCommonEditorWebView commitEditingWithCompletion:savedByRealtimeServer:] | Saving note [no guid]/p799 length of 2909 bytes:
2018/05/11 07:59:45:152 I|*   main  -[ENCommonEditorWebView commitEditingWithCompletion:savedByRealtimeServer:] | Saving note [no guid]/p799 length of 2909 bytes:
2018/05/11 07:59:50:149 I|*   main  -[ENCommonEditorWebView commitEditingWithCompletion:savedByRealtimeServer:] | Saving note [no guid]/p799 length of 2911 bytes:
2018/05/11 07:59:54:149 I|*   main  -[ENCommonEditorWebView commitEditingWithCompletion:savedByRealtimeServer:] | Saving note [no guid]/p799 length of 2918 bytes:
2018/05/11 08:00:00:150 I|*   main  -[ENCommonEditorWebView commitEditingWithCompletion:savedByRealtimeServer:] | Saving note [no guid]/p799 length of 2922 bytes:
2018/05/11 08:00:07:152 I|*   main  -[ENCommonEditorWebView commitEditingWithCompletion:savedByRealtimeServer:] | Saving note [no guid]/p799 length of 2954 bytes:
2018/05/11 08:00:13:147 I|*   main  -[ENCommonEditorWebView commitEditingWithCompletion:savedByRealtimeServer:] | Saving note [no guid]/p799 length of 2970 bytes:
2018/05/11 08:00:19:149 I|*   main  -[ENCommonEditorWebView commitEditingWithCompletion:savedByRealtimeServer:] | Saving note [no guid]/p799 length of 2986 bytes:
2018/05/11 08:00:29:147 I|*   main  -[ENCommonEditorWebView commitEditingWithCompletion:savedByRealtimeServer:] | Saving note [no guid]/p799 length of 3002 bytes:
2018/05/11 08:00:35:148 I|*   main  -[ENCommonEditorWebView commitEditingWithCompletion:savedByRealtimeServer:] | Saving note [no guid]/p799 length of 3018 bytes:
2018/05/11 08:00:41:148 I|*   main  -[ENCommonEditorWebView commitEditingWithCompletion:savedByRealtimeServer:] | Saving note [no guid]/p799 length of 3034 bytes:
2018/05/11 08:00:46:147 I|*   main  -[ENCommonEditorWebView commitEditingWithCompletion:savedByRealtimeServer:] | Saving note [no guid]/p799 length of 3050 bytes:
2018/05/11 08:00:51:147 I|*   main  -[ENCommonEditorWebView commitEditingWithCompletion:savedByRealtimeServer:] | Saving note [no guid]/p799 length of 3079 bytes:
2018/05/11 08:00:56:147 I|*   main  -[ENCommonEditorWebView commitEditingWithCompletion:savedByRealtimeServer:] | Saving note [no guid]/p799 length of 2756 bytes:
2018/05/11 08:01:04:147 I|*   main  -[ENCommonEditorWebView commitEditingWithCompletion:savedByRealtimeServer:] | Saving note [no guid]/p799 length of 2750 bytes:
2018/05/11 08:01:10:146 I|*   main  -[ENCommonEditorWebView commitEditingWithCompletion:savedByRealtimeServer:] | Saving note [no guid]/p799 length of 2766 bytes:
2018/05/11 08:01:15:147 I|*   main  -[ENCommonEditorWebView commitEditingWithCompletion:savedByRealtimeServer:] | Saving note [no guid]/p799 length of 2795 bytes:
2018/05/11 08:01:25:145 I|*   main  -[ENCommonEditorWebView commitEditingWithCompletion:savedByRealtimeServer:] | Saving note [no guid]/p799 length of 2789 bytes:
2018/05/11 08:01:28:146 I|*   main  -[ENCommonEditorWebView commitEditingWithCompletion:savedByRealtimeServer:] | Saving note [no guid]/p799 length of 2796 bytes:
2018/05/11 08:01:36:146 I|*   main  -[ENCommonEditorWebView commitEditingWithCompletion:savedByRealtimeServer:] | Saving note [no guid]/p799 length of 2790 bytes:
2018/05/11 08:01:39:146 I|*   main  -[ENCommonEditorWebView commitEditingWithCompletion:savedByRealtimeServer:] | Saving note [no guid]/p799 length of 2794 bytes:
2018/05/11 08:06:37:656 I|*   main  -[ENNoteEditorViewController inactivityTimerFired:] | NoteLockCat editor is inactive <ENMacNoteMO 0x7f8f09954c50> MOID:0xc7c0002b <x-coredata://6B042D32-6611-46E6-A847-601106F4A699/ENNote/p799> GUID:[local] Title:Java Classes Account:(null) USN:0 Hash:<f6ad3575 cdb10138 60810c1b 3e283df0> Length:2794
2018/05/11 08:36:45:084 I|*   10750 -[ENUXPuppetmaster evaluateRules] | >UXPuppetmaster< Object: <ENUXPuppetmaster: 0x7f8f037acb00> Evaluated script version: mac.180
2018/05/11 08:54:16:888 I|*   main  -[ENNoteEditorViewController inactivityTimerFired:] | NoteLockCat editor is inactive <ENMacNoteMO 0x7f8f09954c50> MOID:0xc7c0002b <x-coredata://6B042D32-6611-46E6-A847-601106F4A699/ENNote/p799> GUID:[local] Title:Java Classes Account:(null) USN:0 Hash:<f6ad3575 cdb10138 60810c1b 3e283df0> Length:2794
2018/05/11 08:55:42:020 I|*   main  -[ENCommonEditorWebView commitEditingWithCompletion:savedByRealtimeServer:] | Saving note [no guid]/p799 length of 2811 bytes:
2018/05/11 08:55:47:020 I|*   main  -[ENCommonEditorWebView commitEditingWithCompletion:savedByRealtimeServer:] | Saving note [no guid]/p799 length of 2809 bytes:
2018/05/11 08:55:58:020 I|*   main  -[ENCommonEditorWebView commitEditingWithCompletion:savedByRealtimeServer:] | Saving note [no guid]/p799 length of 2811 bytes:
2018/05/11 08:56:06:020 I|*   main  -[ENCommonEditorWebView commitEditingWithCompletion:savedByRealtimeServer:] | Saving note [no guid]/p799 length of 2817 bytes:
2018/05/11 08:56:09:020 I|*   main  -[ENCommonEditorWebView commitEditingWithCompletion:savedByRealtimeServer:] | Saving note [no guid]/p799 length of 2823 bytes:
2018/05/11 08:56:18:021 I|*   main  -[ENCommonEditorWebView commitEditingWithCompletion:savedByRealtimeServer:] | Saving note [no guid]/p799 length of 2834 bytes:
2018/05/11 08:56:23:021 I|*   main  -[ENCommonEditorWebView commitEditingWithCompletion:savedByRealtimeServer:] | Saving note [no guid]/p799 length of 2844 bytes:
2018/05/11 08:56:26:021 I|*   main  -[ENCommonEditorWebView commitEditingWithCompletion:savedByRealtimeServer:] | Saving note [no guid]/p799 length of 2851 bytes:
2018/05/11 08:56:28:022 I|*   main  -[ENCommonEditorWebView commitEditingWithCompletion:savedByRealtimeServer:] | Saving note [no guid]/p799 length of 2852 bytes:
2018/05/11 08:56:32:022 I|*   main  -[ENCommonEditorWebView commitEditingWithCompletion:savedByRealtimeServer:] | Saving note [no guid]/p799 length of 2856 bytes:
2018/05/11 08:56:42:023 I|*   main  -[ENCommonEditorWebView commitEditingWithCompletion:savedByRealtimeServer:] | Saving note [no guid]/p799 length of 2867 bytes:
2018/05/11 08:56:50:023 I|*   main  -[ENCommonEditorWebView commitEditingWithCompletion:savedByRealtimeServer:] | Saving note [no guid]/p799 length of 2881 bytes:
2018/05/11 08:56:57:017 I|*   main  -[ENCommonEditorWebView commitEditingWithCompletion:savedByRealtimeServer:] | Saving note [no guid]/p799 length of 2885 bytes:
2018/05/11 08:57:10:017 I|*   main  -[ENCommonEditorWebView commitEditingWithCompletion:savedByRealtimeServer:] | Saving note [no guid]/p799 length of 2912 bytes:
2018/05/11 08:57:21:016 I|*   main  -[ENCommonEditorWebView commitEditingWithCompletion:savedByRealtimeServer:] | Saving note [no guid]/p799 length of 2938 bytes:
2018/05/11 08:57:29:016 I|*   main  -[ENCommonEditorWebView commitEditingWithCompletion:savedByRealtimeServer:] | Saving note [no guid]/p799 length of 2958 bytes:
2018/05/11 08:57:36:016 I|*   main  -[ENCommonEditorWebView commitEditingWithCompletion:savedByRealtimeServer:] | Saving note [no guid]/p799 length of 2962 bytes:
2018/05/11 08:57:44:017 I|*   main  -[ENCommonEditorWebView commitEditingWithCompletion:savedByRealtimeServer:] | Saving note [no guid]/p799 length of 2984 bytes:
2018/05/11 08:57:46:017 I|*   main  -[ENCommonEditorWebView commitEditingWithCompletion:savedByRealtimeServer:] | Saving note [no guid]/p799 length of 2985 bytes:
2018/05/11 08:58:00:018 I|*   main  -[ENCommonEditorWebView commitEditingWithCompletion:savedByRealtimeServer:] | Saving note [no guid]/p799 length of 2992 bytes:
2018/05/11 08:58:05:015 I|*   main  -[ENCommonEditorWebView commitEditingWithCompletion:savedByRealtimeServer:] | Saving note [no guid]/p799 length of 3001 bytes:
2018/05/11 08:58:09:014 I|*   main  -[ENCommonEditorWebView commitEditingWithCompletion:savedByRealtimeServer:] | Saving note [no guid]/p799 length of 3015 bytes:
2018/05/11 08:58:12:015 I|*   main  -[ENCommonEditorWebView commitEditingWithCompletion:savedByRealtimeServer:] | Saving note [no guid]/p799 length of 3023 bytes:
2018/05/11 08:58:14:016 I|*   main  -[ENCommonEditorWebView commitEditingWithCompletion:savedByRealtimeServer:] | Saving note [no guid]/p799 length of 3027 bytes:
2018/05/11 08:58:23:019 I|*   main  -[ENCommonEditorWebView commitEditingWithCompletion:savedByRealtimeServer:] | Saving note [no guid]/p799 length of 3044 bytes:
2018/05/11 08:58:28:015 I|*   main  -[ENCommonEditorWebView commitEditingWithCompletion:savedByRealtimeServer:] | Saving note [no guid]/p799 length of 3053 bytes:
2018/05/11 08:58:34:014 I|*   main  -[ENCommonEditorWebView commitEditingWithCompletion:savedByRealtimeServer:] | Saving note [no guid]/p799 length of 3068 bytes:
2018/05/11 08:58:49:013 I|*   main  -[ENCommonEditorWebView commitEditingWithCompletion:savedByRealtimeServer:] | Saving note [no guid]/p799 length of 3074 bytes:
2018/05/11 08:58:52:013 I|*   main  -[ENCommonEditorWebView commitEditingWithCompletion:savedByRealtimeServer:] | Saving note [no guid]/p799 length of 3079 bytes:
2018/05/11 08:59:08:014 I|*   main  -[ENCommonEditorWebView commitEditingWithCompletion:savedByRealtimeServer:] | Saving note [no guid]/p799 length of 3108 bytes:
2018/05/11 08:59:11:014 I|*   main  -[ENCommonEditorWebView commitEditingWithCompletion:savedByRealtimeServer:] | Saving note [no guid]/p799 length of 3117 bytes:
2018/05/11 08:59:19:012 I|*   main  -[ENCommonEditorWebView commitEditingWithCompletion:savedByRealtimeServer:] | Saving note [no guid]/p799 length of 3131 bytes:
2018/05/11 08:59:22:012 I|*   main  -[ENCommonEditorWebView commitEditingWithCompletion:savedByRealtimeServer:] | Saving note [no guid]/p799 length of 3133 bytes:
2018/05/11 08:59:25:012 I|*   main  -[ENCommonEditorWebView commitEditingWithCompletion:savedByRealtimeServer:] | Saving note [no guid]/p799 length of 3136 bytes:
2018/05/11 08:59:28:012 I|*   main  -[ENCommonEditorWebView commitEditingWithCompletion:savedByRealtimeServer:] | Saving note [no guid]/p799 length of 3142 bytes:
2018/05/11 08:59:32:012 I|*   main  -[ENCommonEditorWebView commitEditingWithCompletion:savedByRealtimeServer:] | Saving note [no guid]/p799 length of 3148 bytes:
2018/05/11 08:59:42:013 I|*   main  -[ENCommonEditorWebView commitEditingWithCompletion:savedByRealtimeServer:] | Saving note [no guid]/p799 length of 3167 bytes:
2018/05/11 08:59:44:014 I|*   main  -[ENCommonEditorWebView commitEditingWithCompletion:savedByRealtimeServer:] | Saving note [no guid]/p799 length of 3185 bytes:
2018/05/11 09:04:47:996 I|*   main  -[ENNoteEditorViewController inactivityTimerFired:] | NoteLockCat editor is inactive <ENMacNoteMO 0x7f8f09954c50> MOID:0xc7c0002b <x-coredata://6B042D32-6611-46E6-A847-601106F4A699/ENNote/p799> GUID:[local] Title:Java Classes Account:(null) USN:0 Hash:<683ec1fb 03d142ae 0f40245a e5b7bba9> Length:3185
2018/05/11 09:06:48:994 I|*   main  -[ENCommonEditorWebView commitEditingWithCompletion:savedByRealtimeServer:] | Saving note [no guid]/p799 length of 3181 bytes:
2018/05/11 09:06:59:994 I|*   main  -[ENCommonEditorWebView commitEditingWithCompletion:savedByRealtimeServer:] | Saving note [no guid]/p799 length of 3196 bytes:
2018/05/11 09:07:03:994 I|*   main  -[ENCommonEditorWebView commitEditingWithCompletion:savedByRealtimeServer:] | Saving note [no guid]/p799 length of 3199 bytes:
2018/05/11 09:07:08:994 I|*   main  -[ENCommonEditorWebView commitEditingWithCompletion:savedByRealtimeServer:] | Saving note [no guid]/p799 length of 3207 bytes:
2018/05/11 09:07:16:996 I|*   main  -[ENCommonEditorWebView commitEditingWithCompletion:savedByRealtimeServer:] | Saving note [no guid]/p799 length of 3224 bytes:
2018/05/11 09:08:06:994 I|*   main  -[ENCommonEditorWebView commitEditingWithCompletion:savedByRealtimeServer:] | Saving note [no guid]/p799 length of 3237 bytes:
2018/05/11 09:08:10:994 I|*   main  -[ENCommonEditorWebView commitEditingWithCompletion:savedByRealtimeServer:] | Saving note [no guid]/p799 length of 3241 bytes:
2018/05/11 09:08:30:995 I|*   main  -[ENCommonEditorWebView commitEditingWithCompletion:savedByRealtimeServer:] | Saving note [no guid]/p799 length of 3261 bytes:
2018/05/11 09:08:42:995 I|*   main  -[ENCommonEditorWebView commitEditingWithCompletion:savedByRealtimeServer:] | Saving note [no guid]/p799 length of 3283 bytes:
2018/05/11 09:08:49:989 I|*   main  -[ENCommonEditorWebView commitEditingWithCompletion:savedByRealtimeServer:] | Saving note [no guid]/p799 length of 3294 bytes:
2018/05/11 09:09:04:991 I|*   main  -[ENCommonEditorWebView commitEditingWithCompletion:savedByRealtimeServer:] | Saving note [no guid]/p799 length of 3326 bytes:
2018/05/11 09:09:09:991 I|*   main  -[ENCommonEditorWebView commitEditingWithCompletion:savedByRealtimeServer:] | Saving note [no guid]/p799 length of 3331 bytes:
2018/05/11 09:09:12:991 I|*   main  -[ENCommonEditorWebView commitEditingWithCompletion:savedByRealtimeServer:] | Saving note [no guid]/p799 length of 3326 bytes:
2018/05/11 09:09:23:988 I|*   main  -[ENCommonEditorWebView commitEditingWithCompletion:savedByRealtimeServer:] | Saving note [no guid]/p799 length of 3335 bytes:
2018/05/11 09:09:37:988 I|*   main  -[ENCommonEditorWebView commitEditingWithCompletion:savedByRealtimeServer:] | Saving note [no guid]/p799 length of 3344 bytes:
2018/05/11 09:09:46:989 I|*   main  -[ENCommonEditorWebView commitEditingWithCompletion:savedByRealtimeServer:] | Saving note [no guid]/p799 length of 3365 bytes:
2018/05/11 09:09:51:989 I|*   main  -[ENCommonEditorWebView commitEditingWithCompletion:savedByRealtimeServer:] | Saving note [no guid]/p799 length of 3376 bytes:
2018/05/11 09:09:53:990 I|*   main  -[ENCommonEditorWebView commitEditingWithCompletion:savedByRealtimeServer:] | Saving note [no guid]/p799 length of 3376 bytes:
2018/05/11 09:09:53:990 W|**  10776 -[ENNoteMO setENMLContent:fromServer:error:] | ENML has not changed!
2018/05/11 09:09:55:989 I|*   main  -[ENCommonEditorWebView commitEditingWithCompletion:savedByRealtimeServer:] | Saving note [no guid]/p799 length of 3393 bytes:
2018/05/11 09:10:02:990 I|*   main  -[ENCommonEditorWebView commitEditingWithCompletion:savedByRealtimeServer:] | Saving note [no guid]/p799 length of 3395 bytes:
2018/05/11 09:15:01:018 I|*   main  -[ENNoteEditorViewController inactivityTimerFired:] | NoteLockCat editor is inactive <ENMacNoteMO 0x7f8f09954c50> MOID:0xc7c0002b <x-coredata://6B042D32-6611-46E6-A847-601106F4A699/ENNote/p799> GUID:[local] Title:Java Classes Account:(null) USN:0 Hash:<ac5f0a75 afef098d 84500615 d7984832> Length:3395
2018/05/11 09:15:11:884 I|*   main  +[ENMLPasteboardUtils chooseTypeFromPasteboard:dragInfo:plainTextOnly:] | Offered pasteboard types: (
    "Apple HTML pasteboard type",
    "CorePasteboardFlavorType 0x54455854",
    "CorePasteboardFlavorType 0x7374796C",
    "CorePasteboardFlavorType 0x7573746C",
    "CorePasteboardFlavorType 0x75743136",
    "JAVA_DATAFLAVOR:application/x-java-jvm-local-objectref; class=com.intellij.codeInsight.editorActions.FoldingData",
    "JAVA_DATAFLAVOR:application/x-java-jvm-local-objectref; class=com.intellij.codeInsight.editorActions.ReferenceData",
    NSStringPboardType,
    "NeXT Rich Text Format v1.0 pasteboard type",
    TEXT,
    "UTF8_STRING",
    "com.apple.traditional-mac-plain-text",
    "dyn.ah62d4rv4gk81g7d3ru",
    "dyn.ah62d4rv4gk81n65yru",
    "dyn.ah62d4rv4gu8yyun0kftykunykfde2un0m7mf2sxbsb2g24pdqf4gw55sf76c44xbs3uw44x0ry00255dqf0c455crmw0g7dwqzxd0kddrvu1g646hzv085msrf1hk3pqrvy0ypxdr7wgnwpssry0s4dyf3w0k4pyr73ec25yrf10663sk31023dmr3xyk2pyqe",
    "dyn.ah62d4rv4gu8yyun0kftykunykfde2un0m7mf2sxbsb2g24pdqf4gw55sf76c44xbs3uw44x0ry00255dqf0c455crmw0g7dwqzxd0kddrvu1g646hzv085msrf1hk3pqrvy0ypxdr7wgnwpssry0s4dyf3w0k4pyr73ec25yrf10663snmw0q3pwqz1gg3neqf4gc",
    "dyn.ah62d4rv4gu8zkvn2nu",
    "dyn.ah62d4rv4gu8znzcghbtzgzcwmfhes",
    "public.html",
    "public.rtf",
    "public.utf16-external-plain-text",
    "public.utf8-plain-text"
)
2018/05/11 09:15:11:884 I|*   main  +[ENMLPasteboardUtils chooseTypeFromPasteboard:dragInfo:plainTextOnly:] | Using 'Apple HTML pasteboard type'
2018/05/11 09:15:11:885 I|*   10795 +[ENMLPasteboardUtils chooseTypeFromPasteboard:dragInfo:plainTextOnly:] | Offered pasteboard types: (
    "Apple HTML pasteboard type",
    "CorePasteboardFlavorType 0x54455854",
    "CorePasteboardFlavorType 0x7374796C",
    "CorePasteboardFlavorType 0x7573746C",
    "CorePasteboardFlavorType 0x75743136",
    "JAVA_DATAFLAVOR:application/x-java-jvm-local-objectref; class=com.intellij.codeInsight.editorActions.FoldingData",
    "JAVA_DATAFLAVOR:application/x-java-jvm-local-objectref; class=com.intellij.codeInsight.editorActions.ReferenceData",
    NSStringPboardType,
    "NeXT Rich Text Format v1.0 pasteboard type",
    TEXT,
    "UTF8_STRING",
    "com.apple.traditional-mac-plain-text",
    "dyn.ah62d4rv4gk81g7d3ru",
    "dyn.ah62d4rv4gk81n65yru",
    "dyn.ah62d4rv4gu8yyun0kftykunykfde2un0m7mf2sxbsb2g24pdqf4gw55sf76c44xbs3uw44x0ry00255dqf0c455crmw0g7dwqzxd0kddrvu1g646hzv085msrf1hk3pqrvy0ypxdr7wgnwpssry0s4dyf3w0k4pyr73ec25yrf10663sk31023dmr3xyk2pyqe",
    "dyn.ah62d4rv4gu8yyun0kftykunykfde2un0m7mf2sxbsb2g24pdqf4gw55sf76c44xbs3uw44x0ry00255dqf0c455crmw0g7dwqzxd0kddrvu1g646hzv085msrf1hk3pqrvy0ypxdr7wgnwpssry0s4dyf3w0k4pyr73ec25yrf10663snmw0q3pwqz1gg3neqf4gc",
    "dyn.ah62d4rv4gu8zkvn2nu",
    "dyn.ah62d4rv4gu8znzcghbtzgzcwmfhes",
    "public.html",
    "public.rtf",
    "public.utf16-external-plain-text",
    "public.utf8-plain-text"
)
2018/05/11 09:15:11:885 I|*   10795 +[ENMLPasteboardUtils chooseTypeFromPasteboard:dragInfo:plainTextOnly:] | Using 'Apple HTML pasteboard type'
2018/05/11 09:15:11:890 I|*   10795 +[NSString(NSStringAdditions) stringFromData:textEncodingName:] | Archive encoding name: 'UTF-8'
2018/05/11 09:15:11:890 I|*   10795 -[ENMLConverter parseHTMLFragment:usedHTMLTidy:] | HTML fragment has no XML declaration and no DOCTYPE declaration.
2018/05/11 09:15:11:890 I|*   10795 -[ENMLConverter parseHTMLFragment:usedHTMLTidy:] | Parse failed w/o HTML tidy.
2018/05/11 09:15:13:992 I|*   main  -[ENCommonEditorWebView commitEditingWithCompletion:savedByRealtimeServer:] | Saving note [no guid]/p799 length of 3924 bytes:
2018/05/11 09:15:20:974 I|*   main  -[ENCommonEditorWebView commitEditingWithCompletion:savedByRealtimeServer:] | Saving note [no guid]/p799 length of 3925 bytes:
2018/05/11 09:15:42:973 I|*   main  -[ENCommonEditorWebView commitEditingWithCompletion:savedByRealtimeServer:] | Saving note [no guid]/p799 length of 3931 bytes:
2018/05/11 09:15:49:973 I|*   main  -[ENCommonEditorWebView commitEditingWithCompletion:savedByRealtimeServer:] | Saving note [no guid]/p799 length of 3932 bytes:
2018/05/11 09:15:57:973 I|*   main  -[ENCommonEditorWebView commitEditingWithCompletion:savedByRealtimeServer:] | Saving note [no guid]/p799 length of 3926 bytes:
2018/05/11 09:16:04:975 I|*   main  -[ENCommonEditorWebView commitEditingWithCompletion:savedByRealtimeServer:] | Saving note [no guid]/p799 length of 3924 bytes:
2018/05/11 09:16:08:975 I|*   main  -[ENCommonEditorWebView commitEditingWithCompletion:savedByRealtimeServer:] | Saving note [no guid]/p799 length of 3928 bytes:
2018/05/11 09:16:14:975 I|*   main  -[ENCommonEditorWebView commitEditingWithCompletion:savedByRealtimeServer:] | Saving note [no guid]/p799 length of 3926 bytes:
2018/05/11 09:16:18:976 I|*   main  -[ENCommonEditorWebView commitEditingWithCompletion:savedByRealtimeServer:] | Saving note [no guid]/p799 length of 3930 bytes:
2018/05/11 09:16:23:972 I|*   main  -[ENCommonEditorWebView commitEditingWithCompletion:savedByRealtimeServer:] | Saving note [no guid]/p799 length of 4254 bytes:
2018/05/11 09:17:25:970 I|*   main  -[ENCommonEditorWebView commitEditingWithCompletion:savedByRealtimeServer:] | Saving note [no guid]/p799 length of 4283 bytes:
2018/05/11 09:17:30:971 I|*   main  -[ENCommonEditorWebView commitEditingWithCompletion:savedByRealtimeServer:] | Saving note [no guid]/p799 length of 4312 bytes:
2018/05/11 09:17:38:971 I|*   main  -[ENCommonEditorWebView commitEditingWithCompletion:savedByRealtimeServer:] | Saving note [no guid]/p799 length of 4341 bytes:
2018/05/11 09:17:48:972 I|*   main  -[ENCommonEditorWebView commitEditingWithCompletion:savedByRealtimeServer:] | Saving note [no guid]/p799 length of 4370 bytes:
2018/05/11 09:18:01:972 I|*   main  -[ENCommonEditorWebView commitEditingWithCompletion:savedByRealtimeServer:] | Saving note [no guid]/p799 length of 4370 bytes:
2018/05/11 09:18:05:971 I|*   main  -[ENCommonEditorWebView commitEditingWithCompletion:savedByRealtimeServer:] | Saving note [no guid]/p799 length of 4370 bytes:
2018/05/11 09:18:13:967 I|*   main  -[ENCommonEditorWebView commitEditingWithCompletion:savedByRealtimeServer:] | Saving note [no guid]/p799 length of 4370 bytes:
2018/05/11 09:18:17:966 I|*   main  -[ENCommonEditorWebView commitEditingWithCompletion:savedByRealtimeServer:] | Saving note [no guid]/p799 length of 4370 bytes:
2018/05/11 09:18:30:967 I|*   main  -[ENCommonEditorWebView commitEditingWithCompletion:savedByRealtimeServer:] | Saving note [no guid]/p799 length of 4370 bytes:
2018/05/11 09:18:37:967 I|*   main  -[ENCommonEditorWebView commitEditingWithCompletion:savedByRealtimeServer:] | Saving note [no guid]/p799 length of 4370 bytes:
2018/05/11 09:18:39:967 I|*   main  -[ENCommonEditorWebView commitEditingWithCompletion:savedByRealtimeServer:] | Saving note [no guid]/p799 length of 4370 bytes:
2018/05/11 09:18:42:967 I|*   main  -[ENCommonEditorWebView commitEditingWithCompletion:savedByRealtimeServer:] | Saving note [no guid]/p799 length of 4370 bytes:
2018/05/11 09:19:05:966 I|*   main  -[ENCommonEditorWebView commitEditingWithCompletion:savedByRealtimeServer:] | Saving note [no guid]/p799 length of 4370 bytes:
2018/05/11 09:19:11:967 I|*   main  -[ENCommonEditorWebView commitEditingWithCompletion:savedByRealtimeServer:] | Saving note [no guid]/p799 length of 4386 bytes:
2018/05/11 09:19:22:969 I|*   main  -[ENCommonEditorWebView commitEditingWithCompletion:savedByRealtimeServer:] | Saving note [no guid]/p799 length of 4415 bytes:
2018/05/11 09:19:30:964 I|*   main  -[ENCommonEditorWebView commitEditingWithCompletion:savedByRealtimeServer:] | Saving note [no guid]/p799 length of 4422 bytes:
2018/05/11 09:19:33:965 I|*   main  -[ENCommonEditorWebView commitEditingWithCompletion:savedByRealtimeServer:] | Saving note [no guid]/p799 length of 4429 bytes:
2018/05/11 09:19:36:966 I|*   main  -[ENCommonEditorWebView commitEditingWithCompletion:savedByRealtimeServer:] | Saving note [no guid]/p799 length of 4436 bytes:
2018/05/11 09:19:43:966 I|*   main  -[ENCommonEditorWebView commitEditingWithCompletion:savedByRealtimeServer:] | Saving note [no guid]/p799 length of 4443 bytes:
2018/05/11 09:19:58:964 I|*   main  -[ENCommonEditorWebView commitEditingWithCompletion:savedByRealtimeServer:] | Saving note [no guid]/p799 length of 4437 bytes:
2018/05/11 09:20:02:965 I|*   main  -[ENCommonEditorWebView commitEditingWithCompletion:savedByRealtimeServer:] | Saving note [no guid]/p799 length of 4430 bytes:
2018/05/11 09:20:10:966 I|*   main  -[ENCommonEditorWebView commitEditingWithCompletion:savedByRealtimeServer:] | Saving note [no guid]/p799 length of 4459 bytes:
2018/05/11 09:20:15:967 I|*   main  -[ENCommonEditorWebView commitEditingWithCompletion:savedByRealtimeServer:] | Saving note [no guid]/p799 length of 4446 bytes:
2018/05/11 09:20:17:963 I|*   main  -[ENCommonEditorWebView commitEditingWithCompletion:savedByRealtimeServer:] | Saving note [no guid]/p799 length of 4475 bytes:
2018/05/11 09:20:24:099 I|*   main  -[ENCommonEditorWebView commitEditingWithCompletion:savedByRealtimeServer:] | Saving note [no guid]/p799 length of 4497 bytes:
2018/05/11 09:20:25:963 I|*   main  -[ENCommonEditorWebView commitEditingWithCompletion:savedByRealtimeServer:] | Saving note [no guid]/p799 length of 4497 bytes:
2018/05/11 09:20:25:963 W|**  10819 -[ENNoteMO setENMLContent:fromServer:error:] | ENML has not changed!
2018/05/11 09:20:29:968 I|*   main  -[ENCommonEditorWebView commitEditingWithCompletion:savedByRealtimeServer:] | Saving note [no guid]/p799 length of 4490 bytes:
2018/05/11 09:20:31:964 I|*   main  -[ENCommonEditorWebView commitEditingWithCompletion:savedByRealtimeServer:] | Saving note [no guid]/p799 length of 4490 bytes:
2018/05/11 09:20:31:964 W|**  10820 -[ENNoteMO setENMLContent:fromServer:error:] | ENML has not changed!
2018/05/11 09:20:40:962 I|*   main  -[ENCommonEditorWebView commitEditingWithCompletion:savedByRealtimeServer:] | Saving note [no guid]/p799 length of 4506 bytes:
2018/05/11 09:20:44:963 I|*   main  -[ENCommonEditorWebView commitEditingWithCompletion:savedByRealtimeServer:] | Saving note [no guid]/p799 length of 4500 bytes:
2018/05/11 09:20:49:964 I|*   main  -[ENCommonEditorWebView commitEditingWithCompletion:savedByRealtimeServer:] | Saving note [no guid]/p799 length of 4507 bytes:
2018/05/11 09:20:57:964 I|*   main  -[ENCommonEditorWebView commitEditingWithCompletion:savedByRealtimeServer:] | Saving note [no guid]/p799 length of 4536 bytes:
2018/05/11 09:21:02:962 I|*   main  -[ENCommonEditorWebView commitEditingWithCompletion:savedByRealtimeServer:] | Saving note [no guid]/p799 length of 4565 bytes:
2018/05/11 09:21:07:962 I|*   main  -[ENCommonEditorWebView commitEditingWithCompletion:savedByRealtimeServer:] | Saving note [no guid]/p799 length of 4581 bytes:
2018/05/11 09:21:13:964 I|*   main  -[ENCommonEditorWebView commitEditingWithCompletion:savedByRealtimeServer:] | Saving note [no guid]/p799 length of 4597 bytes:
2018/05/11 09:21:18:962 I|*   main  -[ENCommonEditorWebView commitEditingWithCompletion:savedByRealtimeServer:] | Saving note [no guid]/p799 length of 4591 bytes:
2018/05/11 09:21:22:964 I|*   main  -[ENCommonEditorWebView commitEditingWithCompletion:savedByRealtimeServer:] | Saving note [no guid]/p799 length of 4598 bytes:
2018/05/11 09:21:28:964 I|*   main  -[ENCommonEditorWebView commitEditingWithCompletion:savedByRealtimeServer:] | Saving note [no guid]/p799 length of 4627 bytes:
2018/05/11 09:21:33:960 I|*   main  -[ENCommonEditorWebView commitEditingWithCompletion:savedByRealtimeServer:] | Saving note [no guid]/p799 length of 4627 bytes:
2018/05/11 09:21:40:961 I|*   main  -[ENCommonEditorWebView commitEditingWithCompletion:savedByRealtimeServer:] | Saving note [no guid]/p799 length of 4634 bytes:
2018/05/11 09:21:47:961 I|*   main  -[ENCommonEditorWebView commitEditingWithCompletion:savedByRealtimeServer:] | Saving note [no guid]/p799 length of 4663 bytes:
2018/05/11 09:21:53:963 I|*   main  -[ENCommonEditorWebView commitEditingWithCompletion:savedByRealtimeServer:] | Saving note [no guid]/p799 length of 4692 bytes:
2018/05/11 09:21:56:959 I|*   main  -[ENCommonEditorWebView commitEditingWithCompletion:savedByRealtimeServer:] | Saving note [no guid]/p799 length of 4699 bytes:
2018/05/11 09:21:58:959 I|*   main  -[ENCommonEditorWebView commitEditingWithCompletion:savedByRealtimeServer:] | Saving note [no guid]/p799 length of 4700 bytes:
2018/05/11 09:22:07:961 I|*   main  -[ENCommonEditorWebView commitEditingWithCompletion:savedByRealtimeServer:] | Saving note [no guid]/p799 length of 4701 bytes:
2018/05/11 09:22:09:959 I|*   main  -[ENCommonEditorWebView commitEditingWithCompletion:savedByRealtimeServer:] | Saving note [no guid]/p799 length of 4701 bytes:
2018/05/11 09:22:09:960 W|**  10834 -[ENNoteMO setENMLContent:fromServer:error:] | ENML has not changed!
2018/05/11 09:22:11:960 I|*   main  -[ENCommonEditorWebView commitEditingWithCompletion:savedByRealtimeServer:] | Saving note [no guid]/p799 length of 4708 bytes:
2018/05/11 09:22:14:958 I|*   main  -[ENCommonEditorWebView commitEditingWithCompletion:savedByRealtimeServer:] | Saving note [no guid]/p799 length of 4715 bytes:
2018/05/11 09:22:19:958 I|*   main  -[ENCommonEditorWebView commitEditingWithCompletion:savedByRealtimeServer:] | Saving note [no guid]/p799 length of 4722 bytes:
2018/05/11 09:22:21:957 I|*   main  -[ENCommonEditorWebView commitEditingWithCompletion:savedByRealtimeServer:] | Saving note [no guid]/p799 length of 4729 bytes:
2018/05/11 09:22:25:958 I|*   main  -[ENCommonEditorWebView commitEditingWithCompletion:savedByRealtimeServer:] | Saving note [no guid]/p799 length of 4736 bytes:
2018/05/11 09:22:34:958 I|*   main  -[ENCommonEditorWebView commitEditingWithCompletion:savedByRealtimeServer:] | Saving note [no guid]/p799 length of 4770 bytes:
2018/05/11 09:22:36:957 I|*   main  -[ENCommonEditorWebView commitEditingWithCompletion:savedByRealtimeServer:] | Saving note [no guid]/p799 length of 4771 bytes:
2018/05/11 09:22:40:958 I|*   main  -[ENCommonEditorWebView commitEditingWithCompletion:savedByRealtimeServer:] | Saving note [no guid]/p799 length of 4765 bytes:
2018/05/11 09:22:53:959 I|*   main  -[ENCommonEditorWebView commitEditingWithCompletion:savedByRealtimeServer:] | Saving note [no guid]/p799 length of 4794 bytes:
2018/05/11 09:23:00:956 I|*   main  -[ENCommonEditorWebView commitEditingWithCompletion:savedByRealtimeServer:] | Saving note [no guid]/p799 length of 4801 bytes:
2018/05/11 09:23:04:958 I|*   main  -[ENCommonEditorWebView commitEditingWithCompletion:savedByRealtimeServer:] | Saving note [no guid]/p799 length of 4808 bytes:
2018/05/11 09:23:12:959 I|*   main  -[ENCommonEditorWebView commitEditingWithCompletion:savedByRealtimeServer:] | Saving note [no guid]/p799 length of 4815 bytes:
2018/05/11 09:23:19:960 I|*   main  -[ENCommonEditorWebView commitEditingWithCompletion:savedByRealtimeServer:] | Saving note [no guid]/p799 length of 4844 bytes:
2018/05/11 09:23:35:955 I|*   main  -[ENCommonEditorWebView commitEditingWithCompletion:savedByRealtimeServer:] | Saving note [no guid]/p799 length of 4846 bytes:
2018/05/11 09:23:37:955 I|*   main  -[ENCommonEditorWebView commitEditingWithCompletion:savedByRealtimeServer:] | Saving note [no guid]/p799 length of 4847 bytes:
2018/05/11 09:23:39:956 I|*   main  -[ENCommonEditorWebView commitEditingWithCompletion:savedByRealtimeServer:] | Saving note [no guid]/p799 length of 4843 bytes:
2018/05/11 09:23:55:959 I|*   main  -[ENCommonEditorWebView commitEditingWithCompletion:savedByRealtimeServer:] | Saving note [no guid]/p799 length of 4873 bytes:
2018/05/11 09:23:59:954 I|*   main  -[ENCommonEditorWebView commitEditingWithCompletion:savedByRealtimeServer:] | Saving note [no guid]/p799 length of 4884 bytes:
2018/05/11 09:24:03:954 I|*   main  -[ENCommonEditorWebView commitEditingWithCompletion:savedByRealtimeServer:] | Saving note [no guid]/p799 length of 4891 bytes:
2018/05/11 09:24:18:955 I|*   main  -[ENCommonEditorWebView commitEditingWithCompletion:savedByRealtimeServer:] | Saving note [no guid]/p799 length of 4904 bytes:
2018/05/11 09:24:21:955 I|*   main  -[ENCommonEditorWebView commitEditingWithCompletion:savedByRealtimeServer:] | Saving note [no guid]/p799 length of 4905 bytes:
2018/05/11 09:24:24:953 I|*   main  -[ENCommonEditorWebView commitEditingWithCompletion:savedByRealtimeServer:] | Saving note [no guid]/p799 length of 4905 bytes:
2018/05/11 09:24:29:953 I|*   main  -[ENCommonEditorWebView commitEditingWithCompletion:savedByRealtimeServer:] | Saving note [no guid]/p799 length of 4868 bytes:
2018/05/11 09:24:35:954 I|*   main  -[ENCommonEditorWebView commitEditingWithCompletion:savedByRealtimeServer:] | Saving note [no guid]/p799 length of 4865 bytes:
2018/05/11 09:24:43:954 I|*   main  -[ENCommonEditorWebView commitEditingWithCompletion:savedByRealtimeServer:] | Saving note [no guid]/p799 length of 4876 bytes:
2018/05/11 09:25:13:954 I|*   main  -[ENCommonEditorWebView commitEditingWithCompletion:savedByRealtimeServer:] | Saving note [no guid]/p799 length of 4888 bytes:
2018/05/11 09:25:15:954 I|*   main  -[ENCommonEditorWebView commitEditingWithCompletion:savedByRealtimeServer:] | Saving note [no guid]/p799 length of 4890 bytes:
2018/05/11 09:25:18:952 I|*   main  -[ENCommonEditorWebView commitEditingWithCompletion:savedByRealtimeServer:] | Saving note [no guid]/p799 length of 4899 bytes:
2018/05/11 09:25:26:953 I|*   main  -[ENCommonEditorWebView commitEditingWithCompletion:savedByRealtimeServer:] | Saving note [no guid]/p799 length of 4917 bytes:
2018/05/11 09:25:29:953 I|*   main  -[ENCommonEditorWebView commitEditingWithCompletion:savedByRealtimeServer:] | Saving note [no guid]/p799 length of 4923 bytes:
2018/05/11 09:25:42:950 I|*   main  -[ENCommonEditorWebView commitEditingWithCompletion:savedByRealtimeServer:] | Saving note [no guid]/p799 length of 4961 bytes:
2018/05/11 09:25:45:950 I|*   main  -[ENCommonEditorWebView commitEditingWithCompletion:savedByRealtimeServer:] | Saving note [no guid]/p799 length of 4963 bytes:
2018/05/11 09:25:50:951 I|*   main  -[ENCommonEditorWebView commitEditingWithCompletion:savedByRealtimeServer:] | Saving note [no guid]/p799 length of 4973 bytes:
2018/05/11 09:26:00:951 I|*   main  -[ENCommonEditorWebView commitEditingWithCompletion:savedByRealtimeServer:] | Saving note [no guid]/p799 length of 4985 bytes:
2018/05/11 09:26:04:951 I|*   main  -[ENCommonEditorWebView commitEditingWithCompletion:savedByRealtimeServer:] | Saving note [no guid]/p799 length of 4998 bytes:
2018/05/11 09:26:07:952 I|*   main  -[ENCommonEditorWebView commitEditingWithCompletion:savedByRealtimeServer:] | Saving note [no guid]/p799 length of 5005 bytes:
2018/05/11 09:26:13:950 I|*   main  -[ENCommonEditorWebView commitEditingWithCompletion:savedByRealtimeServer:] | Saving note [no guid]/p799 length of 5014 bytes:
2018/05/11 09:27:28:947 I|*   main  -[ENCommonEditorWebView commitEditingWithCompletion:savedByRealtimeServer:] | Saving note [no guid]/p799 length of 5030 bytes:
2018/05/11 09:27:41:949 I|*   main  -[ENCommonEditorWebView commitEditingWithCompletion:savedByRealtimeServer:] | Saving note [no guid]/p799 length of 5060 bytes:
2018/05/11 09:27:46:949 I|*   main  -[ENCommonEditorWebView commitEditingWithCompletion:savedByRealtimeServer:] | Saving note [no guid]/p799 length of 5068 bytes:
2018/05/11 09:27:49:950 I|*   main  -[ENCommonEditorWebView commitEditingWithCompletion:savedByRealtimeServer:] | Saving note [no guid]/p799 length of 5072 bytes:
2018/05/11 09:27:51:951 I|*   main  -[ENCommonEditorWebView commitEditingWithCompletion:savedByRealtimeServer:] | Saving note [no guid]/p799 length of 5075 bytes:
2018/05/11 09:27:55:951 I|*   main  -[ENCommonEditorWebView commitEditingWithCompletion:savedByRealtimeServer:] | Saving note [no guid]/p799 length of 5087 bytes:
2018/05/11 09:28:03:946 I|*   main  -[ENCommonEditorWebView commitEditingWithCompletion:savedByRealtimeServer:] | Saving note [no guid]/p799 length of 5096 bytes:
2018/05/11 09:28:22:944 I|*   main  -[ENCommonEditorWebView commitEditingWithCompletion:savedByRealtimeServer:] | Saving note [no guid]/p799 length of 5115 bytes:
2018/05/11 09:28:27:944 I|*   main  -[ENCommonEditorWebView commitEditingWithCompletion:savedByRealtimeServer:] | Saving note [no guid]/p799 length of 5120 bytes:
2018/05/11 09:28:30:944 I|*   main  -[ENCommonEditorWebView commitEditingWithCompletion:savedByRealtimeServer:] | Saving note [no guid]/p799 length of 5122 bytes:
2018/05/11 09:28:39:950 I|*   main  -[ENCommonEditorWebView commitEditingWithCompletion:savedByRealtimeServer:] | Saving note [no guid]/p799 length of 5325 bytes:
2018/05/11 09:33:38:796 I|*   main  -[ENNoteEditorViewController inactivityTimerFired:] | NoteLockCat editor is inactive <ENMacNoteMO 0x7f8f09954c50> MOID:0xc7c0002b <x-coredata://6B042D32-6611-46E6-A847-601106F4A699/ENNote/p799> GUID:[local] Title:Java Classes Account:(null) USN:0 Hash:<1279b392 d158a32c 811f3814 47093792> Length:5325
2018/05/11 09:36:45:067 I|*   10872 -[ENUXPuppetmaster evaluateRules] | >UXPuppetmaster< Object: <ENUXPuppetmaster: 0x7f8f037acb00> Evaluated script version: mac.180
2018/05/11 09:40:22:916 I|*   main  -[ENCommonEditorWebView commitEditingWithCompletion:savedByRealtimeServer:] | Saving note [no guid]/p799 length of 5316 bytes:
2018/05/11 09:40:26:917 I|*   main  -[ENCommonEditorWebView commitEditingWithCompletion:savedByRealtimeServer:] | Saving note [no guid]/p799 length of 5323 bytes:
2018/05/11 09:40:30:918 I|*   main  -[ENCommonEditorWebView commitEditingWithCompletion:savedByRealtimeServer:] | Saving note [no guid]/p799 length of 5328 bytes:
2018/05/11 09:40:38:919 I|*   main  -[ENCommonEditorWebView commitEditingWithCompletion:savedByRealtimeServer:] | Saving note [no guid]/p799 length of 5308 bytes:
2018/05/11 09:40:43:919 I|*   main  -[ENCommonEditorWebView commitEditingWithCompletion:savedByRealtimeServer:] | Saving note [no guid]/p799 length of 5310 bytes:
2018/05/11 09:40:47:920 I|*   main  -[ENCommonEditorWebView commitEditingWithCompletion:savedByRealtimeServer:] | Saving note [no guid]/p799 length of 5313 bytes:
2018/05/11 09:40:51:921 I|*   main  -[ENCommonEditorWebView commitEditingWithCompletion:savedByRealtimeServer:] | Saving note [no guid]/p799 length of 5319 bytes:
2018/05/11 09:41:01:922 I|*   main  -[ENCommonEditorWebView commitEditingWithCompletion:savedByRealtimeServer:] | Saving note [no guid]/p799 length of 5336 bytes:
2018/05/11 09:41:04:922 I|*   main  -[ENCommonEditorWebView commitEditingWithCompletion:savedByRealtimeServer:] | Saving note [no guid]/p799 length of 5339 bytes:
2018/05/11 09:41:09:923 I|*   main  -[ENCommonEditorWebView commitEditingWithCompletion:savedByRealtimeServer:] | Saving note [no guid]/p799 length of 5346 bytes:
2018/05/11 09:46:08:767 I|*   main  -[ENNoteEditorViewController inactivityTimerFired:] | NoteLockCat editor is inactive <ENMacNoteMO 0x7f8f09954c50> MOID:0xc7c0002b <x-coredata://6B042D32-6611-46E6-A847-601106F4A699/ENNote/p799> GUID:[local] Title:Java Classes Account:(null) USN:0 Hash:<ad182a0e d496cf94 9d1656a2 7fc16fbb> Length:5346
2018/05/11 10:36:46:680 I|*   10905 -[ENUXPuppetmaster evaluateRules] | >UXPuppetmaster< Object: <ENUXPuppetmaster: 0x7f8f037acb00> Evaluated script version: mac.180
2018/05/11 11:36:44:540 I|*   10918 -[ENUXPuppetmaster evaluateRules] | >UXPuppetmaster< Object: <ENUXPuppetmaster: 0x7f8f037acb00> Evaluated script version: mac.180
2018/05/11 12:36:44:399 I|*   10931 -[ENUXPuppetmaster evaluateRules] | >UXPuppetmaster< Object: <ENUXPuppetmaster: 0x7f8f037acb00> Evaluated script version: mac.180
2018/05/11 13:36:44:232 I|*   main  -[ENContactIntegrationManager refetchTimerFired:] | Extractor type=3 is disconnected, try to deactivate all contacts from it
2018/05/11 13:36:44:264 I|*   10963 -[ENUXPuppetmaster evaluateRules] | >UXPuppetmaster< Object: <ENUXPuppetmaster: 0x7f8f037acb00> Evaluated script version: mac.180
2018/05/11 13:36:54:366 I|*   10963 -[ENContactIntegrationManager _enqueueContactExtraction:]_block_invoke | Extractor type=1 will extract contacts
2018/05/11 13:36:54:366 I|*   10963 -[ENEvernoteContactExtractor extractContacts] | Begin extracting Evernote contacts
2018/05/11 13:36:54:366 I|*   10963 -[ENEvernoteContactExtractor extractContacts] | End fetching Evernote contacts
2018/05/11 13:36:55:552 I|*   main  -[ENIncentiveManager refreshTimerFired:] | Refresh fired for incentive: (null)
2018/05/11 13:36:55:699 E|*** 10963 -[ENIncentiveManager refreshIncentive]_block_invoke | Error refreshing incentive data: TTransportException: Bad response from HTTP server: 503
  userInfo = {
    httpStatusCode = 503;
    url = "https://www.evernote.com/shard/s561/utility";
}
2018/05/11 13:53:25:162 I|*   main  -[ENCommonEditorWebView closeNote:] | Close note <ENMacNoteMO 0x7f8f09954c50> MOID:0xc7c0002b <x-coredata://6B042D32-6611-46E6-A847-601106F4A699/ENNote/p799> GUID:[local] Title:Java Classes Account:(null) USN:0 Hash:<ad182a0e d496cf94 9d1656a2 7fc16fbb> Length:5346
2018/05/11 14:36:54:121 I|*   11040 -[ENUXPuppetmaster evaluateRules] | >UXPuppetmaster< Object: <ENUXPuppetmaster: 0x7f8f037acb00> Evaluated script version: mac.180
2018/05/11 15:36:45:984 I|*   11053 -[ENUXPuppetmaster evaluateRules] | >UXPuppetmaster< Object: <ENUXPuppetmaster: 0x7f8f037acb00> Evaluated script version: mac.180
2018/05/11 16:36:43:839 I|*   11068 -[ENUXPuppetmaster evaluateRules] | >UXPuppetmaster< Object: <ENUXPuppetmaster: 0x7f8f037acb00> Evaluated script version: mac.180
2018/05/11 16:37:04:759 I|*   main  -[ENTierSelectionEligibilityController checkEligibilityTimerFired:] | Check-TSD-eligibility timer fired; checking with service
2018/05/11 16:37:04:961 I|*   11068 -[ENTierSelectionEligibilityController handleEligibilityResult:] | TSD-eligibility result: <EDAMTierSelectionDisplayEligibilityResult: 0x7f8f064c94a0; shouldShowTsd = 0; timeToLive = 86400000; tsdType = (null); tsdTiming = (null); tsdVariation = (null); subscriptionInfo = <EDAMSubscriptionInfo: 0x7f8f09d1b1a0; currentTime = 1526071024922; currentlySubscribed = 0; subscriptionRecurring = 0; subscriptionExpirationDate = (null); subscriptionPending = 0; subscriptionCancellationPending = 0; serviceLevelsEligibleForPurchase = {(
    3,
    2
)}; currentSku = (null); validUntil = 1557607024922; itunesReceiptRequested = 0;>; teamStarterPackResult = (null);>
2018/05/11 16:37:04:963 I|*   11068 -[ENTierSelectionEligibilityController startCheckEligibilityTimer] | Waiting for 86399.999560 seconds before checking TSD eligibility with the service
2018/05/11 17:36:45:698 I|*   11111 -[ENUXPuppetmaster evaluateRules] | >UXPuppetmaster< Object: <ENUXPuppetmaster: 0x7f8f037acb00> Evaluated script version: mac.180
2018/05/11 18:36:43:560 I|*   11170 -[ENUXPuppetmaster evaluateRules] | >UXPuppetmaster< Object: <ENUXPuppetmaster: 0x7f8f037acb00> Evaluated script version: mac.180
2018/05/11 19:35:46:068 I|*   conn  -[ENConnectivityMonitor checkReachabilityForHost:] | Checking reachability for www.evernote.com...
2018/05/11 19:35:46:069 I|*   conn  +[ENConnectivityMonitor internetIsReachable] |   reachability result: no
2018/05/11 19:35:46:103 I|*   conn  -[ENConnectivityMonitor checkReachabilityForHost:] | Exception checking connectivity via EDAM: Internet connection appears to be offline.
2018/05/11 19:35:47:324 I|*   11177 -[ENCoreMessageSyncEngine considerPendingMessages]_block_invoke | 0 messages pending
2018/05/11 19:35:51:819 I|*   conn  -[ENConnectivityMonitor checkReachabilityForHost:] | Checking reachability for www.evernote.com...
2018/05/11 19:35:51:820 I|*   conn  +[ENConnectivityMonitor internetIsReachable] |   reachability result: OK
2018/05/11 19:35:51:860 E|*** 11178 -[ENAccountContext serverSyncStateForEdamClient:]_block_invoke | caught TTransportException: Error loading HTTP request
  userInfo = {
    error = "Error Domain=NSURLErrorDomain Code=-1003 \"A server with the specified hostname could not be found.\" UserInfo={NSUnderlyingError=0x7f8f05d1b7f0 {Error Domain=kCFErrorDomainCFNetwork Code=-1003 \"A server with the specified hostname could not be found.\" UserInfo={NSErrorFailingURLStringKey=https://www.evernote.com/shard/s561/notestore, NSErrorFailingURLKey=https://www.evernote.com/shard/s561/notestore, _kCFStreamErrorCodeKey=8, _kCFStreamErrorDomainKey=12, NSLocalizedDescription=A server with the specified hostname could not be found.}}, NSErrorFailingURLStringKey=https://www.evernote.com/shard/s561/notestore, NSErrorFailingURLKey=https://www.evernote.com/shard/s561/notestore, _kCFStreamErrorDomainKey=12, _kCFStreamErrorCodeKey=8, NSLocalizedDescription=A server with the specified hostname could not be found.}";
    url = "https://www.evernote.com/shard/s561/notestore";
}
2018/05/11 19:35:51:861 E|*** 11178 -[ENAccountContext reconsiderChoiceScreenTrigger] | caught TTransportException: Error loading HTTP request
  userInfo = {
    error = "Error Domain=NSURLErrorDomain Code=-1003 \"A server with the specified hostname could not be found.\" UserInfo={NSUnderlyingError=0x7f8f05d1b7f0 {Error Domain=kCFErrorDomainCFNetwork Code=-1003 \"A server with the specified hostname could not be found.\" UserInfo={NSErrorFailingURLStringKey=https://www.evernote.com/shard/s561/notestore, NSErrorFailingURLKey=https://www.evernote.com/shard/s561/notestore, _kCFStreamErrorCodeKey=8, _kCFStreamErrorDomainKey=12, NSLocalizedDescription=A server with the specified hostname could not be found.}}, NSErrorFailingURLStringKey=https://www.evernote.com/shard/s561/notestore, NSErrorFailingURLKey=https://www.evernote.com/shard/s561/notestore, _kCFStreamErrorDomainKey=12, _kCFStreamErrorCodeKey=8, NSLocalizedDescription=A server with the specified hostname could not be found.}";
    url = "https://www.evernote.com/shard/s561/notestore";
}
2018/05/11 19:49:27:343 I|*   main  -[ENCommonEditorWebView closeNote:] | Close note (null)
2018/05/11 19:49:27:343 I|*   main  -[ENCommonEditorWebView openNote:] | Prepare note view for: dirty=0 usn=93 | <ENMacNoteMO 0x7f8f0350d270> MOID:0x300002b <x-coredata://6B042D32-6611-46E6-A847-601106F4A699/ENNote/p12> GUID:5c48b0b7-1988-4c81-90e7-07e91fc0df41 Title:ZFS: You should use mirror vdevs, not RAIDZ. | JRS Systems: the blog Account:(null) USN:93 Hash:<a7ac89af c5b9af79 ba90de4b 20e74a72> Length:82702 <ENCommonEditorWebView: 0x7f8f09d7be30>
2018/05/11 19:49:27:343 I|*   main  -[ENCommonEditorWebView openNote:] | Loading web view frame from URL evernotecid://6B042D32-6611-46E6-A847-601106F4A699/wwwevernotecom/100389449/ENNote/p12 <ENCommonEditorWebView: 0x7f8f09d7be30>
2018/05/11 19:49:27:343 I|*   main  -[ENCommonEditorWebView updateViewFromNoteContent] | Prepare loading note content, dirty=0 usn=93 <ENCommonEditorWebView: 0x7f8f09d7be30> <ENMacNoteMO 0x7f8f0350d270> MOID:0x300002b <x-coredata://6B042D32-6611-46E6-A847-601106F4A699/ENNote/p12> GUID:5c48b0b7-1988-4c81-90e7-07e91fc0df41 Title:ZFS: You should use mirror vdevs, not RAIDZ. | JRS Systems: the blog Account:(null) USN:93 Hash:<a7ac89af c5b9af79 ba90de4b 20e74a72> Length:82702
2018/05/11 19:49:27:543 I|*   main  -[ENCommonEditorWebView closeNote:] | Close note <ENMacNoteMO 0x7f8f0350d270> MOID:0x300002b <x-coredata://6B042D32-6611-46E6-A847-601106F4A699/ENNote/p12> GUID:5c48b0b7-1988-4c81-90e7-07e91fc0df41 Title:ZFS: You should use mirror vdevs, not RAIDZ. | JRS Systems: the blog Account:(null) USN:93 Hash:<a7ac89af c5b9af79 ba90de4b 20e74a72> Length:82702
2018/05/11 19:49:27:577 I|*   main  -[ENCommonEditorWebView closeNote:] | Close note (null)
2018/05/11 19:49:27:577 I|*   main  -[ENCommonEditorWebView openNote:] | Prepare note view for: dirty=1 usn=0 | <ENMacNoteMO 0x7f8f0755bb90> MOID:0x600002b <x-coredata://6B042D32-6611-46E6-A847-601106F4A699/ENNote/p24> GUID:[local] Title:Java-Read and Write Account:(null) USN:0 Hash:(null) Length:0 <ENCommonEditorWebView: 0x7f8f09f31bf0>
2018/05/11 19:49:27:577 I|*   main  -[ENCommonEditorWebView openNote:] | Loading web view frame from URL evernotecid://6B042D32-6611-46E6-A847-601106F4A699/wwwevernotecom/100389449/ENNote/p24 <ENCommonEditorWebView: 0x7f8f09f31bf0>
2018/05/11 19:49:27:577 I|*   main  -[ENCommonEditorWebView updateViewFromNoteContent] | Prepare loading note content, dirty=1 usn=0 <ENCommonEditorWebView: 0x7f8f09f31bf0> <ENMacNoteMO 0x7f8f0755bb90> MOID:0x600002b <x-coredata://6B042D32-6611-46E6-A847-601106F4A699/ENNote/p24> GUID:[local] Title:Java-Read and Write Account:(null) USN:0 Hash:(null) Length:0
2018/05/11 19:49:27:606 I|*   main  -[ENCommonEditorWebView closeNote:] | Close note <ENMacNoteMO 0x7f8f0755bb90> MOID:0x600002b <x-coredata://6B042D32-6611-46E6-A847-601106F4A699/ENNote/p24> GUID:[local] Title:Java-Read and Write Account:(null) USN:0 Hash:(null) Length:0
2018/05/11 19:49:27:619 I|*   main  -[ENCommonEditorWebView closeNote:] | Close note (null)
2018/05/11 19:49:27:619 I|*   main  -[ENCommonEditorWebView openNote:] | Prepare note view for: dirty=1 usn=0 | <ENMacNoteMO 0x7f8f09954c50> MOID:0xc7c0002b <x-coredata://6B042D32-6611-46E6-A847-601106F4A699/ENNote/p799> GUID:[local] Title:Java Classes Account:(null) USN:0 Hash:<ad182a0e d496cf94 9d1656a2 7fc16fbb> Length:5346 <ENCommonEditorWebView: 0x7f8f0a00fe60>
2018/05/11 19:49:27:620 I|*   main  -[ENCommonEditorWebView openNote:] | Loading web view frame from URL evernotecid://6B042D32-6611-46E6-A847-601106F4A699/wwwevernotecom/100389449/ENNote/p799 <ENCommonEditorWebView: 0x7f8f0a00fe60>
2018/05/11 19:49:27:620 I|*   main  -[ENCommonEditorWebView updateViewFromNoteContent] | Prepare loading note content, dirty=1 usn=0 <ENCommonEditorWebView: 0x7f8f0a00fe60> <ENMacNoteMO 0x7f8f09954c50> MOID:0xc7c0002b <x-coredata://6B042D32-6611-46E6-A847-601106F4A699/ENNote/p799> GUID:[local] Title:Java Classes Account:(null) USN:0 Hash:<ad182a0e d496cf94 9d1656a2 7fc16fbb> Length:5346
2018/05/11 19:49:27:625 W|**  main  -[ENCommonEditorWebView updateViewFromNoteContent]_block_invoke_2 | Loaded noteID 0x300002b <x-coredata://6B042D32-6611-46E6-A847-601106F4A699/ENNote/p12> but editor is now using (null) <ENCommonEditorWebView: 0x7f8f09d7be30>
2018/05/11 19:49:27:755 W|**  main  -[ENCommonEditorWebView updateViewFromNoteContent]_block_invoke_2 | Editor not setup, caching enml <ENCommonEditorWebView: 0x7f8f0a00fe60> <ENMacNoteMO 0x7f8f09954c50> MOID:0xc7c0002b <x-coredata://6B042D32-6611-46E6-A847-601106F4A699/ENNote/p799> GUID:[local] Title:Java Classes Account:(null) USN:0 Hash:<ad182a0e d496cf94 9d1656a2 7fc16fbb> Length:5346
2018/05/11 19:49:27:755 W|**  main  -[ENCommonEditorWebView updateViewFromNoteContent]_block_invoke_2 | Loaded noteID 0x600002b <x-coredata://6B042D32-6611-46E6-A847-601106F4A699/ENNote/p24> but editor is now using (null) <ENCommonEditorWebView: 0x7f8f09f31bf0>
2018/05/11 20:12:21:379 I|*   11263 -[ENUXPuppetmaster evaluateRules] | >UXPuppetmaster< Object: <ENUXPuppetmaster: 0x7f8f037acb00> Evaluated script version: mac.180
2018/05/11 20:50:49:834 I|*   conn  -[ENConnectivityMonitor checkReachabilityForHost:] | Checking reachability for www.evernote.com...
2018/05/11 20:50:49:834 I|*   conn  +[ENConnectivityMonitor internetIsReachable] |   reachability result: no
2018/05/11 20:50:49:868 I|*   conn  -[ENConnectivityMonitor checkReachabilityForHost:] | Exception checking connectivity via EDAM: Internet connection appears to be offline.
2018/05/11 20:50:51:017 I|*   11299 -[ENCoreMessageSyncEngine considerPendingMessages]_block_invoke | 0 messages pending
2018/05/11 20:50:55:558 I|*   conn  -[ENConnectivityMonitor checkReachabilityForHost:] | Checking reachability for www.evernote.com...
2018/05/11 20:50:55:558 I|*   conn  +[ENConnectivityMonitor internetIsReachable] |   reachability result: OK
2018/05/11 20:50:55:600 E|*** 11299 -[ENAccountContext serverSyncStateForEdamClient:]_block_invoke | caught TTransportException: Error loading HTTP request
  userInfo = {
    error = "Error Domain=NSURLErrorDomain Code=-1003 \"A server with the specified hostname could not be found.\" UserInfo={NSUnderlyingError=0x7f8f0943e030 {Error Domain=kCFErrorDomainCFNetwork Code=-1003 \"A server with the specified hostname could not be found.\" UserInfo={NSErrorFailingURLStringKey=https://www.evernote.com/shard/s561/notestore, NSErrorFailingURLKey=https://www.evernote.com/shard/s561/notestore, _kCFStreamErrorCodeKey=8, _kCFStreamErrorDomainKey=12, NSLocalizedDescription=A server with the specified hostname could not be found.}}, NSErrorFailingURLStringKey=https://www.evernote.com/shard/s561/notestore, NSErrorFailingURLKey=https://www.evernote.com/shard/s561/notestore, _kCFStreamErrorDomainKey=12, _kCFStreamErrorCodeKey=8, NSLocalizedDescription=A server with the specified hostname could not be found.}";
    url = "https://www.evernote.com/shard/s561/notestore";
}
2018/05/11 20:50:55:600 E|*** 11299 -[ENAccountContext reconsiderChoiceScreenTrigger] | caught TTransportException: Error loading HTTP request
  userInfo = {
    error = "Error Domain=NSURLErrorDomain Code=-1003 \"A server with the specified hostname could not be found.\" UserInfo={NSUnderlyingError=0x7f8f0943e030 {Error Domain=kCFErrorDomainCFNetwork Code=-1003 \"A server with the specified hostname could not be found.\" UserInfo={NSErrorFailingURLStringKey=https://www.evernote.com/shard/s561/notestore, NSErrorFailingURLKey=https://www.evernote.com/shard/s561/notestore, _kCFStreamErrorCodeKey=8, _kCFStreamErrorDomainKey=12, NSLocalizedDescription=A server with the specified hostname could not be found.}}, NSErrorFailingURLStringKey=https://www.evernote.com/shard/s561/notestore, NSErrorFailingURLKey=https://www.evernote.com/shard/s561/notestore, _kCFStreamErrorDomainKey=12, _kCFStreamErrorCodeKey=8, NSLocalizedDescription=A server with the specified hostname could not be found.}";
    url = "https://www.evernote.com/shard/s561/notestore";
}
2018/05/11 21:19:33:988 I|*   11311 -[ENUXPuppetmaster evaluateRules] | >UXPuppetmaster< Object: <ENUXPuppetmaster: 0x7f8f037acb00> Evaluated script version: mac.180
2018/05/11 22:19:31:847 I|*   11333 -[ENUXPuppetmaster evaluateRules] | >UXPuppetmaster< Object: <ENUXPuppetmaster: 0x7f8f037acb00> Evaluated script version: mac.180
2018/05/11 23:19:31:501 I|*   11423 -[ENUXPuppetmaster evaluateRules] | >UXPuppetmaster< Object: <ENUXPuppetmaster: 0x7f8f037acb00> Evaluated script version: mac.180
2018/05/12 00:19:39:589 I|*   11509 -[ENUXPuppetmaster evaluateRules] | >UXPuppetmaster< Object: <ENUXPuppetmaster: 0x7f8f037acb00> Evaluated script version: mac.180
2018/05/12 01:19:33:584 I|*   11606 -[ENUXPuppetmaster evaluateRules] | >UXPuppetmaster< Object: <ENUXPuppetmaster: 0x7f8f037acb00> Evaluated script version: mac.180
2018/05/12 02:19:31:311 I|*   11628 -[ENUXPuppetmaster evaluateRules] | >UXPuppetmaster< Object: <ENUXPuppetmaster: 0x7f8f037acb00> Evaluated script version: mac.180
2018/05/12 06:15:07:068 I|*   conn  -[ENConnectivityMonitor checkReachabilityForHost:] | Checking reachability for www.evernote.com...
2018/05/12 06:15:07:069 I|*   conn  +[ENConnectivityMonitor internetIsReachable] |   reachability result: no
2018/05/12 06:15:17:023 I|*   conn  -[ENConnectivityMonitor checkReachabilityForHost:] | Exception checking connectivity via EDAM: Internet connection appears to be offline.
2018/05/12 06:15:19:262 I|*   11638 -[ENCoreMessageSyncEngine considerPendingMessages]_block_invoke | 0 messages pending
2018/05/12 06:15:23:856 I|*   conn  -[ENConnectivityMonitor checkReachabilityForHost:] | Checking reachability for www.evernote.com...
2018/05/12 06:15:23:856 I|*   conn  +[ENConnectivityMonitor internetIsReachable] |   reachability result: OK
2018/05/12 06:33:52:886 I|*   11662 -[ENUXPuppetmaster evaluateRules] | >UXPuppetmaster< Object: <ENUXPuppetmaster: 0x7f8f037acb00> Evaluated script version: mac.180
2018/05/12 07:33:46:075 I|*   11693 -[ENUXPuppetmaster evaluateRules] | >UXPuppetmaster< Object: <ENUXPuppetmaster: 0x7f8f037acb00> Evaluated script version: mac.180
2018/05/12 08:14:23:695 I|*   main  -[ENLinkCollectionController saveWithCompletion:] | Saving in local pref 'recentNotebooks' with 7 items, previously 8 items
2018/05/12 08:14:23:718 I|*   main  -[ENLinkCollectionController saveWithCompletion:] | Saving in local pref 'recentNotebooks' with 8 items, previously 7 items
2018/05/12 08:14:23:742 I|*   main  -[ENCommonEditorWebView closeNote:] | Close note <ENMacNoteMO 0x7f8f09954c50> MOID:0xc7c0002b <x-coredata://6B042D32-6611-46E6-A847-601106F4A699/ENNote/p799> GUID:[local] Title:Java Classes Account:(null) USN:0 Hash:<ad182a0e d496cf94 9d1656a2 7fc16fbb> Length:5346
2018/05/12 08:14:23:859 I|*   main  -[ENCommonEditorWebView closeNote:] | Close note (null)
2018/05/12 08:14:23:859 I|*   main  -[ENCommonEditorWebView openNote:] | Prepare note view for: dirty=1 usn=0 | <ENMacNoteMO 0x7f8f05b83870> MOID:0x1640002b <x-coredata://6B042D32-6611-46E6-A847-601106F4A699/ENNote/p89> GUID:[local] Title:Physics Theory Account:(null) USN:0 Hash:<0aea731a c3926b05 766c565a 96f5b06a> Length:643 <ENCommonEditorWebView: 0x7f8f0952a0a0>
2018/05/12 08:14:23:859 I|*   main  -[ENCommonEditorWebView openNote:] | Loading web view frame from URL evernotecid://6B042D32-6611-46E6-A847-601106F4A699/wwwevernotecom/100389449/ENNote/p89 <ENCommonEditorWebView: 0x7f8f0952a0a0>
2018/05/12 08:14:23:860 I|*   main  -[ENCommonEditorWebView updateViewFromNoteContent] | Prepare loading note content, dirty=1 usn=0 <ENCommonEditorWebView: 0x7f8f0952a0a0> <ENMacNoteMO 0x7f8f05b83870> MOID:0x1640002b <x-coredata://6B042D32-6611-46E6-A847-601106F4A699/ENNote/p89> GUID:[local] Title:Physics Theory Account:(null) USN:0 Hash:<0aea731a c3926b05 766c565a 96f5b06a> Length:643
2018/05/12 08:14:24:171 W|**  main  -[ENCommonEditorWebView updateViewFromNoteContent]_block_invoke_2 | Editor not setup, caching enml <ENCommonEditorWebView: 0x7f8f0952a0a0> <ENMacNoteMO 0x7f8f05b83870> MOID:0x1640002b <x-coredata://6B042D32-6611-46E6-A847-601106F4A699/ENNote/p89> GUID:[local] Title:Physics Theory Account:(null) USN:0 Hash:<0aea731a c3926b05 766c565a 96f5b06a> Length:643
2018/05/12 08:14:49:439 I|*   main  -[ENCommonEditorWebView closeNote:] | Close note <ENMacNoteMO 0x7f8f05b83870> MOID:0x1640002b <x-coredata://6B042D32-6611-46E6-A847-601106F4A699/ENNote/p89> GUID:[local] Title:Physics Theory Account:(null) USN:0 Hash:<0aea731a c3926b05 766c565a 96f5b06a> Length:643
2018/05/12 08:14:49:453 I|*   main  -[ENCommonEditorWebView closeNote:] | Close note (null)
2018/05/12 08:14:49:453 I|*   main  -[ENCommonEditorWebView openNote:] | Prepare note view for: dirty=1 usn=726 | <ENMacNoteMO 0x7f8f05869cd0> MOID:0x37c0002b <x-coredata://6B042D32-6611-46E6-A847-601106F4A699/ENNote/p223> GUID:[local] Title:Morning Thoughts Account:(null) USN:726 Hash:<46a3efda c12ecb83 ae15a380 fe13edc1> Length:3645 <ENCommonEditorWebView: 0x7f8f09ddb8b0>
2018/05/12 08:14:49:453 I|*   main  -[ENCommonEditorWebView openNote:] | Loading web view frame from URL evernotecid://6B042D32-6611-46E6-A847-601106F4A699/wwwevernotecom/100389449/ENNote/p223 <ENCommonEditorWebView: 0x7f8f09ddb8b0>
2018/05/12 08:14:49:453 I|*   main  -[ENCommonEditorWebView updateViewFromNoteContent] | Prepare loading note content, dirty=1 usn=726 <ENCommonEditorWebView: 0x7f8f09ddb8b0> <ENMacNoteMO 0x7f8f05869cd0> MOID:0x37c0002b <x-coredata://6B042D32-6611-46E6-A847-601106F4A699/ENNote/p223> GUID:[local] Title:Morning Thoughts Account:(null) USN:726 Hash:<46a3efda c12ecb83 ae15a380 fe13edc1> Length:3645
2018/05/12 08:14:49:479 W|**  main  -[ENCommonEditorWebView updateViewFromNoteContent]_block_invoke_2 | Editor not setup, caching enml <ENCommonEditorWebView: 0x7f8f09ddb8b0> <ENMacNoteMO 0x7f8f05869cd0> MOID:0x37c0002b <x-coredata://6B042D32-6611-46E6-A847-601106F4A699/ENNote/p223> GUID:[local] Title:Morning Thoughts Account:(null) USN:726 Hash:<46a3efda c12ecb83 ae15a380 fe13edc1> Length:3645
2018/05/12 08:15:00:431 I|*   main  -[ENCommonEditorWebView commitEditingWithCompletion:savedByRealtimeServer:] | Saving note [no guid]/p223 length of 3678 bytes:
2018/05/12 08:15:00:433 I|*   main  -[ENLinkCollectionController saveWithCompletion:] | Saving in local pref 'recentNotes' with 6 items, previously 7 items
2018/05/12 08:15:00:436 I|*   main  -[ENLinkCollectionController saveWithCompletion:] | Saving in local pref 'recentNotes' with 7 items, previously 6 items
2018/05/12 08:15:09:432 I|*   main  -[ENCommonEditorWebView commitEditingWithCompletion:savedByRealtimeServer:] | Saving note [no guid]/p223 length of 3703 bytes:
2018/05/12 08:15:16:434 I|*   main  -[ENCommonEditorWebView commitEditingWithCompletion:savedByRealtimeServer:] | Saving note [no guid]/p223 length of 3717 bytes:
2018/05/12 08:15:23:435 I|*   main  -[ENCommonEditorWebView commitEditingWithCompletion:savedByRealtimeServer:] | Saving note [no guid]/p223 length of 3718 bytes:
2018/05/12 08:15:27:438 I|*   main  -[ENCommonEditorWebView commitEditingWithCompletion:savedByRealtimeServer:] | Saving note [no guid]/p223 length of 3723 bytes:
2018/05/12 08:15:45:429 I|*   main  -[ENCommonEditorWebView commitEditingWithCompletion:savedByRealtimeServer:] | Saving note [no guid]/p223 length of 3732 bytes:
2018/05/12 08:15:54:429 I|*   main  -[ENCommonEditorWebView commitEditingWithCompletion:savedByRealtimeServer:] | Saving note [no guid]/p223 length of 3738 bytes:
2018/05/12 08:15:59:430 I|*   main  -[ENCommonEditorWebView commitEditingWithCompletion:savedByRealtimeServer:] | Saving note [no guid]/p223 length of 3751 bytes:
2018/05/12 08:16:01:430 I|*   main  -[ENCommonEditorWebView commitEditingWithCompletion:savedByRealtimeServer:] | Saving note [no guid]/p223 length of 3753 bytes:
2018/05/12 08:16:03:431 I|*   main  -[ENCommonEditorWebView commitEditingWithCompletion:savedByRealtimeServer:] | Saving note [no guid]/p223 length of 3755 bytes:
2018/05/12 08:16:10:431 I|*   main  -[ENCommonEditorWebView commitEditingWithCompletion:savedByRealtimeServer:] | Saving note [no guid]/p223 length of 3759 bytes:
2018/05/12 08:16:24:432 I|*   main  -[ENCommonEditorWebView commitEditingWithCompletion:savedByRealtimeServer:] | Saving note [no guid]/p223 length of 3773 bytes:
2018/05/12 08:16:30:436 I|*   main  -[ENCommonEditorWebView commitEditingWithCompletion:savedByRealtimeServer:] | Saving note [no guid]/p223 length of 3785 bytes:
2018/05/12 08:16:38:439 I|*   main  -[ENCommonEditorWebView commitEditingWithCompletion:savedByRealtimeServer:] | Saving note [no guid]/p223 length of 3805 bytes:
2018/05/12 08:16:41:439 I|*   main  -[ENCommonEditorWebView commitEditingWithCompletion:savedByRealtimeServer:] | Saving note [no guid]/p223 length of 3809 bytes:
2018/05/12 08:16:52:440 I|*   main  -[ENCommonEditorWebView commitEditingWithCompletion:savedByRealtimeServer:] | Saving note [no guid]/p223 length of 3818 bytes:
2018/05/12 08:16:55:440 I|*   main  -[ENCommonEditorWebView commitEditingWithCompletion:savedByRealtimeServer:] | Saving note [no guid]/p223 length of 3821 bytes:
2018/05/12 08:16:57:440 I|*   main  -[ENCommonEditorWebView commitEditingWithCompletion:savedByRealtimeServer:] | Saving note [no guid]/p223 length of 3822 bytes:
2018/05/12 08:17:01:440 I|*   main  -[ENCommonEditorWebView commitEditingWithCompletion:savedByRealtimeServer:] | Saving note [no guid]/p223 length of 3823 bytes:
2018/05/12 08:17:08:546 I|*   main  -[ENCommonEditorWebView closeNote:] | Close note <ENMacNoteMO 0x7f8f05869cd0> MOID:0x37c0002b <x-coredata://6B042D32-6611-46E6-A847-601106F4A699/ENNote/p223> GUID:[local] Title:Morning Thoughts Account:(null) USN:726 Hash:<0f82fdc1 1dd3a272 fab6cc79 540e3732> Length:3823
2018/05/12 08:33:45:963 I|*   11717 -[ENUXPuppetmaster evaluateRules] | >UXPuppetmaster< Object: <ENUXPuppetmaster: 0x7f8f037acb00> Evaluated script version: mac.180
2018/05/12 08:46:39:414 I|*   main  -[ENCommonEditorWebView closeNote:] | Close note (null)
2018/05/12 08:46:39:414 I|*   main  -[ENCommonEditorWebView openNote:] | Prepare note view for: dirty=0 usn=93 | <ENMacNoteMO 0x7f8f0350d270> MOID:0x300002b <x-coredata://6B042D32-6611-46E6-A847-601106F4A699/ENNote/p12> GUID:5c48b0b7-1988-4c81-90e7-07e91fc0df41 Title:ZFS: You should use mirror vdevs, not RAIDZ. | JRS Systems: the blog Account:(null) USN:93 Hash:<a7ac89af c5b9af79 ba90de4b 20e74a72> Length:82702 <ENCommonEditorWebView: 0x7f8f0a063920>
2018/05/12 08:46:39:415 I|*   main  -[ENCommonEditorWebView openNote:] | Loading web view frame from URL evernotecid://6B042D32-6611-46E6-A847-601106F4A699/wwwevernotecom/100389449/ENNote/p12 <ENCommonEditorWebView: 0x7f8f0a063920>
2018/05/12 08:46:39:415 I|*   main  -[ENCommonEditorWebView updateViewFromNoteContent] | Prepare loading note content, dirty=0 usn=93 <ENCommonEditorWebView: 0x7f8f0a063920> <ENMacNoteMO 0x7f8f0350d270> MOID:0x300002b <x-coredata://6B042D32-6611-46E6-A847-601106F4A699/ENNote/p12> GUID:5c48b0b7-1988-4c81-90e7-07e91fc0df41 Title:ZFS: You should use mirror vdevs, not RAIDZ. | JRS Systems: the blog Account:(null) USN:93 Hash:<a7ac89af c5b9af79 ba90de4b 20e74a72> Length:82702
2018/05/12 08:46:39:692 I|*   main  -[ENCommonEditorWebView closeNote:] | Close note <ENMacNoteMO 0x7f8f0350d270> MOID:0x300002b <x-coredata://6B042D32-6611-46E6-A847-601106F4A699/ENNote/p12> GUID:5c48b0b7-1988-4c81-90e7-07e91fc0df41 Title:ZFS: You should use mirror vdevs, not RAIDZ. | JRS Systems: the blog Account:(null) USN:93 Hash:<a7ac89af c5b9af79 ba90de4b 20e74a72> Length:82702
2018/05/12 08:46:39:725 I|*   main  -[ENCommonEditorWebView closeNote:] | Close note (null)
2018/05/12 08:46:39:725 I|*   main  -[ENCommonEditorWebView openNote:] | Prepare note view for: dirty=1 usn=0 | <ENMacNoteMO 0x7f8f05b83870> MOID:0x1640002b <x-coredata://6B042D32-6611-46E6-A847-601106F4A699/ENNote/p89> GUID:[local] Title:Physics Theory Account:(null) USN:0 Hash:<0aea731a c3926b05 766c565a 96f5b06a> Length:643 <ENCommonEditorWebView: 0x7f8f076c49d0>
2018/05/12 08:46:39:725 I|*   main  -[ENCommonEditorWebView openNote:] | Loading web view frame from URL evernotecid://6B042D32-6611-46E6-A847-601106F4A699/wwwevernotecom/100389449/ENNote/p89 <ENCommonEditorWebView: 0x7f8f076c49d0>
2018/05/12 08:46:39:725 I|*   main  -[ENCommonEditorWebView updateViewFromNoteContent] | Prepare loading note content, dirty=1 usn=0 <ENCommonEditorWebView: 0x7f8f076c49d0> <ENMacNoteMO 0x7f8f05b83870> MOID:0x1640002b <x-coredata://6B042D32-6611-46E6-A847-601106F4A699/ENNote/p89> GUID:[local] Title:Physics Theory Account:(null) USN:0 Hash:<0aea731a c3926b05 766c565a 96f5b06a> Length:643
2018/05/12 08:46:39:757 I|*   main  -[ENCommonEditorWebView closeNote:] | Close note <ENMacNoteMO 0x7f8f05b83870> MOID:0x1640002b <x-coredata://6B042D32-6611-46E6-A847-601106F4A699/ENNote/p89> GUID:[local] Title:Physics Theory Account:(null) USN:0 Hash:<0aea731a c3926b05 766c565a 96f5b06a> Length:643
2018/05/12 08:46:39:771 I|*   main  -[ENCommonEditorWebView closeNote:] | Close note (null)
2018/05/12 08:46:39:771 I|*   main  -[ENCommonEditorWebView openNote:] | Prepare note view for: dirty=1 usn=726 | <ENMacNoteMO 0x7f8f05869cd0> MOID:0x37c0002b <x-coredata://6B042D32-6611-46E6-A847-601106F4A699/ENNote/p223> GUID:[local] Title:Morning Thoughts Account:(null) USN:726 Hash:<0f82fdc1 1dd3a272 fab6cc79 540e3732> Length:3823 <ENCommonEditorWebView: 0x7f8f09bf8610>
2018/05/12 08:46:39:771 I|*   main  -[ENCommonEditorWebView openNote:] | Loading web view frame from URL evernotecid://6B042D32-6611-46E6-A847-601106F4A699/wwwevernotecom/100389449/ENNote/p223 <ENCommonEditorWebView: 0x7f8f09bf8610>
2018/05/12 08:46:39:771 I|*   main  -[ENCommonEditorWebView updateViewFromNoteContent] | Prepare loading note content, dirty=1 usn=726 <ENCommonEditorWebView: 0x7f8f09bf8610> <ENMacNoteMO 0x7f8f05869cd0> MOID:0x37c0002b <x-coredata://6B042D32-6611-46E6-A847-601106F4A699/ENNote/p223> GUID:[local] Title:Morning Thoughts Account:(null) USN:726 Hash:<0f82fdc1 1dd3a272 fab6cc79 540e3732> Length:3823
2018/05/12 08:46:39:777 W|**  main  -[ENCommonEditorWebView updateViewFromNoteContent]_block_invoke_2 | Loaded noteID 0x300002b <x-coredata://6B042D32-6611-46E6-A847-601106F4A699/ENNote/p12> but editor is now using (null) <ENCommonEditorWebView: 0x7f8f0a063920>
2018/05/12 08:46:39:872 W|**  main  -[ENCommonEditorWebView updateViewFromNoteContent]_block_invoke_2 | Loaded noteID 0x1640002b <x-coredata://6B042D32-6611-46E6-A847-601106F4A699/ENNote/p89> but editor is now using (null) <ENCommonEditorWebView: 0x7f8f076c49d0>
2018/05/12 08:46:39:873 W|**  main  -[ENCommonEditorWebView updateViewFromNoteContent]_block_invoke_2 | Editor not setup, caching enml <ENCommonEditorWebView: 0x7f8f09bf8610> <ENMacNoteMO 0x7f8f05869cd0> MOID:0x37c0002b <x-coredata://6B042D32-6611-46E6-A847-601106F4A699/ENNote/p223> GUID:[local] Title:Morning Thoughts Account:(null) USN:726 Hash:<0f82fdc1 1dd3a272 fab6cc79 540e3732> Length:3823
2018/05/12 08:46:49:747 I|*   main  -[ENCommonEditorWebView commitEditingWithCompletion:savedByRealtimeServer:] | Saving note [no guid]/p223 length of 3819 bytes:
2018/05/12 08:47:01:748 I|*   main  -[ENCommonEditorWebView commitEditingWithCompletion:savedByRealtimeServer:] | Saving note [no guid]/p223 length of 3830 bytes:
2018/05/12 08:47:03:748 I|*   main  -[ENCommonEditorWebView commitEditingWithCompletion:savedByRealtimeServer:] | Saving note [no guid]/p223 length of 3832 bytes:
2018/05/12 08:47:05:749 I|*   main  -[ENCommonEditorWebView commitEditingWithCompletion:savedByRealtimeServer:] | Saving note [no guid]/p223 length of 3835 bytes:
2018/05/12 08:47:12:751 I|*   main  -[ENCommonEditorWebView commitEditingWithCompletion:savedByRealtimeServer:] | Saving note [no guid]/p223 length of 3851 bytes:
2018/05/12 08:47:14:752 I|*   main  -[ENCommonEditorWebView commitEditingWithCompletion:savedByRealtimeServer:] | Saving note [no guid]/p223 length of 3854 bytes:
2018/05/12 08:47:19:751 I|*   main  -[ENCommonEditorWebView commitEditingWithCompletion:savedByRealtimeServer:] | Saving note [no guid]/p223 length of 3861 bytes:
2018/05/12 08:47:26:754 I|*   main  -[ENCommonEditorWebView commitEditingWithCompletion:savedByRealtimeServer:] | Saving note [no guid]/p223 length of 3873 bytes:
2018/05/12 08:47:31:756 I|*   main  -[ENCommonEditorWebView commitEditingWithCompletion:savedByRealtimeServer:] | Saving note [no guid]/p223 length of 3882 bytes:
2018/05/12 08:47:42:758 I|*   main  -[ENCommonEditorWebView commitEditingWithCompletion:savedByRealtimeServer:] | Saving note [no guid]/p223 length of 3893 bytes:
2018/05/12 08:47:45:758 I|*   main  -[ENCommonEditorWebView commitEditingWithCompletion:savedByRealtimeServer:] | Saving note [no guid]/p223 length of 3907 bytes:
2018/05/12 08:47:56:760 I|*   main  -[ENCommonEditorWebView commitEditingWithCompletion:savedByRealtimeServer:] | Saving note [no guid]/p223 length of 3926 bytes:
2018/05/12 08:48:07:766 I|*   main  -[ENCommonEditorWebView commitEditingWithCompletion:savedByRealtimeServer:] | Saving note [no guid]/p223 length of 3945 bytes:
2018/05/12 08:48:11:766 I|*   main  -[ENCommonEditorWebView commitEditingWithCompletion:savedByRealtimeServer:] | Saving note [no guid]/p223 length of 3949 bytes:
2018/05/12 08:48:14:767 I|*   main  -[ENCommonEditorWebView commitEditingWithCompletion:savedByRealtimeServer:] | Saving note [no guid]/p223 length of 3954 bytes:
2018/05/12 08:48:26:772 I|*   main  -[ENCommonEditorWebView commitEditingWithCompletion:savedByRealtimeServer:] | Saving note [no guid]/p223 length of 3983 bytes:
2018/05/12 08:48:30:771 I|*   main  -[ENCommonEditorWebView commitEditingWithCompletion:savedByRealtimeServer:] | Saving note [no guid]/p223 length of 3989 bytes:
2018/05/12 08:49:10:771 I|*   main  -[ENCommonEditorWebView commitEditingWithCompletion:savedByRealtimeServer:] | Saving note [no guid]/p223 length of 3992 bytes:
2018/05/12 08:49:16:774 I|*   main  -[ENCommonEditorWebView commitEditingWithCompletion:savedByRealtimeServer:] | Saving note [no guid]/p223 length of 3996 bytes:
2018/05/12 08:49:31:774 I|*   main  -[ENCommonEditorWebView commitEditingWithCompletion:savedByRealtimeServer:] | Saving note [no guid]/p223 length of 4000 bytes:
2018/05/12 08:49:37:775 I|*   main  -[ENCommonEditorWebView commitEditingWithCompletion:savedByRealtimeServer:] | Saving note [no guid]/p223 length of 4010 bytes:
2018/05/12 08:49:39:774 I|*   main  -[ENCommonEditorWebView commitEditingWithCompletion:savedByRealtimeServer:] | Saving note [no guid]/p223 length of 4012 bytes:
2018/05/12 08:49:42:774 I|*   main  -[ENCommonEditorWebView commitEditingWithCompletion:savedByRealtimeServer:] | Saving note [no guid]/p223 length of 4016 bytes:
2018/05/12 08:49:45:777 I|*   main  -[ENCommonEditorWebView commitEditingWithCompletion:savedByRealtimeServer:] | Saving note [no guid]/p223 length of 4018 bytes:
2018/05/12 08:49:50:775 I|*   main  -[ENCommonEditorWebView commitEditingWithCompletion:savedByRealtimeServer:] | Saving note [no guid]/p223 length of 4025 bytes:
2018/05/12 08:49:56:784 I|*   main  -[ENCommonEditorWebView commitEditingWithCompletion:savedByRealtimeServer:] | Saving note [no guid]/p223 length of 4030 bytes:
2018/05/12 08:50:00:783 I|*   main  -[ENCommonEditorWebView commitEditingWithCompletion:savedByRealtimeServer:] | Saving note [no guid]/p223 length of 4033 bytes:
2018/05/12 08:50:06:785 I|*   main  -[ENCommonEditorWebView commitEditingWithCompletion:savedByRealtimeServer:] | Saving note [no guid]/p223 length of 4044 bytes:
2018/05/12 08:50:10:785 I|*   main  -[ENCommonEditorWebView commitEditingWithCompletion:savedByRealtimeServer:] | Saving note [no guid]/p223 length of 4046 bytes:
2018/05/12 08:50:13:789 I|*   main  -[ENCommonEditorWebView commitEditingWithCompletion:savedByRealtimeServer:] | Saving note [no guid]/p223 length of 4044 bytes:
2018/05/12 08:50:20:786 I|*   main  -[ENCommonEditorWebView commitEditingWithCompletion:savedByRealtimeServer:] | Saving note [no guid]/p223 length of 4058 bytes:
2018/05/12 08:50:34:811 I|*   main  -[ENCommonEditorWebView commitEditingWithCompletion:savedByRealtimeServer:] | Saving note [no guid]/p223 length of 4097 bytes:
2018/05/12 08:50:36:812 I|*   main  -[ENCommonEditorWebView commitEditingWithCompletion:savedByRealtimeServer:] | Saving note [no guid]/p223 length of 4096 bytes:
2018/05/12 08:50:39:813 I|*   main  -[ENCommonEditorWebView commitEditingWithCompletion:savedByRealtimeServer:] | Saving note [no guid]/p223 length of 4097 bytes:
2018/05/12 08:50:48:531 I|*   main  -[ENCommonEditorWebView closeNote:] | Close note <ENMacNoteMO 0x7f8f05869cd0> MOID:0x37c0002b <x-coredata://6B042D32-6611-46E6-A847-601106F4A699/ENNote/p223> GUID:[local] Title:Morning Thoughts Account:(null) USN:726 Hash:<344e0d9a 31ae6862 33febc01 f5c514ac> Length:4097
2018/05/12 09:33:43:804 I|*   11799 -[ENUXPuppetmaster evaluateRules] | >UXPuppetmaster< Object: <ENUXPuppetmaster: 0x7f8f037acb00> Evaluated script version: mac.180
2018/05/12 09:59:31:840 I|*   conn  -[ENConnectivityMonitor checkReachabilityForHost:] | Checking reachability for www.evernote.com...
2018/05/12 09:59:31:841 I|*   conn  +[ENConnectivityMonitor internetIsReachable] |   reachability result: no
2018/05/12 09:59:42:160 I|*   conn  -[ENConnectivityMonitor checkReachabilityForHost:] | Exception checking connectivity via EDAM: Internet connection appears to be offline.
2018/05/12 09:59:44:729 I|*   11800 -[ENCoreMessageSyncEngine considerPendingMessages]_block_invoke | 0 messages pending
2018/05/12 09:59:49:189 I|*   conn  -[ENConnectivityMonitor checkReachabilityForHost:] | Checking reachability for www.evernote.com...
2018/05/12 09:59:49:190 I|*   conn  +[ENConnectivityMonitor internetIsReachable] |   reachability result: OK
2018/05/12 15:58:09:831 I|*   conn  -[ENConnectivityMonitor checkReachabilityForHost:] | Checking reachability for www.evernote.com...
2018/05/12 15:58:09:831 I|*   conn  +[ENConnectivityMonitor internetIsReachable] |   reachability result: no
2018/05/12 15:58:19:923 I|*   conn  -[ENConnectivityMonitor checkReachabilityForHost:] | Exception checking connectivity via EDAM: Internet connection appears to be offline.
2018/05/12 15:58:22:133 I|*   11803 -[ENCoreMessageSyncEngine considerPendingMessages]_block_invoke | 0 messages pending
2018/05/12 15:58:26:651 I|*   conn  -[ENConnectivityMonitor checkReachabilityForHost:] | Checking reachability for www.evernote.com...
2018/05/12 15:58:26:652 I|*   conn  +[ENConnectivityMonitor internetIsReachable] |   reachability result: OK
2018/05/12 16:55:00:039 I|*   11841 -[ENUXPuppetmaster evaluateRules] | >UXPuppetmaster< Object: <ENUXPuppetmaster: 0x7f8f037acb00> Evaluated script version: mac.180
2018/05/12 17:52:11:841 I|*   conn  -[ENConnectivityMonitor checkReachabilityForHost:] | Checking reachability for www.evernote.com...
2018/05/12 17:52:11:841 I|*   conn  +[ENConnectivityMonitor internetIsReachable] |   reachability result: no
2018/05/12 17:52:11:874 I|*   conn  -[ENConnectivityMonitor checkReachabilityForHost:] | Exception checking connectivity via EDAM: Internet connection appears to be offline.
2018/05/12 17:52:13:382 I|*   11908 -[ENCoreMessageSyncEngine considerPendingMessages]_block_invoke | 0 messages pending
2018/05/12 17:52:22:062 I|*   conn  -[ENConnectivityMonitor checkReachabilityForHost:] | Checking reachability for www.evernote.com...
2018/05/12 17:52:22:063 I|*   conn  +[ENConnectivityMonitor internetIsReachable] |   reachability result: OK
2018/05/12 18:19:33:306 I|*   11922 -[ENUXPuppetmaster evaluateRules] | >UXPuppetmaster< Object: <ENUXPuppetmaster: 0x7f8f037acb00> Evaluated script version: mac.180
