2018/05/12 19:46:42:334 I|*   conn  -[ENConnectivityMonitor checkReachabilityForHost:] | Checking reachability for www.evernote.com...
2018/05/12 19:46:42:334 I|*   conn  +[ENConnectivityMonitor internetIsReachable] |   reachability result: no
2018/05/12 19:46:42:369 I|*   conn  -[ENConnectivityMonitor checkReachabilityForHost:] | Exception checking connectivity via EDAM: Internet connection appears to be offline.
2018/05/12 19:46:43:633 I|*   11954 -[ENCoreMessageSyncEngine considerPendingMessages]_block_invoke | 0 messages pending
2018/05/12 19:46:48:128 I|*   conn  -[ENConnectivityMonitor checkReachabilityForHost:] | Checking reachability for www.evernote.com...
2018/05/12 19:46:48:129 I|*   conn  +[ENConnectivityMonitor internetIsReachable] |   reachability result: OK
2018/05/12 20:09:26:582 I|*   12019 -[ENUXPuppetmaster evaluateRules] | >UXPuppetmaster< Object: <ENUXPuppetmaster: 0x7f8f037acb00> Evaluated script version: mac.180
2018/05/12 20:43:30:827 I|*   conn  -[ENConnectivityMonitor checkReachabilityForHost:] | Checking reachability for www.evernote.com...
2018/05/12 20:43:30:827 I|*   conn  +[ENConnectivityMonitor internetIsReachable] |   reachability result: no
2018/05/12 20:43:30:862 I|*   conn  -[ENConnectivityMonitor checkReachabilityForHost:] | Exception checking connectivity via EDAM: Internet connection appears to be offline.
2018/05/12 20:43:37:564 I|*   conn  -[ENConnectivityMonitor checkReachabilityForHost:] | Checking reachability for www.evernote.com...
2018/05/12 20:43:37:564 I|*   conn  +[ENConnectivityMonitor internetIsReachable] |   reachability result: OK
2018/05/12 20:43:37:604 E|*** 12074 -[ENAccountContext serverSyncStateForEdamClient:]_block_invoke | caught TTransportException: Error loading HTTP request
  userInfo = {
    error = "Error Domain=NSURLErrorDomain Code=-1003 \"A server with the specified hostname could not be found.\" UserInfo={NSUnderlyingError=0x7f8f09b80910 {Error Domain=kCFErrorDomainCFNetwork Code=-1003 \"A server with the specified hostname could not be found.\" UserInfo={NSErrorFailingURLStringKey=https://www.evernote.com/shard/s561/notestore, NSErrorFailingURLKey=https://www.evernote.com/shard/s561/notestore, _kCFStreamErrorCodeKey=8, _kCFStreamErrorDomainKey=12, NSLocalizedDescription=A server with the specified hostname could not be found.}}, NSErrorFailingURLStringKey=https://www.evernote.com/shard/s561/notestore, NSErrorFailingURLKey=https://www.evernote.com/shard/s561/notestore, _kCFStreamErrorDomainKey=12, _kCFStreamErrorCodeKey=8, NSLocalizedDescription=A server with the specified hostname could not be found.}";
    url = "https://www.evernote.com/shard/s561/notestore";
}
2018/05/12 20:43:37:604 E|*** 12074 -[ENAccountContext reconsiderChoiceScreenTrigger] | caught TTransportException: Error loading HTTP request
  userInfo = {
    error = "Error Domain=NSURLErrorDomain Code=-1003 \"A server with the specified hostname could not be found.\" UserInfo={NSUnderlyingError=0x7f8f09b80910 {Error Domain=kCFErrorDomainCFNetwork Code=-1003 \"A server with the specified hostname could not be found.\" UserInfo={NSErrorFailingURLStringKey=https://www.evernote.com/shard/s561/notestore, NSErrorFailingURLKey=https://www.evernote.com/shard/s561/notestore, _kCFStreamErrorCodeKey=8, _kCFStreamErrorDomainKey=12, NSLocalizedDescription=A server with the specified hostname could not be found.}}, NSErrorFailingURLStringKey=https://www.evernote.com/shard/s561/notestore, NSErrorFailingURLKey=https://www.evernote.com/shard/s561/notestore, _kCFStreamErrorDomainKey=12, _kCFStreamErrorCodeKey=8, NSLocalizedDescription=A server with the specified hostname could not be found.}";
    url = "https://www.evernote.com/shard/s561/notestore";
}
2018/05/12 20:43:40:665 I|*   12076 -[ENCoreMessageSyncEngine considerPendingMessages]_block_invoke | 0 messages pending
2018/05/12 21:09:27:668 I|*   12108 -[ENUXPuppetmaster evaluateRules] | >UXPuppetmaster< Object: <ENUXPuppetmaster: 0x7f8f037acb00> Evaluated script version: mac.180
2018/05/12 21:52:03:358 I|*   conn  -[ENConnectivityMonitor checkReachabilityForHost:] | Checking reachability for www.evernote.com...
2018/05/12 21:52:03:358 I|*   conn  +[ENConnectivityMonitor internetIsReachable] |   reachability result: no
2018/05/12 21:52:13:183 I|*   conn  -[ENConnectivityMonitor checkReachabilityForHost:] | Exception checking connectivity via EDAM: Internet connection appears to be offline.
2018/05/12 21:52:15:446 I|*   12120 -[ENCoreMessageSyncEngine considerPendingMessages]_block_invoke | 0 messages pending
2018/05/12 21:52:19:952 I|*   conn  -[ENConnectivityMonitor checkReachabilityForHost:] | Checking reachability for www.evernote.com...
2018/05/12 21:52:19:953 I|*   conn  +[ENConnectivityMonitor internetIsReachable] |   reachability result: OK
2018/05/12 22:34:15:349 I|*   12279 -[ENUXPuppetmaster evaluateRules] | >UXPuppetmaster< Object: <ENUXPuppetmaster: 0x7f8f037acb00> Evaluated script version: mac.180
2018/05/12 23:34:06:585 I|*   12387 -[ENUXPuppetmaster evaluateRules] | >UXPuppetmaster< Object: <ENUXPuppetmaster: 0x7f8f037acb00> Evaluated script version: mac.180
2018/05/13 00:34:06:484 I|*   12445 -[ENUXPuppetmaster evaluateRules] | >UXPuppetmaster< Object: <ENUXPuppetmaster: 0x7f8f037acb00> Evaluated script version: mac.180
2018/05/13 05:08:21:827 I|*   conn  -[ENConnectivityMonitor checkReachabilityForHost:] | Checking reachability for www.evernote.com...
2018/05/13 05:08:21:827 I|*   conn  +[ENConnectivityMonitor internetIsReachable] |   reachability result: no
2018/05/13 05:08:31:949 I|*   conn  -[ENConnectivityMonitor checkReachabilityForHost:] | Exception checking connectivity via EDAM: Internet connection appears to be offline.
2018/05/13 05:08:34:149 I|*   12448 -[ENCoreMessageSyncEngine considerPendingMessages]_block_invoke | 0 messages pending
2018/05/13 05:08:38:669 I|*   conn  -[ENConnectivityMonitor checkReachabilityForHost:] | Checking reachability for www.evernote.com...
2018/05/13 05:08:38:670 I|*   conn  +[ENConnectivityMonitor internetIsReachable] |   reachability result: OK
2018/05/13 05:33:13:362 I|*   conn  -[ENConnectivityMonitor checkReachabilityForHost:] | Checking reachability for www.evernote.com...
2018/05/13 05:33:13:362 I|*   conn  +[ENConnectivityMonitor internetIsReachable] |   reachability result: no
2018/05/13 05:33:13:394 I|*   conn  -[ENConnectivityMonitor checkReachabilityForHost:] | Exception checking connectivity via EDAM: Internet connection appears to be offline.
2018/05/13 05:33:14:476 I|*   12457 -[ENCoreMessageSyncEngine considerPendingMessages]_block_invoke | 0 messages pending
2018/05/13 05:33:22:720 I|*   conn  -[ENConnectivityMonitor checkReachabilityForHost:] | Checking reachability for www.evernote.com...
2018/05/13 05:33:22:721 I|*   conn  +[ENConnectivityMonitor internetIsReachable] |   reachability result: OK
2018/05/13 05:33:22:761 E|*** 12458 -[ENAccountContext serverSyncStateForEdamClient:]_block_invoke | caught TTransportException: Error loading HTTP request
  userInfo = {
    error = "Error Domain=NSURLErrorDomain Code=-1003 \"A server with the specified hostname could not be found.\" UserInfo={NSUnderlyingError=0x7f8f06133580 {Error Domain=kCFErrorDomainCFNetwork Code=-1003 \"A server with the specified hostname could not be found.\" UserInfo={NSErrorFailingURLStringKey=https://www.evernote.com/shard/s561/notestore, NSErrorFailingURLKey=https://www.evernote.com/shard/s561/notestore, _kCFStreamErrorCodeKey=8, _kCFStreamErrorDomainKey=12, NSLocalizedDescription=A server with the specified hostname could not be found.}}, NSErrorFailingURLStringKey=https://www.evernote.com/shard/s561/notestore, NSErrorFailingURLKey=https://www.evernote.com/shard/s561/notestore, _kCFStreamErrorDomainKey=12, _kCFStreamErrorCodeKey=8, NSLocalizedDescription=A server with the specified hostname could not be found.}";
    url = "https://www.evernote.com/shard/s561/notestore";
}
2018/05/13 05:33:22:762 E|*** 12458 -[ENAccountContext reconsiderChoiceScreenTrigger] | caught TTransportException: Error loading HTTP request
  userInfo = {
    error = "Error Domain=NSURLErrorDomain Code=-1003 \"A server with the specified hostname could not be found.\" UserInfo={NSUnderlyingError=0x7f8f06133580 {Error Domain=kCFErrorDomainCFNetwork Code=-1003 \"A server with the specified hostname could not be found.\" UserInfo={NSErrorFailingURLStringKey=https://www.evernote.com/shard/s561/notestore, NSErrorFailingURLKey=https://www.evernote.com/shard/s561/notestore, _kCFStreamErrorCodeKey=8, _kCFStreamErrorDomainKey=12, NSLocalizedDescription=A server with the specified hostname could not be found.}}, NSErrorFailingURLStringKey=https://www.evernote.com/shard/s561/notestore, NSErrorFailingURLKey=https://www.evernote.com/shard/s561/notestore, _kCFStreamErrorDomainKey=12, _kCFStreamErrorCodeKey=8, NSLocalizedDescription=A server with the specified hostname could not be found.}";
    url = "https://www.evernote.com/shard/s561/notestore";
}
2018/05/13 06:12:27:497 I|*   main  -[ENContactIntegrationManager refetchTimerFired:] | Extractor type=3 is disconnected, try to deactivate all contacts from it
2018/05/13 06:12:28:672 I|*   12543 -[ENContactIntegrationManager _enqueueContactExtraction:]_block_invoke | Extractor type=1 will extract contacts
2018/05/13 06:12:28:672 I|*   12543 -[ENEvernoteContactExtractor extractContacts] | Begin extracting Evernote contacts
2018/05/13 06:12:28:672 I|*   12543 -[ENEvernoteContactExtractor extractContacts] | End fetching Evernote contacts
2018/05/13 06:12:28:689 I|*   12543 -[ENUXPuppetmaster evaluateRules] | >UXPuppetmaster< Object: <ENUXPuppetmaster: 0x7f8f037acb00> Evaluated script version: mac.180
2018/05/13 06:12:40:132 I|*   main  -[ENIncentiveManager refreshTimerFired:] | Refresh fired for incentive: (null)
2018/05/13 06:12:40:309 I|*   main  -[ENIncentiveManager refreshIncentive]_block_invoke | Removed current incentive
2018/05/13 06:12:45:334 I|*   12543 -[ENUXPuppetmaster evaluateRules] | >UXPuppetmaster< Object: <ENUXPuppetmaster: 0x7f8f037acb00> Evaluated script version: mac.180
2018/05/13 07:12:28:614 I|*   12593 -[ENUXPuppetmaster evaluateRules] | >UXPuppetmaster< Object: <ENUXPuppetmaster: 0x7f8f037acb00> Evaluated script version: mac.180
2018/05/13 08:12:37:607 I|*   12728 -[ENUXPuppetmaster evaluateRules] | >UXPuppetmaster< Object: <ENUXPuppetmaster: 0x7f8f037acb00> Evaluated script version: mac.180
2018/05/13 09:12:34:313 I|*   12761 -[ENUXPuppetmaster evaluateRules] | >UXPuppetmaster< Object: <ENUXPuppetmaster: 0x7f8f037acb00> Evaluated script version: mac.180
2018/05/13 09:12:49:435 I|*   main  -[ENTierSelectionEligibilityController checkEligibilityTimerFired:] | Check-TSD-eligibility timer fired; checking with service
2018/05/13 09:12:49:635 I|*   12761 -[ENTierSelectionEligibilityController handleEligibilityResult:] | TSD-eligibility result: <EDAMTierSelectionDisplayEligibilityResult: 0x7f8f07460e00; shouldShowTsd = 0; timeToLive = 86400000; tsdType = (null); tsdTiming = (null); tsdVariation = (null); subscriptionInfo = <EDAMSubscriptionInfo: 0x7f8f098b6c30; currentTime = 1526217169515; currentlySubscribed = 0; subscriptionRecurring = 0; subscriptionExpirationDate = (null); subscriptionPending = 0; subscriptionCancellationPending = 0; serviceLevelsEligibleForPurchase = {(
    3,
    2
)}; currentSku = (null); validUntil = 1557753169515; itunesReceiptRequested = 0;>; teamStarterPackResult = (null);>
2018/05/13 09:12:49:657 I|*   12761 -[ENTierSelectionEligibilityController startCheckEligibilityTimer] | Waiting for 86399.999638 seconds before checking TSD eligibility with the service
2018/05/13 10:12:28:161 I|*   12777 -[ENUXPuppetmaster evaluateRules] | >UXPuppetmaster< Object: <ENUXPuppetmaster: 0x7f8f037acb00> Evaluated script version: mac.180
2018/05/13 13:19:05:363 I|*   conn  -[ENConnectivityMonitor checkReachabilityForHost:] | Checking reachability for www.evernote.com...
2018/05/13 13:19:05:364 I|*   conn  +[ENConnectivityMonitor internetIsReachable] |   reachability result: no
2018/05/13 13:19:05:399 I|*   conn  -[ENConnectivityMonitor checkReachabilityForHost:] | Exception checking connectivity via EDAM: Internet connection appears to be offline.
2018/05/13 13:19:14:918 I|*   conn  -[ENConnectivityMonitor checkReachabilityForHost:] | Checking reachability for www.evernote.com...
2018/05/13 13:19:14:918 I|*   conn  +[ENConnectivityMonitor internetIsReachable] |   reachability result: OK
2018/05/13 13:19:15:219 I|*   12782 -[ENCoreMessageSyncEngine considerPendingMessages]_block_invoke | 0 messages pending
2018/05/13 14:04:41:589 I|*   12827 -[ENUXPuppetmaster evaluateRules] | >UXPuppetmaster< Object: <ENUXPuppetmaster: 0x7f8f037acb00> Evaluated script version: mac.180
2018/05/13 20:52:19:361 I|*   conn  -[ENConnectivityMonitor checkReachabilityForHost:] | Checking reachability for www.evernote.com...
2018/05/13 20:52:19:361 I|*   conn  +[ENConnectivityMonitor internetIsReachable] |   reachability result: no
2018/05/13 20:52:19:395 I|*   conn  -[ENConnectivityMonitor checkReachabilityForHost:] | Exception checking connectivity via EDAM: Internet connection appears to be offline.
2018/05/13 20:52:20:443 I|*   12844 -[ENCoreMessageSyncEngine considerPendingMessages]_block_invoke | 0 messages pending
2018/05/13 20:52:28:754 I|*   conn  -[ENConnectivityMonitor checkReachabilityForHost:] | Checking reachability for www.evernote.com...
2018/05/13 20:52:28:754 I|*   conn  +[ENConnectivityMonitor internetIsReachable] |   reachability result: OK
2018/05/13 21:34:35:566 I|*   12896 -[ENUXPuppetmaster evaluateRules] | >UXPuppetmaster< Object: <ENUXPuppetmaster: 0x7f8f037acb00> Evaluated script version: mac.180
2018/05/13 22:34:26:216 I|*   12943 -[ENUXPuppetmaster evaluateRules] | >UXPuppetmaster< Object: <ENUXPuppetmaster: 0x7f8f037acb00> Evaluated script version: mac.180
2018/05/13 23:20:07:941 I|*   conn  -[ENConnectivityMonitor checkReachabilityForHost:] | Checking reachability for www.evernote.com...
2018/05/13 23:20:07:941 I|*   conn  +[ENConnectivityMonitor internetIsReachable] |   reachability result: no
2018/05/13 23:20:07:974 I|*   conn  -[ENConnectivityMonitor checkReachabilityForHost:] | Exception checking connectivity via EDAM: Internet connection appears to be offline.
2018/05/13 23:20:17:987 I|*   conn  -[ENConnectivityMonitor checkReachabilityForHost:] | Checking reachability for www.evernote.com...
2018/05/13 23:20:17:987 I|*   conn  +[ENConnectivityMonitor internetIsReachable] |   reachability result: OK
2018/05/13 23:20:18:514 I|*   12949 -[ENCoreMessageSyncEngine considerPendingMessages]_block_invoke | 0 messages pending
2018/05/14 06:16:06:832 I|*   conn  -[ENConnectivityMonitor checkReachabilityForHost:] | Checking reachability for www.evernote.com...
2018/05/14 06:16:06:832 I|*   conn  +[ENConnectivityMonitor internetIsReachable] |   reachability result: no
2018/05/14 06:16:17:065 I|*   conn  -[ENConnectivityMonitor checkReachabilityForHost:] | Exception checking connectivity via EDAM: Internet connection appears to be offline.
2018/05/14 06:16:19:086 I|*   12950 -[ENCoreMessageSyncEngine considerPendingMessages]_block_invoke | 0 messages pending
2018/05/14 06:16:23:588 I|*   conn  -[ENConnectivityMonitor checkReachabilityForHost:] | Checking reachability for www.evernote.com...
2018/05/14 06:16:23:588 I|*   conn  +[ENConnectivityMonitor internetIsReachable] |   reachability result: OK
2018/05/14 06:55:59:355 I|*   conn  -[ENConnectivityMonitor checkReachabilityForHost:] | Checking reachability for www.evernote.com...
2018/05/14 06:55:59:355 I|*   conn  +[ENConnectivityMonitor internetIsReachable] |   reachability result: no
2018/05/14 06:56:00:636 I|*   12966 -[ENCoreMessageSyncEngine considerPendingMessages]_block_invoke | 0 messages pending
2018/05/14 06:56:14:361 I|*   conn  -[ENConnectivityMonitor checkReachabilityForHost:] | Checking reachability for www.evernote.com...
2018/05/14 06:56:14:361 I|*   conn  +[ENConnectivityMonitor internetIsReachable] |   reachability result: OK
2018/05/14 07:19:26:047 I|*   12982 -[ENUXPuppetmaster evaluateRules] | >UXPuppetmaster< Object: <ENUXPuppetmaster: 0x7f8f037acb00> Evaluated script version: mac.180
2018/05/14 12:35:21:360 I|*   conn  -[ENConnectivityMonitor checkReachabilityForHost:] | Checking reachability for www.evernote.com...
2018/05/14 12:35:21:360 I|*   conn  +[ENConnectivityMonitor internetIsReachable] |   reachability result: no
2018/05/14 12:35:21:397 I|*   conn  -[ENConnectivityMonitor checkReachabilityForHost:] | Exception checking connectivity via EDAM: Internet connection appears to be offline.
2018/05/14 12:35:22:698 I|*   12986 -[ENCoreMessageSyncEngine considerPendingMessages]_block_invoke | 0 messages pending
2018/05/14 12:35:30:797 I|*   conn  -[ENConnectivityMonitor checkReachabilityForHost:] | Checking reachability for www.evernote.com...
2018/05/14 12:35:30:798 I|*   conn  +[ENConnectivityMonitor internetIsReachable] |   reachability result: OK
2018/05/14 13:23:08:787 I|*   main  -[ENRelatedNotesHelper startCleanupCacheIfNecessary:] | Start to cleanup relatedcontent cache
2018/05/14 13:23:11:752 I|*   13085 -[ENUXPuppetmaster evaluateRules] | >UXPuppetmaster< Object: <ENUXPuppetmaster: 0x7f8f037acb00> Evaluated script version: mac.180
2018/05/14 14:23:15:587 I|*   13102 -[ENUXPuppetmaster evaluateRules] | >UXPuppetmaster< Object: <ENUXPuppetmaster: 0x7f8f037acb00> Evaluated script version: mac.180
2018/05/14 18:36:36:857 I|*   conn  -[ENConnectivityMonitor checkReachabilityForHost:] | Checking reachability for www.evernote.com...
2018/05/14 18:36:36:857 I|*   conn  +[ENConnectivityMonitor internetIsReachable] |   reachability result: no
2018/05/14 18:36:36:894 I|*   conn  -[ENConnectivityMonitor checkReachabilityForHost:] | Exception checking connectivity via EDAM: Internet connection appears to be offline.
2018/05/14 18:36:37:993 I|*   13113 -[ENCoreMessageSyncEngine considerPendingMessages]_block_invoke | 0 messages pending
2018/05/14 18:36:42:602 I|*   conn  -[ENConnectivityMonitor checkReachabilityForHost:] | Checking reachability for www.evernote.com...
2018/05/14 18:36:42:602 I|*   conn  +[ENConnectivityMonitor internetIsReachable] |   reachability result: OK
2018/05/14 18:36:42:644 E|*** 13113 -[ENAccountContext serverSyncStateForEdamClient:]_block_invoke | caught TTransportException: Error loading HTTP request
  userInfo = {
    error = "Error Domain=NSURLErrorDomain Code=-1003 \"A server with the specified hostname could not be found.\" UserInfo={NSUnderlyingError=0x7f8f0734a5e0 {Error Domain=kCFErrorDomainCFNetwork Code=-1003 \"A server with the specified hostname could not be found.\" UserInfo={NSErrorFailingURLStringKey=https://www.evernote.com/shard/s561/notestore, NSErrorFailingURLKey=https://www.evernote.com/shard/s561/notestore, _kCFStreamErrorCodeKey=8, _kCFStreamErrorDomainKey=12, NSLocalizedDescription=A server with the specified hostname could not be found.}}, NSErrorFailingURLStringKey=https://www.evernote.com/shard/s561/notestore, NSErrorFailingURLKey=https://www.evernote.com/shard/s561/notestore, _kCFStreamErrorDomainKey=12, _kCFStreamErrorCodeKey=8, NSLocalizedDescription=A server with the specified hostname could not be found.}";
    url = "https://www.evernote.com/shard/s561/notestore";
}
2018/05/14 18:36:42:644 E|*** 13113 -[ENAccountContext reconsiderChoiceScreenTrigger] | caught TTransportException: Error loading HTTP request
  userInfo = {
    error = "Error Domain=NSURLErrorDomain Code=-1003 \"A server with the specified hostname could not be found.\" UserInfo={NSUnderlyingError=0x7f8f0734a5e0 {Error Domain=kCFErrorDomainCFNetwork Code=-1003 \"A server with the specified hostname could not be found.\" UserInfo={NSErrorFailingURLStringKey=https://www.evernote.com/shard/s561/notestore, NSErrorFailingURLKey=https://www.evernote.com/shard/s561/notestore, _kCFStreamErrorCodeKey=8, _kCFStreamErrorDomainKey=12, NSLocalizedDescription=A server with the specified hostname could not be found.}}, NSErrorFailingURLStringKey=https://www.evernote.com/shard/s561/notestore, NSErrorFailingURLKey=https://www.evernote.com/shard/s561/notestore, _kCFStreamErrorDomainKey=12, _kCFStreamErrorCodeKey=8, NSLocalizedDescription=A server with the specified hostname could not be found.}";
    url = "https://www.evernote.com/shard/s561/notestore";
}
2018/05/14 18:55:14:311 I|*   13141 -[ENUXPuppetmaster evaluateRules] | >UXPuppetmaster< Object: <ENUXPuppetmaster: 0x7f8f037acb00> Evaluated script version: mac.180
2018/05/14 19:46:19:363 I|*   conn  -[ENConnectivityMonitor checkReachabilityForHost:] | Checking reachability for www.evernote.com...
2018/05/14 19:46:19:364 I|*   conn  +[ENConnectivityMonitor internetIsReachable] |   reachability result: no
2018/05/14 19:46:19:397 I|*   conn  -[ENConnectivityMonitor checkReachabilityForHost:] | Exception checking connectivity via EDAM: Internet connection appears to be offline.
2018/05/14 19:46:20:726 I|*   13144 -[ENCoreMessageSyncEngine considerPendingMessages]_block_invoke | 0 messages pending
2018/05/14 19:46:29:050 I|*   conn  -[ENConnectivityMonitor checkReachabilityForHost:] | Checking reachability for www.evernote.com...
2018/05/14 19:46:29:050 I|*   conn  +[ENConnectivityMonitor internetIsReachable] |   reachability result: OK
2018/05/14 20:35:43:637 I|*   main  -[ENCommonEditorWebView closeNote:] | Close note (null)
2018/05/14 20:35:43:638 I|*   main  -[ENCommonEditorWebView openNote:] | Prepare note view for: dirty=0 usn=93 | <ENMacNoteMO 0x7f8f0350d270> MOID:0x300002b <x-coredata://6B042D32-6611-46E6-A847-601106F4A699/ENNote/p12> GUID:5c48b0b7-1988-4c81-90e7-07e91fc0df41 Title:ZFS: You should use mirror vdevs, not RAIDZ. | JRS Systems: the blog Account:(null) USN:93 Hash:<a7ac89af c5b9af79 ba90de4b 20e74a72> Length:82702 <ENCommonEditorWebView: 0x7f8f09ef8980>
2018/05/14 20:35:43:638 I|*   main  -[ENCommonEditorWebView openNote:] | Loading web view frame from URL evernotecid://6B042D32-6611-46E6-A847-601106F4A699/wwwevernotecom/100389449/ENNote/p12 <ENCommonEditorWebView: 0x7f8f09ef8980>
2018/05/14 20:35:43:638 I|*   main  -[ENCommonEditorWebView updateViewFromNoteContent] | Prepare loading note content, dirty=0 usn=93 <ENCommonEditorWebView: 0x7f8f09ef8980> <ENMacNoteMO 0x7f8f0350d270> MOID:0x300002b <x-coredata://6B042D32-6611-46E6-A847-601106F4A699/ENNote/p12> GUID:5c48b0b7-1988-4c81-90e7-07e91fc0df41 Title:ZFS: You should use mirror vdevs, not RAIDZ. | JRS Systems: the blog Account:(null) USN:93 Hash:<a7ac89af c5b9af79 ba90de4b 20e74a72> Length:82702
2018/05/14 20:35:43:832 W|**  main  -[ENCommonEditorWebView updateViewFromNoteContent]_block_invoke_2 | Editor not setup, caching enml <ENCommonEditorWebView: 0x7f8f09ef8980> <ENMacNoteMO 0x7f8f0350d270> MOID:0x300002b <x-coredata://6B042D32-6611-46E6-A847-601106F4A699/ENNote/p12> GUID:5c48b0b7-1988-4c81-90e7-07e91fc0df41 Title:ZFS: You should use mirror vdevs, not RAIDZ. | JRS Systems: the blog Account:(null) USN:93 Hash:<a7ac89af c5b9af79 ba90de4b 20e74a72> Length:82702
2018/05/14 20:35:43:843 I|*   main  -[ENCommonEditorWebView closeNote:] | Close note <ENMacNoteMO 0x7f8f0350d270> MOID:0x300002b <x-coredata://6B042D32-6611-46E6-A847-601106F4A699/ENNote/p12> GUID:5c48b0b7-1988-4c81-90e7-07e91fc0df41 Title:ZFS: You should use mirror vdevs, not RAIDZ. | JRS Systems: the blog Account:(null) USN:93 Hash:<a7ac89af c5b9af79 ba90de4b 20e74a72> Length:82702
2018/05/14 20:35:43:874 I|*   main  -[ENCommonEditorWebView closeNote:] | Close note (null)
2018/05/14 20:35:43:874 I|*   main  -[ENCommonEditorWebView openNote:] | Prepare note view for: dirty=1 usn=0 | <ENMacNoteMO 0x7f8f05b83870> MOID:0x1640002b <x-coredata://6B042D32-6611-46E6-A847-601106F4A699/ENNote/p89> GUID:[local] Title:Physics Theory Account:(null) USN:0 Hash:<0aea731a c3926b05 766c565a 96f5b06a> Length:643 <ENCommonEditorWebView: 0x7f8f0a1155d0>
2018/05/14 20:35:43:874 I|*   main  -[ENCommonEditorWebView openNote:] | Loading web view frame from URL evernotecid://6B042D32-6611-46E6-A847-601106F4A699/wwwevernotecom/100389449/ENNote/p89 <ENCommonEditorWebView: 0x7f8f0a1155d0>
2018/05/14 20:35:43:874 I|*   main  -[ENCommonEditorWebView updateViewFromNoteContent] | Prepare loading note content, dirty=1 usn=0 <ENCommonEditorWebView: 0x7f8f0a1155d0> <ENMacNoteMO 0x7f8f05b83870> MOID:0x1640002b <x-coredata://6B042D32-6611-46E6-A847-601106F4A699/ENNote/p89> GUID:[local] Title:Physics Theory Account:(null) USN:0 Hash:<0aea731a c3926b05 766c565a 96f5b06a> Length:643
2018/05/14 20:35:43:902 I|*   main  -[ENCommonEditorWebView closeNote:] | Close note <ENMacNoteMO 0x7f8f05b83870> MOID:0x1640002b <x-coredata://6B042D32-6611-46E6-A847-601106F4A699/ENNote/p89> GUID:[local] Title:Physics Theory Account:(null) USN:0 Hash:<0aea731a c3926b05 766c565a 96f5b06a> Length:643
2018/05/14 20:35:43:913 I|*   main  -[ENCommonEditorWebView closeNote:] | Close note (null)
2018/05/14 20:35:43:913 I|*   main  -[ENCommonEditorWebView openNote:] | Prepare note view for: dirty=1 usn=726 | <ENMacNoteMO 0x7f8f05869cd0> MOID:0x37c0002b <x-coredata://6B042D32-6611-46E6-A847-601106F4A699/ENNote/p223> GUID:[local] Title:Morning Thoughts Account:(null) USN:726 Hash:<344e0d9a 31ae6862 33febc01 f5c514ac> Length:4097 <ENCommonEditorWebView: 0x7f8f0a2324a0>
2018/05/14 20:35:43:913 I|*   main  -[ENCommonEditorWebView openNote:] | Loading web view frame from URL evernotecid://6B042D32-6611-46E6-A847-601106F4A699/wwwevernotecom/100389449/ENNote/p223 <ENCommonEditorWebView: 0x7f8f0a2324a0>
2018/05/14 20:35:43:913 I|*   main  -[ENCommonEditorWebView updateViewFromNoteContent] | Prepare loading note content, dirty=1 usn=726 <ENCommonEditorWebView: 0x7f8f0a2324a0> <ENMacNoteMO 0x7f8f05869cd0> MOID:0x37c0002b <x-coredata://6B042D32-6611-46E6-A847-601106F4A699/ENNote/p223> GUID:[local] Title:Morning Thoughts Account:(null) USN:726 Hash:<344e0d9a 31ae6862 33febc01 f5c514ac> Length:4097
2018/05/14 20:35:44:027 W|**  main  -[ENCommonEditorWebView updateViewFromNoteContent]_block_invoke_2 | Loaded noteID 0x1640002b <x-coredata://6B042D32-6611-46E6-A847-601106F4A699/ENNote/p89> but editor is now using (null) <ENCommonEditorWebView: 0x7f8f0a1155d0>
2018/05/14 20:35:44:028 W|**  main  -[ENCommonEditorWebView updateViewFromNoteContent]_block_invoke_2 | Editor not setup, caching enml <ENCommonEditorWebView: 0x7f8f0a2324a0> <ENMacNoteMO 0x7f8f05869cd0> MOID:0x37c0002b <x-coredata://6B042D32-6611-46E6-A847-601106F4A699/ENNote/p223> GUID:[local] Title:Morning Thoughts Account:(null) USN:726 Hash:<344e0d9a 31ae6862 33febc01 f5c514ac> Length:4097
2018/05/14 20:36:55:892 I|*   main  -[ENCommonEditorWebView commitEditingWithCompletion:savedByRealtimeServer:] | Saving note [no guid]/p223 length of 4114 bytes:
2018/05/14 20:37:04:893 I|*   main  -[ENCommonEditorWebView commitEditingWithCompletion:savedByRealtimeServer:] | Saving note [no guid]/p223 length of 4145 bytes:
2018/05/14 20:37:10:242 I|*   13232 -[ENUXPuppetmaster evaluateRules] | >UXPuppetmaster< Object: <ENUXPuppetmaster: 0x7f8f037acb00> Evaluated script version: mac.180
2018/05/14 20:37:15:897 I|*   main  -[ENCommonEditorWebView commitEditingWithCompletion:savedByRealtimeServer:] | Saving note [no guid]/p223 length of 4225 bytes:
2018/05/14 20:37:21:902 I|*   main  -[ENCommonEditorWebView commitEditingWithCompletion:savedByRealtimeServer:] | Saving note [no guid]/p223 length of 4237 bytes:
2018/05/14 20:37:23:902 I|*   main  -[ENCommonEditorWebView commitEditingWithCompletion:savedByRealtimeServer:] | Saving note [no guid]/p223 length of 4238 bytes:
2018/05/14 20:37:30:903 I|*   main  -[ENCommonEditorWebView commitEditingWithCompletion:savedByRealtimeServer:] | Saving note [no guid]/p223 length of 4232 bytes:
2018/05/14 20:38:12:372 I|*   main  -[ENLinkCollectionController saveWithCompletion:] | Saving in local pref 'recentNotebooks' with 8 items, previously 8 items
2018/05/14 20:38:12:411 I|*   main  -[ENCommonEditorWebView closeNote:] | Close note <ENMacNoteMO 0x7f8f05869cd0> MOID:0x37c0002b <x-coredata://6B042D32-6611-46E6-A847-601106F4A699/ENNote/p223> GUID:[local] Title:Morning Thoughts Account:(null) USN:726 Hash:<ff36dd52 64e23269 6c76f970 82f9e914> Length:4232
2018/05/14 20:38:12:448 I|*   main  -[ENCommonEditorWebView closeNote:] | Close note (null)
2018/05/14 20:38:12:448 I|*   main  -[ENCommonEditorWebView openNote:] | Prepare note view for: dirty=1 usn=0 | <ENMacNoteMO 0x7f8f07624be0> MOID:0xb340002b <x-coredata://6B042D32-6611-46E6-A847-601106F4A699/ENNote/p717> GUID:[local] Title:WordPress Theme Account:(null) USN:0 Hash:<37be6956 51278edc 18b46431 b26bde18> Length:7669 <ENCommonEditorWebView: 0x7f8f09b52e20>
2018/05/14 20:38:12:448 I|*   main  -[ENCommonEditorWebView openNote:] | Loading web view frame from URL evernotecid://6B042D32-6611-46E6-A847-601106F4A699/wwwevernotecom/100389449/ENNote/p717 <ENCommonEditorWebView: 0x7f8f09b52e20>
2018/05/14 20:38:12:448 I|*   main  -[ENCommonEditorWebView updateViewFromNoteContent] | Prepare loading note content, dirty=1 usn=0 <ENCommonEditorWebView: 0x7f8f09b52e20> <ENMacNoteMO 0x7f8f07624be0> MOID:0xb340002b <x-coredata://6B042D32-6611-46E6-A847-601106F4A699/ENNote/p717> GUID:[local] Title:WordPress Theme Account:(null) USN:0 Hash:<37be6956 51278edc 18b46431 b26bde18> Length:7669
2018/05/14 20:38:12:589 W|**  main  -[ENCommonEditorWebView updateViewFromNoteContent]_block_invoke_2 | Editor not setup, caching enml <ENCommonEditorWebView: 0x7f8f09b52e20> <ENMacNoteMO 0x7f8f07624be0> MOID:0xb340002b <x-coredata://6B042D32-6611-46E6-A847-601106F4A699/ENNote/p717> GUID:[local] Title:WordPress Theme Account:(null) USN:0 Hash:<37be6956 51278edc 18b46431 b26bde18> Length:7669
2018/05/14 20:38:17:389 I|*   main  -[ENLinkCollectionController saveWithCompletion:] | Saving in local pref 'recentNotebooks' with 8 items, previously 8 items
2018/05/14 20:38:17:415 I|*   main  -[ENCommonEditorWebView closeNote:] | Close note <ENMacNoteMO 0x7f8f07624be0> MOID:0xb340002b <x-coredata://6B042D32-6611-46E6-A847-601106F4A699/ENNote/p717> GUID:[local] Title:WordPress Theme Account:(null) USN:0 Hash:<37be6956 51278edc 18b46431 b26bde18> Length:7669
2018/05/14 20:38:17:449 I|*   main  -[ENCommonEditorWebView closeNote:] | Close note (null)
2018/05/14 20:38:17:449 I|*   main  -[ENCommonEditorWebView openNote:] | Prepare note view for: dirty=1 usn=2273 | <ENMacNoteMO 0x7f8f07402fe0> MOID:0x8380002b <x-coredata://6B042D32-6611-46E6-A847-601106F4A699/ENNote/p526> GUID:[local] Title:Top DevOps Interview Questions You Must Prepare For in 2017 | Edureka Blog Account:(null) USN:2273 Hash:<08e6c2c2 670cc26c 3cadf5c4 b56d8d7f> Length:93011 <ENCommonEditorWebView: 0x7f8f0a098320>
2018/05/14 20:38:17:450 I|*   main  -[ENCommonEditorWebView openNote:] | Loading web view frame from URL evernotecid://6B042D32-6611-46E6-A847-601106F4A699/wwwevernotecom/100389449/ENNote/p526 <ENCommonEditorWebView: 0x7f8f0a098320>
2018/05/14 20:38:17:450 I|*   main  -[ENCommonEditorWebView updateViewFromNoteContent] | Prepare loading note content, dirty=1 usn=2273 <ENCommonEditorWebView: 0x7f8f0a098320> <ENMacNoteMO 0x7f8f07402fe0> MOID:0x8380002b <x-coredata://6B042D32-6611-46E6-A847-601106F4A699/ENNote/p526> GUID:[local] Title:Top DevOps Interview Questions You Must Prepare For in 2017 | Edureka Blog Account:(null) USN:2273 Hash:<08e6c2c2 670cc26c 3cadf5c4 b56d8d7f> Length:93011
2018/05/14 20:38:17:704 W|**  main  -[ENCommonEditorWebView updateViewFromNoteContent]_block_invoke_2 | Editor not setup, caching enml <ENCommonEditorWebView: 0x7f8f0a098320> <ENMacNoteMO 0x7f8f07402fe0> MOID:0x8380002b <x-coredata://6B042D32-6611-46E6-A847-601106F4A699/ENNote/p526> GUID:[local] Title:Top DevOps Interview Questions You Must Prepare For in 2017 | Edureka Blog Account:(null) USN:2273 Hash:<08e6c2c2 670cc26c 3cadf5c4 b56d8d7f> Length:93011
2018/05/14 20:38:27:987 I|*   main  -[ENLinkCollectionController saveWithCompletion:] | Saving in local pref 'recentNotebooks' with 8 items, previously 8 items
2018/05/14 20:38:28:016 I|*   main  -[ENCommonEditorWebView closeNote:] | Close note <ENMacNoteMO 0x7f8f07402fe0> MOID:0x8380002b <x-coredata://6B042D32-6611-46E6-A847-601106F4A699/ENNote/p526> GUID:[local] Title:Top DevOps Interview Questions You Must Prepare For in 2017 | Edureka Blog Account:(null) USN:2273 Hash:<08e6c2c2 670cc26c 3cadf5c4 b56d8d7f> Length:93011
2018/05/14 20:38:28:052 I|*   main  -[ENCommonEditorWebView closeNote:] | Close note (null)
2018/05/14 20:38:28:052 I|*   main  -[ENCommonEditorWebView openNote:] | Prepare note view for: dirty=1 usn=0 | <ENMacNoteMO 0x7f8f061272f0> MOID:0xae00002b <x-coredata://6B042D32-6611-46E6-A847-601106F4A699/ENNote/p696> GUID:[local] Title:Wordpress-Theme Account:(null) USN:0 Hash:<7105cbc5 ade7a69e 253aa268 3e354fdc> Length:44550 <ENCommonEditorWebView: 0x7f8f0a101110>
2018/05/14 20:38:28:052 I|*   main  -[ENCommonEditorWebView openNote:] | Loading web view frame from URL evernotecid://6B042D32-6611-46E6-A847-601106F4A699/wwwevernotecom/100389449/ENNote/p696 <ENCommonEditorWebView: 0x7f8f0a101110>
2018/05/14 20:38:28:052 I|*   main  -[ENCommonEditorWebView updateViewFromNoteContent] | Prepare loading note content, dirty=1 usn=0 <ENCommonEditorWebView: 0x7f8f0a101110> <ENMacNoteMO 0x7f8f061272f0> MOID:0xae00002b <x-coredata://6B042D32-6611-46E6-A847-601106F4A699/ENNote/p696> GUID:[local] Title:Wordpress-Theme Account:(null) USN:0 Hash:<7105cbc5 ade7a69e 253aa268 3e354fdc> Length:44550
2018/05/14 20:38:28:159 W|**  main  -[ENCommonEditorWebView updateViewFromNoteContent]_block_invoke_2 | Editor not setup, caching enml <ENCommonEditorWebView: 0x7f8f0a101110> <ENMacNoteMO 0x7f8f061272f0> MOID:0xae00002b <x-coredata://6B042D32-6611-46E6-A847-601106F4A699/ENNote/p696> GUID:[local] Title:Wordpress-Theme Account:(null) USN:0 Hash:<7105cbc5 ade7a69e 253aa268 3e354fdc> Length:44550
2018/05/14 20:38:34:714 I|*   main  -[ENLinkCollectionController saveWithCompletion:] | Saving in local pref 'recentNotebooks' with 8 items, previously 8 items
2018/05/14 20:38:34:741 I|*   main  -[ENCommonEditorWebView closeNote:] | Close note <ENMacNoteMO 0x7f8f061272f0> MOID:0xae00002b <x-coredata://6B042D32-6611-46E6-A847-601106F4A699/ENNote/p696> GUID:[local] Title:Wordpress-Theme Account:(null) USN:0 Hash:<7105cbc5 ade7a69e 253aa268 3e354fdc> Length:44550
2018/05/14 20:38:34:776 I|*   main  -[ENCommonEditorWebView closeNote:] | Close note (null)
2018/05/14 20:38:34:776 I|*   main  -[ENCommonEditorWebView openNote:] | Prepare note view for: dirty=1 usn=0 | <ENMacNoteMO 0x7f8f076c4090> MOID:0xc100002b <x-coredata://6B042D32-6611-46E6-A847-601106F4A699/ENNote/p772> GUID:[local] Title:Vim Tutorials Account:(null) USN:0 Hash:<d697a70e 205fb9e6 937e7843 bb0eb542> Length:1592 <ENCommonEditorWebView: 0x7f8f09baa0d0>
2018/05/14 20:38:34:776 I|*   main  -[ENCommonEditorWebView openNote:] | Loading web view frame from URL evernotecid://6B042D32-6611-46E6-A847-601106F4A699/wwwevernotecom/100389449/ENNote/p772 <ENCommonEditorWebView: 0x7f8f09baa0d0>
2018/05/14 20:38:34:776 I|*   main  -[ENCommonEditorWebView updateViewFromNoteContent] | Prepare loading note content, dirty=1 usn=0 <ENCommonEditorWebView: 0x7f8f09baa0d0> <ENMacNoteMO 0x7f8f076c4090> MOID:0xc100002b <x-coredata://6B042D32-6611-46E6-A847-601106F4A699/ENNote/p772> GUID:[local] Title:Vim Tutorials Account:(null) USN:0 Hash:<d697a70e 205fb9e6 937e7843 bb0eb542> Length:1592
2018/05/14 20:38:34:888 W|**  main  -[ENCommonEditorWebView updateViewFromNoteContent]_block_invoke_2 | Editor not setup, caching enml <ENCommonEditorWebView: 0x7f8f09baa0d0> <ENMacNoteMO 0x7f8f076c4090> MOID:0xc100002b <x-coredata://6B042D32-6611-46E6-A847-601106F4A699/ENNote/p772> GUID:[local] Title:Vim Tutorials Account:(null) USN:0 Hash:<d697a70e 205fb9e6 937e7843 bb0eb542> Length:1592
2018/05/14 20:38:40:031 I|*   main  -[ENCommonEditorWebView closeNote:] | Close note <ENMacNoteMO 0x7f8f076c4090> MOID:0xc100002b <x-coredata://6B042D32-6611-46E6-A847-601106F4A699/ENNote/p772> GUID:[local] Title:Vim Tutorials Account:(null) USN:0 Hash:<d697a70e 205fb9e6 937e7843 bb0eb542> Length:1592
2018/05/14 20:38:40:044 I|*   main  -[ENCommonEditorWebView closeNote:] | Close note (null)
2018/05/14 20:38:40:044 I|*   main  -[ENCommonEditorWebView openNote:] | Prepare note view for: dirty=1 usn=0 | <ENMacNoteMO 0x7f8f09fe4be0> MOID:0xc800002b <x-coredata://6B042D32-6611-46E6-A847-601106F4A699/ENNote/p800> GUID:[local] Title:Untitled Account:(null) USN:0 Hash:<db9f8960 09abee36 ad2497c7 b7495890> Length:132 <ENCommonEditorWebView: 0x7f8f0a16c860>
2018/05/14 20:38:40:044 I|*   main  -[ENCommonEditorWebView openNote:] | Loading web view frame from URL evernotecid://6B042D32-6611-46E6-A847-601106F4A699/wwwevernotecom/100389449/ENNote/p800 <ENCommonEditorWebView: 0x7f8f0a16c860>
2018/05/14 20:38:40:044 I|*   main  -[ENCommonEditorWebView updateViewFromNoteContent] | Prepare loading note content, dirty=1 usn=0 <ENCommonEditorWebView: 0x7f8f0a16c860> <ENMacNoteMO 0x7f8f09fe4be0> MOID:0xc800002b <x-coredata://6B042D32-6611-46E6-A847-601106F4A699/ENNote/p800> GUID:[local] Title:Untitled Account:(null) USN:0 Hash:<db9f8960 09abee36 ad2497c7 b7495890> Length:132
2018/05/14 20:38:40:148 W|**  main  -[ENCommonEditorWebView updateViewFromNoteContent]_block_invoke_2 | Editor not setup, caching enml <ENCommonEditorWebView: 0x7f8f0a16c860> <ENMacNoteMO 0x7f8f09fe4be0> MOID:0xc800002b <x-coredata://6B042D32-6611-46E6-A847-601106F4A699/ENNote/p800> GUID:[local] Title:Untitled Account:(null) USN:0 Hash:<db9f8960 09abee36 ad2497c7 b7495890> Length:132
2018/05/14 20:38:52:443 I|*   main  -[ENLinkCollectionController saveWithCompletion:] | Saving in local pref 'recentNotes' with 7 items, previously 7 items
2018/05/14 20:39:07:021 I|*   main  -[ENCommonEditorWebView commitEditingWithCompletion:savedByRealtimeServer:] | Saving note [no guid]/p800 length of 134 bytes:
2018/05/14 20:39:11:966 I|*   main  -[ENCommonEditorWebView closeNote:] | Close note <ENMacNoteMO 0x7f8f09fe4be0> MOID:0xc800002b <x-coredata://6B042D32-6611-46E6-A847-601106F4A699/ENNote/p800> GUID:[local] Title:Visual Studio Code Account:(null) USN:0 Hash:<0f21ce05 ced6b614 e17c3964 650b7fe5> Length:134
2018/05/14 21:26:53:205 I|*   conn  -[ENConnectivityMonitor checkReachabilityForHost:] | Checking reachability for www.evernote.com...
2018/05/14 21:26:53:206 I|*   conn  +[ENConnectivityMonitor internetIsReachable] |   reachability result: no
2018/05/14 21:26:53:241 I|*   conn  -[ENConnectivityMonitor checkReachabilityForHost:] | Exception checking connectivity via EDAM: Internet connection appears to be offline.
2018/05/14 21:26:54:375 I|*   13298 -[ENCoreMessageSyncEngine considerPendingMessages]_block_invoke | 0 messages pending
2018/05/14 21:26:58:944 I|*   conn  -[ENConnectivityMonitor checkReachabilityForHost:] | Checking reachability for www.evernote.com...
2018/05/14 21:26:58:944 I|*   conn  +[ENConnectivityMonitor internetIsReachable] |   reachability result: OK
2018/05/14 21:26:58:983 E|*** 13299 -[ENAccountContext serverSyncStateForEdamClient:]_block_invoke | caught TTransportException: Error loading HTTP request
  userInfo = {
    error = "Error Domain=NSURLErrorDomain Code=-1003 \"A server with the specified hostname could not be found.\" UserInfo={NSUnderlyingError=0x7f8f09a2ce90 {Error Domain=kCFErrorDomainCFNetwork Code=-1003 \"A server with the specified hostname could not be found.\" UserInfo={NSErrorFailingURLStringKey=https://www.evernote.com/shard/s561/notestore, NSErrorFailingURLKey=https://www.evernote.com/shard/s561/notestore, _kCFStreamErrorCodeKey=8, _kCFStreamErrorDomainKey=12, NSLocalizedDescription=A server with the specified hostname could not be found.}}, NSErrorFailingURLStringKey=https://www.evernote.com/shard/s561/notestore, NSErrorFailingURLKey=https://www.evernote.com/shard/s561/notestore, _kCFStreamErrorDomainKey=12, _kCFStreamErrorCodeKey=8, NSLocalizedDescription=A server with the specified hostname could not be found.}";
    url = "https://www.evernote.com/shard/s561/notestore";
}
2018/05/14 21:26:58:983 E|*** 13299 -[ENAccountContext reconsiderChoiceScreenTrigger] | caught TTransportException: Error loading HTTP request
  userInfo = {
    error = "Error Domain=NSURLErrorDomain Code=-1003 \"A server with the specified hostname could not be found.\" UserInfo={NSUnderlyingError=0x7f8f09a2ce90 {Error Domain=kCFErrorDomainCFNetwork Code=-1003 \"A server with the specified hostname could not be found.\" UserInfo={NSErrorFailingURLStringKey=https://www.evernote.com/shard/s561/notestore, NSErrorFailingURLKey=https://www.evernote.com/shard/s561/notestore, _kCFStreamErrorCodeKey=8, _kCFStreamErrorDomainKey=12, NSLocalizedDescription=A server with the specified hostname could not be found.}}, NSErrorFailingURLStringKey=https://www.evernote.com/shard/s561/notestore, NSErrorFailingURLKey=https://www.evernote.com/shard/s561/notestore, _kCFStreamErrorDomainKey=12, _kCFStreamErrorCodeKey=8, NSLocalizedDescription=A server with the specified hostname could not be found.}";
    url = "https://www.evernote.com/shard/s561/notestore";
}
2018/05/14 21:54:57:409 I|*   13334 -[ENUXPuppetmaster evaluateRules] | >UXPuppetmaster< Object: <ENUXPuppetmaster: 0x7f8f037acb00> Evaluated script version: mac.180
2018/05/14 22:54:59:245 I|*   13480 -[ENUXPuppetmaster evaluateRules] | >UXPuppetmaster< Object: <ENUXPuppetmaster: 0x7f8f037acb00> Evaluated script version: mac.180
2018/05/14 23:54:57:084 I|*   13646 -[ENUXPuppetmaster evaluateRules] | >UXPuppetmaster< Object: <ENUXPuppetmaster: 0x7f8f037acb00> Evaluated script version: mac.180
2018/05/15 00:17:44:914 I|*   conn  -[ENConnectivityMonitor checkReachabilityForHost:] | Checking reachability for www.evernote.com...
2018/05/15 00:17:44:914 I|*   conn  +[ENConnectivityMonitor internetIsReachable] |   reachability result: no
2018/05/15 00:17:44:951 I|*   conn  -[ENConnectivityMonitor checkReachabilityForHost:] | Exception checking connectivity via EDAM: Internet connection appears to be offline.
2018/05/15 00:19:16:751 I|*   13721 -[ENCoreMessageSyncEngine considerPendingMessages]_block_invoke | 0 messages pending
2018/05/15 00:19:21:164 I|*   conn  -[ENConnectivityMonitor checkReachabilityForHost:] | Checking reachability for www.evernote.com...
2018/05/15 00:19:21:165 I|*   conn  +[ENConnectivityMonitor internetIsReachable] |   reachability result: OK
2018/05/15 00:19:34:367 E|*** 13721 -[ENAccountContext serverSyncStateForEdamClient:]_block_invoke | caught TTransportException: Error loading HTTP request
  userInfo = {
    error = "Error Domain=NSURLErrorDomain Code=-1003 \"A server with the specified hostname could not be found.\" UserInfo={NSUnderlyingError=0x7f8f098082e0 {Error Domain=kCFErrorDomainCFNetwork Code=-1003 \"A server with the specified hostname could not be found.\" UserInfo={NSErrorFailingURLStringKey=https://www.evernote.com/shard/s561/notestore, NSErrorFailingURLKey=https://www.evernote.com/shard/s561/notestore, _kCFStreamErrorCodeKey=8, _kCFStreamErrorDomainKey=12, NSLocalizedDescription=A server with the specified hostname could not be found.}}, NSErrorFailingURLStringKey=https://www.evernote.com/shard/s561/notestore, NSErrorFailingURLKey=https://www.evernote.com/shard/s561/notestore, _kCFStreamErrorDomainKey=12, _kCFStreamErrorCodeKey=8, NSLocalizedDescription=A server with the specified hostname could not be found.}";
    url = "https://www.evernote.com/shard/s561/notestore";
}
2018/05/15 00:19:34:368 E|*** 13721 -[ENAccountContext reconsiderChoiceScreenTrigger] | caught TTransportException: Error loading HTTP request
  userInfo = {
    error = "Error Domain=NSURLErrorDomain Code=-1003 \"A server with the specified hostname could not be found.\" UserInfo={NSUnderlyingError=0x7f8f098082e0 {Error Domain=kCFErrorDomainCFNetwork Code=-1003 \"A server with the specified hostname could not be found.\" UserInfo={NSErrorFailingURLStringKey=https://www.evernote.com/shard/s561/notestore, NSErrorFailingURLKey=https://www.evernote.com/shard/s561/notestore, _kCFStreamErrorCodeKey=8, _kCFStreamErrorDomainKey=12, NSLocalizedDescription=A server with the specified hostname could not be found.}}, NSErrorFailingURLStringKey=https://www.evernote.com/shard/s561/notestore, NSErrorFailingURLKey=https://www.evernote.com/shard/s561/notestore, _kCFStreamErrorDomainKey=12, _kCFStreamErrorCodeKey=8, NSLocalizedDescription=A server with the specified hostname could not be found.}";
    url = "https://www.evernote.com/shard/s561/notestore";
}
2018/05/15 00:21:10:471 I|*   conn  -[ENConnectivityMonitor checkReachabilityForHost:] | Checking reachability for www.evernote.com...
2018/05/15 00:21:10:471 I|*   conn  +[ENConnectivityMonitor internetIsReachable] |   reachability result: OK
2018/05/15 00:21:23:705 E|*** 13728 -[ENAccountContext serverSyncStateForEdamClient:]_block_invoke | caught TTransportException: Error loading HTTP request
  userInfo = {
    error = "Error Domain=NSURLErrorDomain Code=-1003 \"A server with the specified hostname could not be found.\" UserInfo={NSUnderlyingError=0x7f8f059f5510 {Error Domain=kCFErrorDomainCFNetwork Code=-1003 \"A server with the specified hostname could not be found.\" UserInfo={NSErrorFailingURLStringKey=https://www.evernote.com/shard/s561/notestore, NSErrorFailingURLKey=https://www.evernote.com/shard/s561/notestore, _kCFStreamErrorCodeKey=8, _kCFStreamErrorDomainKey=12, NSLocalizedDescription=A server with the specified hostname could not be found.}}, NSErrorFailingURLStringKey=https://www.evernote.com/shard/s561/notestore, NSErrorFailingURLKey=https://www.evernote.com/shard/s561/notestore, _kCFStreamErrorDomainKey=12, _kCFStreamErrorCodeKey=8, NSLocalizedDescription=A server with the specified hostname could not be found.}";
    url = "https://www.evernote.com/shard/s561/notestore";
}
2018/05/15 00:21:23:705 E|*** 13728 -[ENAccountContext reconsiderChoiceScreenTrigger] | caught TTransportException: Error loading HTTP request
  userInfo = {
    error = "Error Domain=NSURLErrorDomain Code=-1003 \"A server with the specified hostname could not be found.\" UserInfo={NSUnderlyingError=0x7f8f059f5510 {Error Domain=kCFErrorDomainCFNetwork Code=-1003 \"A server with the specified hostname could not be found.\" UserInfo={NSErrorFailingURLStringKey=https://www.evernote.com/shard/s561/notestore, NSErrorFailingURLKey=https://www.evernote.com/shard/s561/notestore, _kCFStreamErrorCodeKey=8, _kCFStreamErrorDomainKey=12, NSLocalizedDescription=A server with the specified hostname could not be found.}}, NSErrorFailingURLStringKey=https://www.evernote.com/shard/s561/notestore, NSErrorFailingURLKey=https://www.evernote.com/shard/s561/notestore, _kCFStreamErrorDomainKey=12, _kCFStreamErrorCodeKey=8, NSLocalizedDescription=A server with the specified hostname could not be found.}";
    url = "https://www.evernote.com/shard/s561/notestore";
}
2018/05/15 00:21:46:863 I|*   conn  -[ENConnectivityMonitor checkReachabilityForHost:] | Checking reachability for www.evernote.com...
2018/05/15 00:21:46:863 I|*   conn  +[ENConnectivityMonitor internetIsReachable] |   reachability result: OK
2018/05/15 00:21:57:668 I|*   conn  -[ENConnectivityMonitor checkReachabilityForHost:] | Checking reachability for www.evernote.com...
2018/05/15 00:21:57:668 I|*   conn  +[ENConnectivityMonitor internetIsReachable] |   reachability result: OK
2018/05/15 00:21:58:025 E|*** 13729 -[ENAccountContext serverSyncStateForEdamClient:]_block_invoke | caught TTransportException: Error loading HTTP request
  userInfo = {
    error = "Error Domain=NSURLErrorDomain Code=-1003 \"A server with the specified hostname could not be found.\" UserInfo={NSUnderlyingError=0x7f8f06410610 {Error Domain=kCFErrorDomainCFNetwork Code=-1003 \"A server with the specified hostname could not be found.\" UserInfo={NSErrorFailingURLStringKey=https://www.evernote.com/shard/s561/notestore, NSErrorFailingURLKey=https://www.evernote.com/shard/s561/notestore, _kCFStreamErrorCodeKey=8, _kCFStreamErrorDomainKey=12, NSLocalizedDescription=A server with the specified hostname could not be found.}}, NSErrorFailingURLStringKey=https://www.evernote.com/shard/s561/notestore, NSErrorFailingURLKey=https://www.evernote.com/shard/s561/notestore, _kCFStreamErrorDomainKey=12, _kCFStreamErrorCodeKey=8, NSLocalizedDescription=A server with the specified hostname could not be found.}";
    url = "https://www.evernote.com/shard/s561/notestore";
}
2018/05/15 00:21:58:025 E|*** 13729 -[ENAccountContext reconsiderChoiceScreenTrigger] | caught TTransportException: Error loading HTTP request
  userInfo = {
    error = "Error Domain=NSURLErrorDomain Code=-1003 \"A server with the specified hostname could not be found.\" UserInfo={NSUnderlyingError=0x7f8f06410610 {Error Domain=kCFErrorDomainCFNetwork Code=-1003 \"A server with the specified hostname could not be found.\" UserInfo={NSErrorFailingURLStringKey=https://www.evernote.com/shard/s561/notestore, NSErrorFailingURLKey=https://www.evernote.com/shard/s561/notestore, _kCFStreamErrorCodeKey=8, _kCFStreamErrorDomainKey=12, NSLocalizedDescription=A server with the specified hostname could not be found.}}, NSErrorFailingURLStringKey=https://www.evernote.com/shard/s561/notestore, NSErrorFailingURLKey=https://www.evernote.com/shard/s561/notestore, _kCFStreamErrorDomainKey=12, _kCFStreamErrorCodeKey=8, NSLocalizedDescription=A server with the specified hostname could not be found.}";
    url = "https://www.evernote.com/shard/s561/notestore";
}
2018/05/15 00:22:18:191 I|*   conn  -[ENConnectivityMonitor checkReachabilityForHost:] | Checking reachability for www.evernote.com...
2018/05/15 00:22:18:191 I|*   conn  +[ENConnectivityMonitor internetIsReachable] |   reachability result: OK
2018/05/15 00:22:24:001 I|*   conn  -[ENConnectivityMonitor checkReachabilityForHost:] | Checking reachability for www.evernote.com...
2018/05/15 00:22:24:001 I|*   conn  +[ENConnectivityMonitor internetIsReachable] |   reachability result: OK
2018/05/15 00:22:35:403 E|*** 13731 -[ENAccountContext serverSyncStateForEdamClient:]_block_invoke | caught TTransportException: Error loading HTTP request
  userInfo = {
    error = "Error Domain=NSURLErrorDomain Code=-1003 \"A server with the specified hostname could not be found.\" UserInfo={NSUnderlyingError=0x7f8f06213130 {Error Domain=kCFErrorDomainCFNetwork Code=-1003 \"A server with the specified hostname could not be found.\" UserInfo={NSErrorFailingURLStringKey=https://www.evernote.com/shard/s561/notestore, NSErrorFailingURLKey=https://www.evernote.com/shard/s561/notestore, _kCFStreamErrorCodeKey=8, _kCFStreamErrorDomainKey=12, NSLocalizedDescription=A server with the specified hostname could not be found.}}, NSErrorFailingURLStringKey=https://www.evernote.com/shard/s561/notestore, NSErrorFailingURLKey=https://www.evernote.com/shard/s561/notestore, _kCFStreamErrorDomainKey=12, _kCFStreamErrorCodeKey=8, NSLocalizedDescription=A server with the specified hostname could not be found.}";
    url = "https://www.evernote.com/shard/s561/notestore";
}
2018/05/15 00:22:35:403 E|*** 13731 -[ENAccountContext reconsiderChoiceScreenTrigger] | caught TTransportException: Error loading HTTP request
  userInfo = {
    error = "Error Domain=NSURLErrorDomain Code=-1003 \"A server with the specified hostname could not be found.\" UserInfo={NSUnderlyingError=0x7f8f06213130 {Error Domain=kCFErrorDomainCFNetwork Code=-1003 \"A server with the specified hostname could not be found.\" UserInfo={NSErrorFailingURLStringKey=https://www.evernote.com/shard/s561/notestore, NSErrorFailingURLKey=https://www.evernote.com/shard/s561/notestore, _kCFStreamErrorCodeKey=8, _kCFStreamErrorDomainKey=12, NSLocalizedDescription=A server with the specified hostname could not be found.}}, NSErrorFailingURLStringKey=https://www.evernote.com/shard/s561/notestore, NSErrorFailingURLKey=https://www.evernote.com/shard/s561/notestore, _kCFStreamErrorDomainKey=12, _kCFStreamErrorCodeKey=8, NSLocalizedDescription=A server with the specified hostname could not be found.}";
    url = "https://www.evernote.com/shard/s561/notestore";
}
2018/05/15 00:22:49:159 I|*   conn  -[ENConnectivityMonitor checkReachabilityForHost:] | Checking reachability for www.evernote.com...
2018/05/15 00:22:49:159 I|*   conn  +[ENConnectivityMonitor internetIsReachable] |   reachability result: OK
2018/05/15 00:22:52:083 I|*   conn  -[ENConnectivityMonitor checkReachabilityForHost:] | Checking reachability for www.evernote.com...
2018/05/15 00:22:52:084 I|*   conn  +[ENConnectivityMonitor internetIsReachable] |   reachability result: OK
2018/05/15 00:23:06:575 E|*** 13736 -[ENAccountContext serverSyncStateForEdamClient:]_block_invoke | caught TTransportException: Error loading HTTP request
  userInfo = {
    error = "Error Domain=NSURLErrorDomain Code=-1003 \"A server with the specified hostname could not be found.\" UserInfo={NSUnderlyingError=0x7f8f09c43050 {Error Domain=kCFErrorDomainCFNetwork Code=-1003 \"A server with the specified hostname could not be found.\" UserInfo={NSErrorFailingURLStringKey=https://www.evernote.com/shard/s561/notestore, NSErrorFailingURLKey=https://www.evernote.com/shard/s561/notestore, _kCFStreamErrorCodeKey=8, _kCFStreamErrorDomainKey=12, NSLocalizedDescription=A server with the specified hostname could not be found.}}, NSErrorFailingURLStringKey=https://www.evernote.com/shard/s561/notestore, NSErrorFailingURLKey=https://www.evernote.com/shard/s561/notestore, _kCFStreamErrorDomainKey=12, _kCFStreamErrorCodeKey=8, NSLocalizedDescription=A server with the specified hostname could not be found.}";
    url = "https://www.evernote.com/shard/s561/notestore";
}
2018/05/15 00:23:06:575 E|*** 13736 -[ENAccountContext reconsiderChoiceScreenTrigger] | caught TTransportException: Error loading HTTP request
  userInfo = {
    error = "Error Domain=NSURLErrorDomain Code=-1003 \"A server with the specified hostname could not be found.\" UserInfo={NSUnderlyingError=0x7f8f09c43050 {Error Domain=kCFErrorDomainCFNetwork Code=-1003 \"A server with the specified hostname could not be found.\" UserInfo={NSErrorFailingURLStringKey=https://www.evernote.com/shard/s561/notestore, NSErrorFailingURLKey=https://www.evernote.com/shard/s561/notestore, _kCFStreamErrorCodeKey=8, _kCFStreamErrorDomainKey=12, NSLocalizedDescription=A server with the specified hostname could not be found.}}, NSErrorFailingURLStringKey=https://www.evernote.com/shard/s561/notestore, NSErrorFailingURLKey=https://www.evernote.com/shard/s561/notestore, _kCFStreamErrorDomainKey=12, _kCFStreamErrorCodeKey=8, NSLocalizedDescription=A server with the specified hostname could not be found.}";
    url = "https://www.evernote.com/shard/s561/notestore";
}
2018/05/15 00:23:26:962 I|*   conn  -[ENConnectivityMonitor checkReachabilityForHost:] | Checking reachability for www.evernote.com...
2018/05/15 00:23:26:962 I|*   conn  +[ENConnectivityMonitor internetIsReachable] |   reachability result: OK
2018/05/15 00:25:38:454 I|*   conn  -[ENConnectivityMonitor checkReachabilityForHost:] | Checking reachability for www.evernote.com...
2018/05/15 00:25:38:454 I|*   conn  +[ENConnectivityMonitor internetIsReachable] |   reachability result: no
2018/05/15 00:25:38:607 I|*   conn  -[ENConnectivityMonitor checkReachabilityForHost:] | Exception checking connectivity via EDAM: Internet connection appears to be offline.
2018/05/15 00:25:44:005 I|*   13756 -[ENCoreMessageSyncEngine considerPendingMessages]_block_invoke | 0 messages pending
2018/05/15 00:25:48:600 I|*   conn  -[ENConnectivityMonitor checkReachabilityForHost:] | Checking reachability for www.evernote.com...
2018/05/15 00:25:48:600 I|*   conn  +[ENConnectivityMonitor internetIsReachable] |   reachability result: OK
2018/05/15 00:26:01:872 E|*** 13749 -[ENAccountContext serverSyncStateForEdamClient:]_block_invoke | caught TTransportException: Error loading HTTP request
  userInfo = {
    error = "Error Domain=NSURLErrorDomain Code=-1003 \"A server with the specified hostname could not be found.\" UserInfo={NSUnderlyingError=0x7f8f098f1170 {Error Domain=kCFErrorDomainCFNetwork Code=-1003 \"A server with the specified hostname could not be found.\" UserInfo={NSErrorFailingURLStringKey=https://www.evernote.com/shard/s561/notestore, NSErrorFailingURLKey=https://www.evernote.com/shard/s561/notestore, _kCFStreamErrorCodeKey=8, _kCFStreamErrorDomainKey=12, NSLocalizedDescription=A server with the specified hostname could not be found.}}, NSErrorFailingURLStringKey=https://www.evernote.com/shard/s561/notestore, NSErrorFailingURLKey=https://www.evernote.com/shard/s561/notestore, _kCFStreamErrorDomainKey=12, _kCFStreamErrorCodeKey=8, NSLocalizedDescription=A server with the specified hostname could not be found.}";
    url = "https://www.evernote.com/shard/s561/notestore";
}
2018/05/15 00:26:01:872 E|*** 13749 -[ENAccountContext reconsiderChoiceScreenTrigger] | caught TTransportException: Error loading HTTP request
  userInfo = {
    error = "Error Domain=NSURLErrorDomain Code=-1003 \"A server with the specified hostname could not be found.\" UserInfo={NSUnderlyingError=0x7f8f098f1170 {Error Domain=kCFErrorDomainCFNetwork Code=-1003 \"A server with the specified hostname could not be found.\" UserInfo={NSErrorFailingURLStringKey=https://www.evernote.com/shard/s561/notestore, NSErrorFailingURLKey=https://www.evernote.com/shard/s561/notestore, _kCFStreamErrorCodeKey=8, _kCFStreamErrorDomainKey=12, NSLocalizedDescription=A server with the specified hostname could not be found.}}, NSErrorFailingURLStringKey=https://www.evernote.com/shard/s561/notestore, NSErrorFailingURLKey=https://www.evernote.com/shard/s561/notestore, _kCFStreamErrorDomainKey=12, _kCFStreamErrorCodeKey=8, NSLocalizedDescription=A server with the specified hostname could not be found.}";
    url = "https://www.evernote.com/shard/s561/notestore";
}
2018/05/15 00:27:23:526 I|*   main  -[ENCommonEditorWebView closeNote:] | Close note (null)
2018/05/15 00:27:23:526 I|*   main  -[ENCommonEditorWebView openNote:] | Prepare note view for: dirty=0 usn=93 | <ENMacNoteMO 0x7f8f0350d270> MOID:0x300002b <x-coredata://6B042D32-6611-46E6-A847-601106F4A699/ENNote/p12> GUID:5c48b0b7-1988-4c81-90e7-07e91fc0df41 Title:ZFS: You should use mirror vdevs, not RAIDZ. | JRS Systems: the blog Account:(null) USN:93 Hash:<a7ac89af c5b9af79 ba90de4b 20e74a72> Length:82702 <ENCommonEditorWebView: 0x7f8f098edc50>
2018/05/15 00:27:23:526 I|*   main  -[ENCommonEditorWebView openNote:] | Loading web view frame from URL evernotecid://6B042D32-6611-46E6-A847-601106F4A699/wwwevernotecom/100389449/ENNote/p12 <ENCommonEditorWebView: 0x7f8f098edc50>
2018/05/15 00:27:23:526 I|*   main  -[ENCommonEditorWebView updateViewFromNoteContent] | Prepare loading note content, dirty=0 usn=93 <ENCommonEditorWebView: 0x7f8f098edc50> <ENMacNoteMO 0x7f8f0350d270> MOID:0x300002b <x-coredata://6B042D32-6611-46E6-A847-601106F4A699/ENNote/p12> GUID:5c48b0b7-1988-4c81-90e7-07e91fc0df41 Title:ZFS: You should use mirror vdevs, not RAIDZ. | JRS Systems: the blog Account:(null) USN:93 Hash:<a7ac89af c5b9af79 ba90de4b 20e74a72> Length:82702
2018/05/15 00:27:23:782 W|**  main  -[ENCommonEditorWebView updateViewFromNoteContent]_block_invoke_2 | Editor not setup, caching enml <ENCommonEditorWebView: 0x7f8f098edc50> <ENMacNoteMO 0x7f8f0350d270> MOID:0x300002b <x-coredata://6B042D32-6611-46E6-A847-601106F4A699/ENNote/p12> GUID:5c48b0b7-1988-4c81-90e7-07e91fc0df41 Title:ZFS: You should use mirror vdevs, not RAIDZ. | JRS Systems: the blog Account:(null) USN:93 Hash:<a7ac89af c5b9af79 ba90de4b 20e74a72> Length:82702
2018/05/15 00:27:23:793 I|*   main  -[ENCommonEditorWebView closeNote:] | Close note <ENMacNoteMO 0x7f8f0350d270> MOID:0x300002b <x-coredata://6B042D32-6611-46E6-A847-601106F4A699/ENNote/p12> GUID:5c48b0b7-1988-4c81-90e7-07e91fc0df41 Title:ZFS: You should use mirror vdevs, not RAIDZ. | JRS Systems: the blog Account:(null) USN:93 Hash:<a7ac89af c5b9af79 ba90de4b 20e74a72> Length:82702
2018/05/15 00:27:23:832 I|*   main  -[ENCommonEditorWebView closeNote:] | Close note (null)
2018/05/15 00:27:23:832 I|*   main  -[ENCommonEditorWebView openNote:] | Prepare note view for: dirty=1 usn=0 | <ENMacNoteMO 0x7f8f09fe4be0> MOID:0xc800002b <x-coredata://6B042D32-6611-46E6-A847-601106F4A699/ENNote/p800> GUID:[local] Title:Visual Studio Code Account:(null) USN:0 Hash:<0f21ce05 ced6b614 e17c3964 650b7fe5> Length:134 <ENCommonEditorWebView: 0x7f8f0656ae00>
2018/05/15 00:27:23:832 I|*   main  -[ENCommonEditorWebView openNote:] | Loading web view frame from URL evernotecid://6B042D32-6611-46E6-A847-601106F4A699/wwwevernotecom/100389449/ENNote/p800 <ENCommonEditorWebView: 0x7f8f0656ae00>
2018/05/15 00:27:23:832 I|*   main  -[ENCommonEditorWebView updateViewFromNoteContent] | Prepare loading note content, dirty=1 usn=0 <ENCommonEditorWebView: 0x7f8f0656ae00> <ENMacNoteMO 0x7f8f09fe4be0> MOID:0xc800002b <x-coredata://6B042D32-6611-46E6-A847-601106F4A699/ENNote/p800> GUID:[local] Title:Visual Studio Code Account:(null) USN:0 Hash:<0f21ce05 ced6b614 e17c3964 650b7fe5> Length:134
2018/05/15 00:27:23:837 I|*   main  -[ENCommonEditorWebView updateViewFromNoteContent] | Skipping reload of identical HTML: <ENCommonEditorWebView: 0x7f8f0656ae00> <ENMacNoteMO 0x7f8f09fe4be0> MOID:0xc800002b <x-coredata://6B042D32-6611-46E6-A847-601106F4A699/ENNote/p800> GUID:[local] Title:Visual Studio Code Account:(null) USN:0 Hash:<0f21ce05 ced6b614 e17c3964 650b7fe5> Length:134
2018/05/15 00:27:23:932 W|**  main  -[ENCommonEditorWebView updateViewFromNoteContent]_block_invoke_2 | Editor not setup, caching enml <ENCommonEditorWebView: 0x7f8f0656ae00> <ENMacNoteMO 0x7f8f09fe4be0> MOID:0xc800002b <x-coredata://6B042D32-6611-46E6-A847-601106F4A699/ENNote/p800> GUID:[local] Title:Visual Studio Code Account:(null) USN:0 Hash:<0f21ce05 ced6b614 e17c3964 650b7fe5> Length:134
2018/05/15 00:27:24:314 E|*** 13760 -[ENAccountContext serverSyncStateForEdamClient:]_block_invoke | caught TTransportException: Error loading HTTP request
  userInfo = {
    error = "Error Domain=NSURLErrorDomain Code=-1003 \"A server with the specified hostname could not be found.\" UserInfo={NSUnderlyingError=0x7f8f05d0d700 {Error Domain=kCFErrorDomainCFNetwork Code=-1003 \"A server with the specified hostname could not be found.\" UserInfo={NSErrorFailingURLStringKey=https://www.evernote.com/shard/s561/notestore, NSErrorFailingURLKey=https://www.evernote.com/shard/s561/notestore, _kCFStreamErrorCodeKey=8, _kCFStreamErrorDomainKey=12, NSLocalizedDescription=A server with the specified hostname could not be found.}}, NSErrorFailingURLStringKey=https://www.evernote.com/shard/s561/notestore, NSErrorFailingURLKey=https://www.evernote.com/shard/s561/notestore, _kCFStreamErrorDomainKey=12, _kCFStreamErrorCodeKey=8, NSLocalizedDescription=A server with the specified hostname could not be found.}";
    url = "https://www.evernote.com/shard/s561/notestore";
}
2018/05/15 00:27:24:349 E|*** 13760 -[ENPromotionsController fetchPromotionStatusForIDs:withCompletion:]_block_invoke_2 | Exception: TTransportException: Error loading HTTP request
  userInfo = {
    error = "Error Domain=NSURLErrorDomain Code=-1003 \"A server with the specified hostname could not be found.\" UserInfo={NSUnderlyingError=0x7f8f05db4020 {Error Domain=kCFErrorDomainCFNetwork Code=-1003 \"A server with the specified hostname could not be found.\" UserInfo={NSErrorFailingURLStringKey=https://www.evernote.com/shard/s561/utility, NSErrorFailingURLKey=https://www.evernote.com/shard/s561/utility, _kCFStreamErrorCodeKey=8, _kCFStreamErrorDomainKey=12, NSLocalizedDescription=A server with the specified hostname could not be found.}}, NSErrorFailingURLStringKey=https://www.evernote.com/shard/s561/utility, NSErrorFailingURLKey=https://www.evernote.com/shard/s561/utility, _kCFStreamErrorDomainKey=12, _kCFStreamErrorCodeKey=8, NSLocalizedDescription=A server with the specified hostname could not be found.}";
    url = "https://www.evernote.com/shard/s561/utility";
}
2018/05/15 00:27:24:383 E|*** 13760 -[ENPromotionsController fetchPromotionStatusForIDs:withCompletion:]_block_invoke_2 | Exception: TTransportException: Error loading HTTP request
  userInfo = {
    error = "Error Domain=NSURLErrorDomain Code=-1003 \"A server with the specified hostname could not be found.\" UserInfo={NSUnderlyingError=0x7f8f09339940 {Error Domain=kCFErrorDomainCFNetwork Code=-1003 \"A server with the specified hostname could not be found.\" UserInfo={NSErrorFailingURLStringKey=https://www.evernote.com/shard/s561/utility, NSErrorFailingURLKey=https://www.evernote.com/shard/s561/utility, _kCFStreamErrorCodeKey=8, _kCFStreamErrorDomainKey=12, NSLocalizedDescription=A server with the specified hostname could not be found.}}, NSErrorFailingURLStringKey=https://www.evernote.com/shard/s561/utility, NSErrorFailingURLKey=https://www.evernote.com/shard/s561/utility, _kCFStreamErrorDomainKey=12, _kCFStreamErrorCodeKey=8, NSLocalizedDescription=A server with the specified hostname could not be found.}";
    url = "https://www.evernote.com/shard/s561/utility";
}
2018/05/15 00:27:27:370 I|*   main  -[ENLinkCollectionController saveWithCompletion:] | Saving in local pref 'recentNotebooks' with 8 items, previously 8 items
2018/05/15 00:27:27:404 I|*   main  -[ENCommonEditorWebView closeNote:] | Close note <ENMacNoteMO 0x7f8f09fe4be0> MOID:0xc800002b <x-coredata://6B042D32-6611-46E6-A847-601106F4A699/ENNote/p800> GUID:[local] Title:Visual Studio Code Account:(null) USN:0 Hash:<0f21ce05 ced6b614 e17c3964 650b7fe5> Length:134
2018/05/15 00:27:27:438 I|*   main  -[ENCommonEditorWebView closeNote:] | Close note (null)
2018/05/15 00:27:27:438 I|*   main  -[ENCommonEditorWebView openNote:] | Prepare note view for: dirty=1 usn=0 | <ENMacNoteMO 0x7f8f09093ee0> MOID:0xb200002b <x-coredata://6B042D32-6611-46E6-A847-601106F4A699/ENNote/p712> GUID:[local] Title:VPN Ports Account:(null) USN:0 Hash:<3d0a245d e80855c4 96df01cb 8d0d141d> Length:6992 <ENCommonEditorWebView: 0x7f8f0a2c8820>
2018/05/15 00:27:27:438 I|*   main  -[ENCommonEditorWebView openNote:] | Loading web view frame from URL evernotecid://6B042D32-6611-46E6-A847-601106F4A699/wwwevernotecom/100389449/ENNote/p712 <ENCommonEditorWebView: 0x7f8f0a2c8820>
2018/05/15 00:27:27:438 I|*   main  -[ENCommonEditorWebView updateViewFromNoteContent] | Prepare loading note content, dirty=1 usn=0 <ENCommonEditorWebView: 0x7f8f0a2c8820> <ENMacNoteMO 0x7f8f09093ee0> MOID:0xb200002b <x-coredata://6B042D32-6611-46E6-A847-601106F4A699/ENNote/p712> GUID:[local] Title:VPN Ports Account:(null) USN:0 Hash:<3d0a245d e80855c4 96df01cb 8d0d141d> Length:6992
2018/05/15 00:27:27:486 E|*** 13760 -[ENPromotionsController fetchPromotionStatusForIDs:withCompletion:]_block_invoke_2 | Exception: TTransportException: Error loading HTTP request
  userInfo = {
    error = "Error Domain=NSURLErrorDomain Code=-1003 \"A server with the specified hostname could not be found.\" UserInfo={NSUnderlyingError=0x7f8f098dae50 {Error Domain=kCFErrorDomainCFNetwork Code=-1003 \"A server with the specified hostname could not be found.\" UserInfo={NSErrorFailingURLStringKey=https://www.evernote.com/shard/s561/utility, NSErrorFailingURLKey=https://www.evernote.com/shard/s561/utility, _kCFStreamErrorCodeKey=8, _kCFStreamErrorDomainKey=12, NSLocalizedDescription=A server with the specified hostname could not be found.}}, NSErrorFailingURLStringKey=https://www.evernote.com/shard/s561/utility, NSErrorFailingURLKey=https://www.evernote.com/shard/s561/utility, _kCFStreamErrorDomainKey=12, _kCFStreamErrorCodeKey=8, NSLocalizedDescription=A server with the specified hostname could not be found.}";
    url = "https://www.evernote.com/shard/s561/utility";
}
2018/05/15 00:27:27:561 W|**  main  -[ENCommonEditorWebView updateViewFromNoteContent]_block_invoke_2 | Editor not setup, caching enml <ENCommonEditorWebView: 0x7f8f0a2c8820> <ENMacNoteMO 0x7f8f09093ee0> MOID:0xb200002b <x-coredata://6B042D32-6611-46E6-A847-601106F4A699/ENNote/p712> GUID:[local] Title:VPN Ports Account:(null) USN:0 Hash:<3d0a245d e80855c4 96df01cb 8d0d141d> Length:6992
2018/05/15 00:27:33:506 I|*   main  -[ENCommonEditorWebView closeNote:] | Close note <ENMacNoteMO 0x7f8f09093ee0> MOID:0xb200002b <x-coredata://6B042D32-6611-46E6-A847-601106F4A699/ENNote/p712> GUID:[local] Title:VPN Ports Account:(null) USN:0 Hash:<3d0a245d e80855c4 96df01cb 8d0d141d> Length:6992
2018/05/15 00:27:33:519 E|*** 13760 -[ENPromotionsController fetchPromotionStatusForIDs:withCompletion:]_block_invoke_2 | Exception: TTransportException: Error loading HTTP request
  userInfo = {
    error = "Error Domain=NSURLErrorDomain Code=-1003 \"A server with the specified hostname could not be found.\" UserInfo={NSUnderlyingError=0x7f8f0a27a230 {Error Domain=kCFErrorDomainCFNetwork Code=-1003 \"A server with the specified hostname could not be found.\" UserInfo={NSErrorFailingURLStringKey=https://www.evernote.com/shard/s561/utility, NSErrorFailingURLKey=https://www.evernote.com/shard/s561/utility, _kCFStreamErrorCodeKey=8, _kCFStreamErrorDomainKey=12, NSLocalizedDescription=A server with the specified hostname could not be found.}}, NSErrorFailingURLStringKey=https://www.evernote.com/shard/s561/utility, NSErrorFailingURLKey=https://www.evernote.com/shard/s561/utility, _kCFStreamErrorDomainKey=12, _kCFStreamErrorCodeKey=8, NSLocalizedDescription=A server with the specified hostname could not be found.}";
    url = "https://www.evernote.com/shard/s561/utility";
}
2018/05/15 00:27:33:522 I|*   main  -[ENCommonEditorWebView closeNote:] | Close note (null)
2018/05/15 00:27:33:522 I|*   main  -[ENCommonEditorWebView openNote:] | Prepare note view for: dirty=1 usn=0 | <ENMacNoteMO 0x7f8f07631270> MOID:0xb100002b <x-coredata://6B042D32-6611-46E6-A847-601106F4A699/ENNote/p708> GUID:[local] Title:KFH-Bell Router Info Account:(null) USN:0 Hash:<55c30c0a 3a438e74 c08082c4 022a4068> Length:1353 <ENCommonEditorWebView: 0x7f8f0a23c3b0>
2018/05/15 00:27:33:522 I|*   main  -[ENCommonEditorWebView openNote:] | Loading web view frame from URL evernotecid://6B042D32-6611-46E6-A847-601106F4A699/wwwevernotecom/100389449/ENNote/p708 <ENCommonEditorWebView: 0x7f8f0a23c3b0>
2018/05/15 00:27:33:522 I|*   main  -[ENCommonEditorWebView updateViewFromNoteContent] | Prepare loading note content, dirty=1 usn=0 <ENCommonEditorWebView: 0x7f8f0a23c3b0> <ENMacNoteMO 0x7f8f07631270> MOID:0xb100002b <x-coredata://6B042D32-6611-46E6-A847-601106F4A699/ENNote/p708> GUID:[local] Title:KFH-Bell Router Info Account:(null) USN:0 Hash:<55c30c0a 3a438e74 c08082c4 022a4068> Length:1353
2018/05/15 00:27:33:617 W|**  main  -[ENCommonEditorWebView updateViewFromNoteContent]_block_invoke_2 | Editor not setup, caching enml <ENCommonEditorWebView: 0x7f8f0a23c3b0> <ENMacNoteMO 0x7f8f07631270> MOID:0xb100002b <x-coredata://6B042D32-6611-46E6-A847-601106F4A699/ENNote/p708> GUID:[local] Title:KFH-Bell Router Info Account:(null) USN:0 Hash:<55c30c0a 3a438e74 c08082c4 022a4068> Length:1353
2018/05/15 00:30:54:007 I|*   conn  -[ENConnectivityMonitor checkReachabilityForHost:] | Checking reachability for www.evernote.com...
2018/05/15 00:30:54:008 I|*   conn  +[ENConnectivityMonitor internetIsReachable] |   reachability result: OK
2018/05/15 00:31:07:279 E|*** 13773 -[ENAccountContext serverSyncStateForEdamClient:]_block_invoke | caught TTransportException: Error loading HTTP request
  userInfo = {
    error = "Error Domain=NSURLErrorDomain Code=-1003 \"A server with the specified hostname could not be found.\" UserInfo={NSUnderlyingError=0x7f8f05fa5f60 {Error Domain=kCFErrorDomainCFNetwork Code=-1003 \"A server with the specified hostname could not be found.\" UserInfo={NSErrorFailingURLStringKey=https://www.evernote.com/shard/s561/notestore, NSErrorFailingURLKey=https://www.evernote.com/shard/s561/notestore, _kCFStreamErrorCodeKey=8, _kCFStreamErrorDomainKey=12, NSLocalizedDescription=A server with the specified hostname could not be found.}}, NSErrorFailingURLStringKey=https://www.evernote.com/shard/s561/notestore, NSErrorFailingURLKey=https://www.evernote.com/shard/s561/notestore, _kCFStreamErrorDomainKey=12, _kCFStreamErrorCodeKey=8, NSLocalizedDescription=A server with the specified hostname could not be found.}";
    url = "https://www.evernote.com/shard/s561/notestore";
}
2018/05/15 00:31:07:279 E|*** 13773 -[ENAccountContext reconsiderChoiceScreenTrigger] | caught TTransportException: Error loading HTTP request
  userInfo = {
    error = "Error Domain=NSURLErrorDomain Code=-1003 \"A server with the specified hostname could not be found.\" UserInfo={NSUnderlyingError=0x7f8f05fa5f60 {Error Domain=kCFErrorDomainCFNetwork Code=-1003 \"A server with the specified hostname could not be found.\" UserInfo={NSErrorFailingURLStringKey=https://www.evernote.com/shard/s561/notestore, NSErrorFailingURLKey=https://www.evernote.com/shard/s561/notestore, _kCFStreamErrorCodeKey=8, _kCFStreamErrorDomainKey=12, NSLocalizedDescription=A server with the specified hostname could not be found.}}, NSErrorFailingURLStringKey=https://www.evernote.com/shard/s561/notestore, NSErrorFailingURLKey=https://www.evernote.com/shard/s561/notestore, _kCFStreamErrorDomainKey=12, _kCFStreamErrorCodeKey=8, NSLocalizedDescription=A server with the specified hostname could not be found.}";
    url = "https://www.evernote.com/shard/s561/notestore";
}
2018/05/15 00:35:24:513 I|*   conn  -[ENConnectivityMonitor checkReachabilityForHost:] | Checking reachability for www.evernote.com...
2018/05/15 00:35:24:513 I|*   conn  +[ENConnectivityMonitor internetIsReachable] |   reachability result: OK
2018/05/15 00:35:25:587 E|*** 13777 -[ENAccountContext serverSyncStateForEdamClient:]_block_invoke | caught TTransportException: Error loading HTTP request
  userInfo = {
    error = "Error Domain=NSURLErrorDomain Code=-1003 \"A server with the specified hostname could not be found.\" UserInfo={NSUnderlyingError=0x7f8f0a2f4ac0 {Error Domain=kCFErrorDomainCFNetwork Code=-1003 \"A server with the specified hostname could not be found.\" UserInfo={NSErrorFailingURLStringKey=https://www.evernote.com/shard/s561/notestore, NSErrorFailingURLKey=https://www.evernote.com/shard/s561/notestore, _kCFStreamErrorCodeKey=8, _kCFStreamErrorDomainKey=12, NSLocalizedDescription=A server with the specified hostname could not be found.}}, NSErrorFailingURLStringKey=https://www.evernote.com/shard/s561/notestore, NSErrorFailingURLKey=https://www.evernote.com/shard/s561/notestore, _kCFStreamErrorDomainKey=12, _kCFStreamErrorCodeKey=8, NSLocalizedDescription=A server with the specified hostname could not be found.}";
    url = "https://www.evernote.com/shard/s561/notestore";
}
2018/05/15 00:35:25:587 E|*** 13777 -[ENAccountContext reconsiderChoiceScreenTrigger] | caught TTransportException: Error loading HTTP request
  userInfo = {
    error = "Error Domain=NSURLErrorDomain Code=-1003 \"A server with the specified hostname could not be found.\" UserInfo={NSUnderlyingError=0x7f8f0a2f4ac0 {Error Domain=kCFErrorDomainCFNetwork Code=-1003 \"A server with the specified hostname could not be found.\" UserInfo={NSErrorFailingURLStringKey=https://www.evernote.com/shard/s561/notestore, NSErrorFailingURLKey=https://www.evernote.com/shard/s561/notestore, _kCFStreamErrorCodeKey=8, _kCFStreamErrorDomainKey=12, NSLocalizedDescription=A server with the specified hostname could not be found.}}, NSErrorFailingURLStringKey=https://www.evernote.com/shard/s561/notestore, NSErrorFailingURLKey=https://www.evernote.com/shard/s561/notestore, _kCFStreamErrorDomainKey=12, _kCFStreamErrorCodeKey=8, NSLocalizedDescription=A server with the specified hostname could not be found.}";
    url = "https://www.evernote.com/shard/s561/notestore";
}
2018/05/15 00:40:05:246 I|*   conn  -[ENConnectivityMonitor checkReachabilityForHost:] | Checking reachability for www.evernote.com...
2018/05/15 00:40:05:246 I|*   conn  +[ENConnectivityMonitor internetIsReachable] |   reachability result: OK
2018/05/15 00:40:06:310 E|*** 13792 -[ENAccountContext serverSyncStateForEdamClient:]_block_invoke | caught TTransportException: Error loading HTTP request
  userInfo = {
    error = "Error Domain=NSURLErrorDomain Code=-1003 \"A server with the specified hostname could not be found.\" UserInfo={NSUnderlyingError=0x7f8f0650b340 {Error Domain=kCFErrorDomainCFNetwork Code=-1003 \"A server with the specified hostname could not be found.\" UserInfo={NSErrorFailingURLStringKey=https://www.evernote.com/shard/s561/notestore, NSErrorFailingURLKey=https://www.evernote.com/shard/s561/notestore, _kCFStreamErrorCodeKey=8, _kCFStreamErrorDomainKey=12, NSLocalizedDescription=A server with the specified hostname could not be found.}}, NSErrorFailingURLStringKey=https://www.evernote.com/shard/s561/notestore, NSErrorFailingURLKey=https://www.evernote.com/shard/s561/notestore, _kCFStreamErrorDomainKey=12, _kCFStreamErrorCodeKey=8, NSLocalizedDescription=A server with the specified hostname could not be found.}";
    url = "https://www.evernote.com/shard/s561/notestore";
}
2018/05/15 00:40:06:310 E|*** 13792 -[ENAccountContext reconsiderChoiceScreenTrigger] | caught TTransportException: Error loading HTTP request
  userInfo = {
    error = "Error Domain=NSURLErrorDomain Code=-1003 \"A server with the specified hostname could not be found.\" UserInfo={NSUnderlyingError=0x7f8f0650b340 {Error Domain=kCFErrorDomainCFNetwork Code=-1003 \"A server with the specified hostname could not be found.\" UserInfo={NSErrorFailingURLStringKey=https://www.evernote.com/shard/s561/notestore, NSErrorFailingURLKey=https://www.evernote.com/shard/s561/notestore, _kCFStreamErrorCodeKey=8, _kCFStreamErrorDomainKey=12, NSLocalizedDescription=A server with the specified hostname could not be found.}}, NSErrorFailingURLStringKey=https://www.evernote.com/shard/s561/notestore, NSErrorFailingURLKey=https://www.evernote.com/shard/s561/notestore, _kCFStreamErrorDomainKey=12, _kCFStreamErrorCodeKey=8, NSLocalizedDescription=A server with the specified hostname could not be found.}";
    url = "https://www.evernote.com/shard/s561/notestore";
}
2018/05/15 00:40:26:819 I|*   conn  -[ENConnectivityMonitor checkReachabilityForHost:] | Checking reachability for www.evernote.com...
2018/05/15 00:40:26:819 I|*   conn  +[ENConnectivityMonitor internetIsReachable] |   reachability result: OK
2018/05/15 00:40:26:897 I|*   conn  -[ENConnectivityMonitor checkReachabilityForHost:] | Checking reachability for www.evernote.com...
2018/05/15 00:40:26:897 I|*   conn  +[ENConnectivityMonitor internetIsReachable] |   reachability result: OK
2018/05/15 00:40:27:940 E|*** 13796 -[ENAccountContext serverSyncStateForEdamClient:]_block_invoke | caught TTransportException: Error loading HTTP request
  userInfo = {
    error = "Error Domain=NSURLErrorDomain Code=-1003 \"A server with the specified hostname could not be found.\" UserInfo={NSUnderlyingError=0x7f8f099ac990 {Error Domain=kCFErrorDomainCFNetwork Code=-1003 \"A server with the specified hostname could not be found.\" UserInfo={NSErrorFailingURLStringKey=https://www.evernote.com/shard/s561/notestore, NSErrorFailingURLKey=https://www.evernote.com/shard/s561/notestore, _kCFStreamErrorCodeKey=8, _kCFStreamErrorDomainKey=12, NSLocalizedDescription=A server with the specified hostname could not be found.}}, NSErrorFailingURLStringKey=https://www.evernote.com/shard/s561/notestore, NSErrorFailingURLKey=https://www.evernote.com/shard/s561/notestore, _kCFStreamErrorDomainKey=12, _kCFStreamErrorCodeKey=8, NSLocalizedDescription=A server with the specified hostname could not be found.}";
    url = "https://www.evernote.com/shard/s561/notestore";
}
2018/05/15 00:40:27:940 E|*** 13796 -[ENAccountContext reconsiderChoiceScreenTrigger] | caught TTransportException: Error loading HTTP request
  userInfo = {
    error = "Error Domain=NSURLErrorDomain Code=-1003 \"A server with the specified hostname could not be found.\" UserInfo={NSUnderlyingError=0x7f8f099ac990 {Error Domain=kCFErrorDomainCFNetwork Code=-1003 \"A server with the specified hostname could not be found.\" UserInfo={NSErrorFailingURLStringKey=https://www.evernote.com/shard/s561/notestore, NSErrorFailingURLKey=https://www.evernote.com/shard/s561/notestore, _kCFStreamErrorCodeKey=8, _kCFStreamErrorDomainKey=12, NSLocalizedDescription=A server with the specified hostname could not be found.}}, NSErrorFailingURLStringKey=https://www.evernote.com/shard/s561/notestore, NSErrorFailingURLKey=https://www.evernote.com/shard/s561/notestore, _kCFStreamErrorDomainKey=12, _kCFStreamErrorCodeKey=8, NSLocalizedDescription=A server with the specified hostname could not be found.}";
    url = "https://www.evernote.com/shard/s561/notestore";
}
2018/05/15 00:41:19:576 I|*   conn  -[ENConnectivityMonitor checkReachabilityForHost:] | Checking reachability for www.evernote.com...
2018/05/15 00:41:19:576 I|*   conn  +[ENConnectivityMonitor internetIsReachable] |   reachability result: OK
2018/05/15 00:55:02:924 I|*   13824 -[ENUXPuppetmaster evaluateRules] | >UXPuppetmaster< Object: <ENUXPuppetmaster: 0x7f8f037acb00> Evaluated script version: mac.180
2018/05/15 00:59:48:882 I|*   main  -[ENCommonEditorWebView closeNote:] | Close note <ENMacNoteMO 0x7f8f07631270> MOID:0xb100002b <x-coredata://6B042D32-6611-46E6-A847-601106F4A699/ENNote/p708> GUID:[local] Title:KFH-Bell Router Info Account:(null) USN:0 Hash:<55c30c0a 3a438e74 c08082c4 022a4068> Length:1353
2018/05/15 00:59:48:897 I|*   main  -[ENCommonEditorWebView closeNote:] | Close note (null)
2018/05/15 00:59:48:897 I|*   main  -[ENCommonEditorWebView openNote:] | Prepare note view for: dirty=1 usn=0 | <ENMacNoteMO 0x7f8f09d251d0> MOID:0xae80002b <x-coredata://6B042D32-6611-46E6-A847-601106F4A699/ENNote/p698> GUID:[local] Title:KFH Phones Account:(null) USN:0 Hash:<969f5902 f8b49592 8f462027 5bceade5> Length:745 <ENCommonEditorWebView: 0x7f8f0a2f2160>
2018/05/15 00:59:48:897 I|*   main  -[ENCommonEditorWebView openNote:] | Loading web view frame from URL evernotecid://6B042D32-6611-46E6-A847-601106F4A699/wwwevernotecom/100389449/ENNote/p698 <ENCommonEditorWebView: 0x7f8f0a2f2160>
2018/05/15 00:59:48:897 I|*   main  -[ENCommonEditorWebView updateViewFromNoteContent] | Prepare loading note content, dirty=1 usn=0 <ENCommonEditorWebView: 0x7f8f0a2f2160> <ENMacNoteMO 0x7f8f09d251d0> MOID:0xae80002b <x-coredata://6B042D32-6611-46E6-A847-601106F4A699/ENNote/p698> GUID:[local] Title:KFH Phones Account:(null) USN:0 Hash:<969f5902 f8b49592 8f462027 5bceade5> Length:745
2018/05/15 00:59:49:019 W|**  main  -[ENCommonEditorWebView updateViewFromNoteContent]_block_invoke_2 | Editor not setup, caching enml <ENCommonEditorWebView: 0x7f8f0a2f2160> <ENMacNoteMO 0x7f8f09d251d0> MOID:0xae80002b <x-coredata://6B042D32-6611-46E6-A847-601106F4A699/ENNote/p698> GUID:[local] Title:KFH Phones Account:(null) USN:0 Hash:<969f5902 f8b49592 8f462027 5bceade5> Length:745
2018/05/15 01:05:02:873 I|*   main  -[ENNoteEditorViewController inactivityTimerFired:] | NoteLockCat editor is inactive <ENMacNoteMO 0x7f8f09d251d0> MOID:0xae80002b <x-coredata://6B042D32-6611-46E6-A847-601106F4A699/ENNote/p698> GUID:[local] Title:KFH Phones Account:(null) USN:0 Hash:<969f5902 f8b49592 8f462027 5bceade5> Length:745
2018/05/15 01:22:58:824 I|*   main  -[ENCommonEditorWebView closeNote:] | Close note <ENMacNoteMO 0x7f8f09d251d0> MOID:0xae80002b <x-coredata://6B042D32-6611-46E6-A847-601106F4A699/ENNote/p698> GUID:[local] Title:KFH Phones Account:(null) USN:0 Hash:<969f5902 f8b49592 8f462027 5bceade5> Length:745
2018/05/15 01:27:51:015 I|*   conn  -[ENConnectivityMonitor checkReachabilityForHost:] | Checking reachability for www.evernote.com...
2018/05/15 01:27:51:015 I|*   conn  +[ENConnectivityMonitor internetIsReachable] |   reachability result: no
2018/05/15 01:27:51:082 I|*   conn  -[ENConnectivityMonitor checkReachabilityForHost:] | Exception checking connectivity via EDAM: Internet connection appears to be offline.
2018/05/15 01:27:54:665 I|*   13912 -[ENCoreMessageSyncEngine considerPendingMessages]_block_invoke | 0 messages pending
2018/05/15 01:27:59:240 I|*   conn  -[ENConnectivityMonitor checkReachabilityForHost:] | Checking reachability for www.evernote.com...
2018/05/15 01:27:59:240 I|*   conn  +[ENConnectivityMonitor internetIsReachable] |   reachability result: OK
2018/05/15 01:55:02:796 I|*   13972 -[ENUXPuppetmaster evaluateRules] | >UXPuppetmaster< Object: <ENUXPuppetmaster: 0x7f8f037acb00> Evaluated script version: mac.180
2018/05/15 02:54:58:714 I|*   14018 -[ENUXPuppetmaster evaluateRules] | >UXPuppetmaster< Object: <ENUXPuppetmaster: 0x7f8f037acb00> Evaluated script version: mac.180
